CRITICAL - 2022-06-30 04:05:44 --> Call to undefined method CodeIgniter\Database\MySQLi\Result::countAllResults()
#0 D:\Kuliah\Smt 6\pemweb framework\uas\uaswf\system\CodeIgniter.php(832): App\Controllers\User->pesan()
#1 D:\Kuliah\Smt 6\pemweb framework\uas\uaswf\system\CodeIgniter.php(419): CodeIgniter\CodeIgniter->runController(Object(App\Controllers\User))
#2 D:\Kuliah\Smt 6\pemweb framework\uas\uaswf\system\CodeIgniter.php(326): CodeIgniter\CodeIgniter->handleRequest(NULL, Object(Config\Cache), false)
#3 D:\Kuliah\Smt 6\pemweb framework\uas\uaswf\public\index.php(37): CodeIgniter\CodeIgniter->run()
#4 D:\Kuliah\Smt 6\pemweb framework\uas\uaswf\system\Commands\Server\rewrite.php(43): require_once('D:\\Kuliah\\Smt 6...')
#5 {main}
CRITICAL - 2022-06-30 04:07:36 --> Undefined variable $status
#0 D:\Kuliah\Smt 6\pemweb framework\uas\uaswf\app\Views\user\reservasi.php(10): CodeIgniter\Debug\Exceptions->errorHandler(2, 'Undefined varia...', 'D:\\Kuliah\\Smt 6...', 10)
#1 D:\Kuliah\Smt 6\pemweb framework\uas\uaswf\system\View\View.php(210): include('D:\\Kuliah\\Smt 6...')
#2 D:\Kuliah\Smt 6\pemweb framework\uas\uaswf\system\View\View.php(213): CodeIgniter\View\View->CodeIgniter\View\{closure}()
#3 D:\Kuliah\Smt 6\pemweb framework\uas\uaswf\system\Common.php(1089): CodeIgniter\View\View->render('user/reservasi', Array, true)
#4 D:\Kuliah\Smt 6\pemweb framework\uas\uaswf\app\Controllers\User.php(113): view('user/reservasi', Array)
#5 D:\Kuliah\Smt 6\pemweb framework\uas\uaswf\system\CodeIgniter.php(832): App\Controllers\User->reservation()
#6 D:\Kuliah\Smt 6\pemweb framework\uas\uaswf\system\CodeIgniter.php(419): CodeIgniter\CodeIgniter->runController(Object(App\Controllers\User))
#7 D:\Kuliah\Smt 6\pemweb framework\uas\uaswf\system\CodeIgniter.php(326): CodeIgniter\CodeIgniter->handleRequest(NULL, Object(Config\Cache), false)
#8 D:\Kuliah\Smt 6\pemweb framework\uas\uaswf\public\index.php(37): CodeIgniter\CodeIgniter->run()
#9 D:\Kuliah\Smt 6\pemweb framework\uas\uaswf\system\Commands\Server\rewrite.php(43): require_once('D:\\Kuliah\\Smt 6...')
#10 {main}
CRITICAL - 2022-06-30 04:10:59 --> Undefined variable $closedLabs
#0 D:\Kuliah\Smt 6\pemweb framework\uas\uaswf\app\Views\user\reservasi.php(6): CodeIgniter\Debug\Exceptions->errorHandler(2, 'Undefined varia...', 'D:\\Kuliah\\Smt 6...', 6)
#1 D:\Kuliah\Smt 6\pemweb framework\uas\uaswf\system\View\View.php(210): include('D:\\Kuliah\\Smt 6...')
#2 D:\Kuliah\Smt 6\pemweb framework\uas\uaswf\system\View\View.php(213): CodeIgniter\View\View->CodeIgniter\View\{closure}()
#3 D:\Kuliah\Smt 6\pemweb framework\uas\uaswf\system\Common.php(1089): CodeIgniter\View\View->render('user/reservasi', Array, true)
#4 D:\Kuliah\Smt 6\pemweb framework\uas\uaswf\app\Controllers\User.php(186): view('user/reservasi', Array)
#5 D:\Kuliah\Smt 6\pemweb framework\uas\uaswf\system\CodeIgniter.php(832): App\Controllers\User->pesan()
#6 D:\Kuliah\Smt 6\pemweb framework\uas\uaswf\system\CodeIgniter.php(419): CodeIgniter\CodeIgniter->runController(Object(App\Controllers\User))
#7 D:\Kuliah\Smt 6\pemweb framework\uas\uaswf\system\CodeIgniter.php(326): CodeIgniter\CodeIgniter->handleRequest(NULL, Object(Config\Cache), false)
#8 D:\Kuliah\Smt 6\pemweb framework\uas\uaswf\public\index.php(37): CodeIgniter\CodeIgniter->run()
#9 D:\Kuliah\Smt 6\pemweb framework\uas\uaswf\system\Commands\Server\rewrite.php(43): require_once('D:\\Kuliah\\Smt 6...')
#10 {main}
ERROR - 2022-06-30 09:32:07 --> Error connecting to the database: php_network_getaddresses: getaddrinfo for mnazmiw.my.id failed: No such host is known. 
CRITICAL - 2022-06-30 09:32:07 --> Unable to connect to the database.
Main connection [MySQLi]: php_network_getaddresses: getaddrinfo for mnazmiw.my.id failed: No such host is known. 
#0 D:\Kuliah\Smt 6\pemweb framework\uas\uaswf\system\Database\BaseConnection.php(577): CodeIgniter\Database\BaseConnection->initialize()
#1 D:\Kuliah\Smt 6\pemweb framework\uas\uaswf\system\Database\BaseBuilder.php(1455): CodeIgniter\Database\BaseConnection->query('SELECT *\nFROM `...', Array, false)
#2 D:\Kuliah\Smt 6\pemweb framework\uas\uaswf\vendor\myth\auth\src\Models\LoginModel.php(61): CodeIgniter\Database\BaseBuilder->get()
#3 D:\Kuliah\Smt 6\pemweb framework\uas\uaswf\vendor\myth\auth\src\Authentication\LocalAuthenticator.php(93): Myth\Auth\Models\LoginModel->getRememberToken('16c2767537e13f3...')
#4 D:\Kuliah\Smt 6\pemweb framework\uas\uaswf\vendor\myth\auth\src\Helpers\auth_helper.php(28): Myth\Auth\Authentication\LocalAuthenticator->check()
#5 D:\Kuliah\Smt 6\pemweb framework\uas\uaswf\app\Views\index.php(34): user()
#6 D:\Kuliah\Smt 6\pemweb framework\uas\uaswf\system\View\View.php(210): include('D:\\Kuliah\\Smt 6...')
#7 D:\Kuliah\Smt 6\pemweb framework\uas\uaswf\system\View\View.php(213): CodeIgniter\View\View->CodeIgniter\View\{closure}()
#8 D:\Kuliah\Smt 6\pemweb framework\uas\uaswf\system\Common.php(1089): CodeIgniter\View\View->render('index', Array, true)
#9 D:\Kuliah\Smt 6\pemweb framework\uas\uaswf\app\Controllers\Guest.php(16): view('index')
#10 D:\Kuliah\Smt 6\pemweb framework\uas\uaswf\system\CodeIgniter.php(832): App\Controllers\Guest->index()
#11 D:\Kuliah\Smt 6\pemweb framework\uas\uaswf\system\CodeIgniter.php(419): CodeIgniter\CodeIgniter->runController(Object(App\Controllers\Guest))
#12 D:\Kuliah\Smt 6\pemweb framework\uas\uaswf\system\CodeIgniter.php(326): CodeIgniter\CodeIgniter->handleRequest(NULL, Object(Config\Cache), false)
#13 D:\Kuliah\Smt 6\pemweb framework\uas\uaswf\public\index.php(37): CodeIgniter\CodeIgniter->run()
#14 D:\Kuliah\Smt 6\pemweb framework\uas\uaswf\system\Commands\Server\rewrite.php(43): require_once('D:\\Kuliah\\Smt 6...')
#15 {main}
ERROR - 2022-06-30 09:32:18 --> Error connecting to the database: php_network_getaddresses: getaddrinfo for mnazmiw.my.id failed: No such host is known. 
CRITICAL - 2022-06-30 09:32:18 --> Unable to connect to the database.
Main connection [MySQLi]: php_network_getaddresses: getaddrinfo for mnazmiw.my.id failed: No such host is known. 
#0 D:\Kuliah\Smt 6\pemweb framework\uas\uaswf\system\Database\BaseConnection.php(577): CodeIgniter\Database\BaseConnection->initialize()
#1 D:\Kuliah\Smt 6\pemweb framework\uas\uaswf\system\Database\BaseBuilder.php(1455): CodeIgniter\Database\BaseConnection->query('SELECT *\nFROM `...', Array, false)
#2 D:\Kuliah\Smt 6\pemweb framework\uas\uaswf\vendor\myth\auth\src\Models\LoginModel.php(61): CodeIgniter\Database\BaseBuilder->get()
#3 D:\Kuliah\Smt 6\pemweb framework\uas\uaswf\vendor\myth\auth\src\Authentication\LocalAuthenticator.php(93): Myth\Auth\Models\LoginModel->getRememberToken('16c2767537e13f3...')
#4 D:\Kuliah\Smt 6\pemweb framework\uas\uaswf\vendor\myth\auth\src\Helpers\auth_helper.php(28): Myth\Auth\Authentication\LocalAuthenticator->check()
#5 D:\Kuliah\Smt 6\pemweb framework\uas\uaswf\app\Views\index.php(34): user()
#6 D:\Kuliah\Smt 6\pemweb framework\uas\uaswf\system\View\View.php(210): include('D:\\Kuliah\\Smt 6...')
#7 D:\Kuliah\Smt 6\pemweb framework\uas\uaswf\system\View\View.php(213): CodeIgniter\View\View->CodeIgniter\View\{closure}()
#8 D:\Kuliah\Smt 6\pemweb framework\uas\uaswf\system\Common.php(1089): CodeIgniter\View\View->render('index', Array, true)
#9 D:\Kuliah\Smt 6\pemweb framework\uas\uaswf\app\Controllers\Guest.php(16): view('index')
#10 D:\Kuliah\Smt 6\pemweb framework\uas\uaswf\system\CodeIgniter.php(832): App\Controllers\Guest->index()
#11 D:\Kuliah\Smt 6\pemweb framework\uas\uaswf\system\CodeIgniter.php(419): CodeIgniter\CodeIgniter->runController(Object(App\Controllers\Guest))
#12 D:\Kuliah\Smt 6\pemweb framework\uas\uaswf\system\CodeIgniter.php(326): CodeIgniter\CodeIgniter->handleRequest(NULL, Object(Config\Cache), false)
#13 D:\Kuliah\Smt 6\pemweb framework\uas\uaswf\public\index.php(37): CodeIgniter\CodeIgniter->run()
#14 D:\Kuliah\Smt 6\pemweb framework\uas\uaswf\system\Commands\Server\rewrite.php(43): require_once('D:\\Kuliah\\Smt 6...')
#15 {main}
ERROR - 2022-06-30 09:32:20 --> Error connecting to the database: php_network_getaddresses: getaddrinfo for mnazmiw.my.id failed: No such host is known. 
CRITICAL - 2022-06-30 09:32:20 --> Unable to connect to the database.
Main connection [MySQLi]: php_network_getaddresses: getaddrinfo for mnazmiw.my.id failed: No such host is known. 
#0 D:\Kuliah\Smt 6\pemweb framework\uas\uaswf\system\Database\BaseConnection.php(577): CodeIgniter\Database\BaseConnection->initialize()
#1 D:\Kuliah\Smt 6\pemweb framework\uas\uaswf\system\Database\BaseBuilder.php(1455): CodeIgniter\Database\BaseConnection->query('SELECT *\nFROM `...', Array, false)
#2 D:\Kuliah\Smt 6\pemweb framework\uas\uaswf\vendor\myth\auth\src\Models\LoginModel.php(61): CodeIgniter\Database\BaseBuilder->get()
#3 D:\Kuliah\Smt 6\pemweb framework\uas\uaswf\vendor\myth\auth\src\Authentication\LocalAuthenticator.php(93): Myth\Auth\Models\LoginModel->getRememberToken('16c2767537e13f3...')
#4 D:\Kuliah\Smt 6\pemweb framework\uas\uaswf\vendor\myth\auth\src\Helpers\auth_helper.php(28): Myth\Auth\Authentication\LocalAuthenticator->check()
#5 D:\Kuliah\Smt 6\pemweb framework\uas\uaswf\app\Views\index.php(34): user()
#6 D:\Kuliah\Smt 6\pemweb framework\uas\uaswf\system\View\View.php(210): include('D:\\Kuliah\\Smt 6...')
#7 D:\Kuliah\Smt 6\pemweb framework\uas\uaswf\system\View\View.php(213): CodeIgniter\View\View->CodeIgniter\View\{closure}()
#8 D:\Kuliah\Smt 6\pemweb framework\uas\uaswf\system\Common.php(1089): CodeIgniter\View\View->render('index', Array, true)
#9 D:\Kuliah\Smt 6\pemweb framework\uas\uaswf\app\Controllers\Guest.php(16): view('index')
#10 D:\Kuliah\Smt 6\pemweb framework\uas\uaswf\system\CodeIgniter.php(832): App\Controllers\Guest->index()
#11 D:\Kuliah\Smt 6\pemweb framework\uas\uaswf\system\CodeIgniter.php(419): CodeIgniter\CodeIgniter->runController(Object(App\Controllers\Guest))
#12 D:\Kuliah\Smt 6\pemweb framework\uas\uaswf\system\CodeIgniter.php(326): CodeIgniter\CodeIgniter->handleRequest(NULL, Object(Config\Cache), false)
#13 D:\Kuliah\Smt 6\pemweb framework\uas\uaswf\public\index.php(37): CodeIgniter\CodeIgniter->run()
#14 D:\Kuliah\Smt 6\pemweb framework\uas\uaswf\system\Commands\Server\rewrite.php(43): require_once('D:\\Kuliah\\Smt 6...')
#15 {main}
ERROR - 2022-06-30 09:32:20 --> Error connecting to the database: php_network_getaddresses: getaddrinfo for mnazmiw.my.id failed: No such host is known. 
CRITICAL - 2022-06-30 09:32:20 --> Unable to connect to the database.
Main connection [MySQLi]: php_network_getaddresses: getaddrinfo for mnazmiw.my.id failed: No such host is known. 
#0 D:\Kuliah\Smt 6\pemweb framework\uas\uaswf\system\Database\BaseConnection.php(577): CodeIgniter\Database\BaseConnection->initialize()
#1 D:\Kuliah\Smt 6\pemweb framework\uas\uaswf\system\Database\BaseBuilder.php(1455): CodeIgniter\Database\BaseConnection->query('SELECT *\nFROM `...', Array, false)
#2 D:\Kuliah\Smt 6\pemweb framework\uas\uaswf\vendor\myth\auth\src\Models\LoginModel.php(61): CodeIgniter\Database\BaseBuilder->get()
#3 D:\Kuliah\Smt 6\pemweb framework\uas\uaswf\vendor\myth\auth\src\Authentication\LocalAuthenticator.php(93): Myth\Auth\Models\LoginModel->getRememberToken('16c2767537e13f3...')
#4 D:\Kuliah\Smt 6\pemweb framework\uas\uaswf\vendor\myth\auth\src\Helpers\auth_helper.php(28): Myth\Auth\Authentication\LocalAuthenticator->check()
#5 D:\Kuliah\Smt 6\pemweb framework\uas\uaswf\app\Views\index.php(34): user()
#6 D:\Kuliah\Smt 6\pemweb framework\uas\uaswf\system\View\View.php(210): include('D:\\Kuliah\\Smt 6...')
#7 D:\Kuliah\Smt 6\pemweb framework\uas\uaswf\system\View\View.php(213): CodeIgniter\View\View->CodeIgniter\View\{closure}()
#8 D:\Kuliah\Smt 6\pemweb framework\uas\uaswf\system\Common.php(1089): CodeIgniter\View\View->render('index', Array, true)
#9 D:\Kuliah\Smt 6\pemweb framework\uas\uaswf\app\Controllers\Guest.php(16): view('index')
#10 D:\Kuliah\Smt 6\pemweb framework\uas\uaswf\system\CodeIgniter.php(832): App\Controllers\Guest->index()
#11 D:\Kuliah\Smt 6\pemweb framework\uas\uaswf\system\CodeIgniter.php(419): CodeIgniter\CodeIgniter->runController(Object(App\Controllers\Guest))
#12 D:\Kuliah\Smt 6\pemweb framework\uas\uaswf\system\CodeIgniter.php(326): CodeIgniter\CodeIgniter->handleRequest(NULL, Object(Config\Cache), false)
#13 D:\Kuliah\Smt 6\pemweb framework\uas\uaswf\public\index.php(37): CodeIgniter\CodeIgniter->run()
#14 D:\Kuliah\Smt 6\pemweb framework\uas\uaswf\system\Commands\Server\rewrite.php(43): require_once('D:\\Kuliah\\Smt 6...')
#15 {main}
ERROR - 2022-06-30 09:32:21 --> Error connecting to the database: php_network_getaddresses: getaddrinfo for mnazmiw.my.id failed: No such host is known. 
CRITICAL - 2022-06-30 09:32:21 --> Unable to connect to the database.
Main connection [MySQLi]: php_network_getaddresses: getaddrinfo for mnazmiw.my.id failed: No such host is known. 
#0 D:\Kuliah\Smt 6\pemweb framework\uas\uaswf\system\Database\BaseConnection.php(577): CodeIgniter\Database\BaseConnection->initialize()
#1 D:\Kuliah\Smt 6\pemweb framework\uas\uaswf\system\Database\BaseBuilder.php(1455): CodeIgniter\Database\BaseConnection->query('SELECT *\nFROM `...', Array, false)
#2 D:\Kuliah\Smt 6\pemweb framework\uas\uaswf\vendor\myth\auth\src\Models\LoginModel.php(61): CodeIgniter\Database\BaseBuilder->get()
#3 D:\Kuliah\Smt 6\pemweb framework\uas\uaswf\vendor\myth\auth\src\Authentication\LocalAuthenticator.php(93): Myth\Auth\Models\LoginModel->getRememberToken('16c2767537e13f3...')
#4 D:\Kuliah\Smt 6\pemweb framework\uas\uaswf\vendor\myth\auth\src\Helpers\auth_helper.php(28): Myth\Auth\Authentication\LocalAuthenticator->check()
#5 D:\Kuliah\Smt 6\pemweb framework\uas\uaswf\app\Views\index.php(34): user()
#6 D:\Kuliah\Smt 6\pemweb framework\uas\uaswf\system\View\View.php(210): include('D:\\Kuliah\\Smt 6...')
#7 D:\Kuliah\Smt 6\pemweb framework\uas\uaswf\system\View\View.php(213): CodeIgniter\View\View->CodeIgniter\View\{closure}()
#8 D:\Kuliah\Smt 6\pemweb framework\uas\uaswf\system\Common.php(1089): CodeIgniter\View\View->render('index', Array, true)
#9 D:\Kuliah\Smt 6\pemweb framework\uas\uaswf\app\Controllers\Guest.php(16): view('index')
#10 D:\Kuliah\Smt 6\pemweb framework\uas\uaswf\system\CodeIgniter.php(832): App\Controllers\Guest->index()
#11 D:\Kuliah\Smt 6\pemweb framework\uas\uaswf\system\CodeIgniter.php(419): CodeIgniter\CodeIgniter->runController(Object(App\Controllers\Guest))
#12 D:\Kuliah\Smt 6\pemweb framework\uas\uaswf\system\CodeIgniter.php(326): CodeIgniter\CodeIgniter->handleRequest(NULL, Object(Config\Cache), false)
#13 D:\Kuliah\Smt 6\pemweb framework\uas\uaswf\public\index.php(37): CodeIgniter\CodeIgniter->run()
#14 D:\Kuliah\Smt 6\pemweb framework\uas\uaswf\system\Commands\Server\rewrite.php(43): require_once('D:\\Kuliah\\Smt 6...')
#15 {main}
ERROR - 2022-06-30 09:32:22 --> Error connecting to the database: php_network_getaddresses: getaddrinfo for mnazmiw.my.id failed: No such host is known. 
CRITICAL - 2022-06-30 09:32:22 --> Unable to connect to the database.
Main connection [MySQLi]: php_network_getaddresses: getaddrinfo for mnazmiw.my.id failed: No such host is known. 
#0 D:\Kuliah\Smt 6\pemweb framework\uas\uaswf\system\Database\BaseConnection.php(577): CodeIgniter\Database\BaseConnection->initialize()
#1 D:\Kuliah\Smt 6\pemweb framework\uas\uaswf\system\Database\BaseBuilder.php(1455): CodeIgniter\Database\BaseConnection->query('SELECT *\nFROM `...', Array, false)
#2 D:\Kuliah\Smt 6\pemweb framework\uas\uaswf\vendor\myth\auth\src\Models\LoginModel.php(61): CodeIgniter\Database\BaseBuilder->get()
#3 D:\Kuliah\Smt 6\pemweb framework\uas\uaswf\vendor\myth\auth\src\Authentication\LocalAuthenticator.php(93): Myth\Auth\Models\LoginModel->getRememberToken('16c2767537e13f3...')
#4 D:\Kuliah\Smt 6\pemweb framework\uas\uaswf\vendor\myth\auth\src\Helpers\auth_helper.php(28): Myth\Auth\Authentication\LocalAuthenticator->check()
#5 D:\Kuliah\Smt 6\pemweb framework\uas\uaswf\app\Views\index.php(34): user()
#6 D:\Kuliah\Smt 6\pemweb framework\uas\uaswf\system\View\View.php(210): include('D:\\Kuliah\\Smt 6...')
#7 D:\Kuliah\Smt 6\pemweb framework\uas\uaswf\system\View\View.php(213): CodeIgniter\View\View->CodeIgniter\View\{closure}()
#8 D:\Kuliah\Smt 6\pemweb framework\uas\uaswf\system\Common.php(1089): CodeIgniter\View\View->render('index', Array, true)
#9 D:\Kuliah\Smt 6\pemweb framework\uas\uaswf\app\Controllers\Guest.php(16): view('index')
#10 D:\Kuliah\Smt 6\pemweb framework\uas\uaswf\system\CodeIgniter.php(832): App\Controllers\Guest->index()
#11 D:\Kuliah\Smt 6\pemweb framework\uas\uaswf\system\CodeIgniter.php(419): CodeIgniter\CodeIgniter->runController(Object(App\Controllers\Guest))
#12 D:\Kuliah\Smt 6\pemweb framework\uas\uaswf\system\CodeIgniter.php(326): CodeIgniter\CodeIgniter->handleRequest(NULL, Object(Config\Cache), false)
#13 D:\Kuliah\Smt 6\pemweb framework\uas\uaswf\public\index.php(37): CodeIgniter\CodeIgniter->run()
#14 D:\Kuliah\Smt 6\pemweb framework\uas\uaswf\system\Commands\Server\rewrite.php(43): require_once('D:\\Kuliah\\Smt 6...')
#15 {main}
ERROR - 2022-06-30 09:32:22 --> Error connecting to the database: php_network_getaddresses: getaddrinfo for mnazmiw.my.id failed: No such host is known. 
CRITICAL - 2022-06-30 09:32:22 --> Unable to connect to the database.
Main connection [MySQLi]: php_network_getaddresses: getaddrinfo for mnazmiw.my.id failed: No such host is known. 
#0 D:\Kuliah\Smt 6\pemweb framework\uas\uaswf\system\Database\BaseConnection.php(577): CodeIgniter\Database\BaseConnection->initialize()
#1 D:\Kuliah\Smt 6\pemweb framework\uas\uaswf\system\Database\BaseBuilder.php(1455): CodeIgniter\Database\BaseConnection->query('SELECT *\nFROM `...', Array, false)
#2 D:\Kuliah\Smt 6\pemweb framework\uas\uaswf\vendor\myth\auth\src\Models\LoginModel.php(61): CodeIgniter\Database\BaseBuilder->get()
#3 D:\Kuliah\Smt 6\pemweb framework\uas\uaswf\vendor\myth\auth\src\Authentication\LocalAuthenticator.php(93): Myth\Auth\Models\LoginModel->getRememberToken('16c2767537e13f3...')
#4 D:\Kuliah\Smt 6\pemweb framework\uas\uaswf\vendor\myth\auth\src\Helpers\auth_helper.php(28): Myth\Auth\Authentication\LocalAuthenticator->check()
#5 D:\Kuliah\Smt 6\pemweb framework\uas\uaswf\app\Views\index.php(34): user()
#6 D:\Kuliah\Smt 6\pemweb framework\uas\uaswf\system\View\View.php(210): include('D:\\Kuliah\\Smt 6...')
#7 D:\Kuliah\Smt 6\pemweb framework\uas\uaswf\system\View\View.php(213): CodeIgniter\View\View->CodeIgniter\View\{closure}()
#8 D:\Kuliah\Smt 6\pemweb framework\uas\uaswf\system\Common.php(1089): CodeIgniter\View\View->render('index', Array, true)
#9 D:\Kuliah\Smt 6\pemweb framework\uas\uaswf\app\Controllers\Guest.php(16): view('index')
#10 D:\Kuliah\Smt 6\pemweb framework\uas\uaswf\system\CodeIgniter.php(832): App\Controllers\Guest->index()
#11 D:\Kuliah\Smt 6\pemweb framework\uas\uaswf\system\CodeIgniter.php(419): CodeIgniter\CodeIgniter->runController(Object(App\Controllers\Guest))
#12 D:\Kuliah\Smt 6\pemweb framework\uas\uaswf\system\CodeIgniter.php(326): CodeIgniter\CodeIgniter->handleRequest(NULL, Object(Config\Cache), false)
#13 D:\Kuliah\Smt 6\pemweb framework\uas\uaswf\public\index.php(37): CodeIgniter\CodeIgniter->run()
#14 D:\Kuliah\Smt 6\pemweb framework\uas\uaswf\system\Commands\Server\rewrite.php(43): require_once('D:\\Kuliah\\Smt 6...')
#15 {main}
ERROR - 2022-06-30 09:36:37 --> Error connecting to the database: A connection attempt failed because the connected party did not properly respond after a period of time, or established connection failed because connected host has failed to respond
CRITICAL - 2022-06-30 09:36:37 --> Unable to connect to the database.
Main connection [MySQLi]: A connection attempt failed because the connected party did not properly respond after a period of time, or established connection failed because connected host has failed to respond
#0 D:\Kuliah\Smt 6\pemweb framework\uas\uaswf\system\Database\BaseConnection.php(577): CodeIgniter\Database\BaseConnection->initialize()
#1 D:\Kuliah\Smt 6\pemweb framework\uas\uaswf\system\Database\BaseBuilder.php(1455): CodeIgniter\Database\BaseConnection->query('SELECT *\nFROM `...', Array, false)
#2 D:\Kuliah\Smt 6\pemweb framework\uas\uaswf\app\Controllers\User.php(106): CodeIgniter\Database\BaseBuilder->get()
#3 D:\Kuliah\Smt 6\pemweb framework\uas\uaswf\system\CodeIgniter.php(832): App\Controllers\User->reservation()
#4 D:\Kuliah\Smt 6\pemweb framework\uas\uaswf\system\CodeIgniter.php(419): CodeIgniter\CodeIgniter->runController(Object(App\Controllers\User))
#5 D:\Kuliah\Smt 6\pemweb framework\uas\uaswf\system\CodeIgniter.php(326): CodeIgniter\CodeIgniter->handleRequest(NULL, Object(Config\Cache), false)
#6 D:\Kuliah\Smt 6\pemweb framework\uas\uaswf\public\index.php(37): CodeIgniter\CodeIgniter->run()
#7 D:\Kuliah\Smt 6\pemweb framework\uas\uaswf\system\Commands\Server\rewrite.php(43): require_once('D:\\Kuliah\\Smt 6...')
#8 {main}
ERROR - 2022-06-30 09:36:52 --> Error connecting to the database: A connection attempt failed because the connected party did not properly respond after a period of time, or established connection failed because connected host has failed to respond
CRITICAL - 2022-06-30 09:36:52 --> Unable to connect to the database.
Main connection [MySQLi]: A connection attempt failed because the connected party did not properly respond after a period of time, or established connection failed because connected host has failed to respond
#0 D:\Kuliah\Smt 6\pemweb framework\uas\uaswf\system\Database\BaseConnection.php(577): CodeIgniter\Database\BaseConnection->initialize()
#1 D:\Kuliah\Smt 6\pemweb framework\uas\uaswf\system\Database\BaseBuilder.php(1455): CodeIgniter\Database\BaseConnection->query('SELECT *\nFROM `...', Array, false)
#2 D:\Kuliah\Smt 6\pemweb framework\uas\uaswf\app\Controllers\User.php(106): CodeIgniter\Database\BaseBuilder->get()
#3 D:\Kuliah\Smt 6\pemweb framework\uas\uaswf\system\CodeIgniter.php(832): App\Controllers\User->reservation()
#4 D:\Kuliah\Smt 6\pemweb framework\uas\uaswf\system\CodeIgniter.php(419): CodeIgniter\CodeIgniter->runController(Object(App\Controllers\User))
#5 D:\Kuliah\Smt 6\pemweb framework\uas\uaswf\system\CodeIgniter.php(326): CodeIgniter\CodeIgniter->handleRequest(NULL, Object(Config\Cache), false)
#6 D:\Kuliah\Smt 6\pemweb framework\uas\uaswf\public\index.php(37): CodeIgniter\CodeIgniter->run()
#7 D:\Kuliah\Smt 6\pemweb framework\uas\uaswf\system\Commands\Server\rewrite.php(43): require_once('D:\\Kuliah\\Smt 6...')
#8 {main}
ERROR - 2022-06-30 09:37:04 --> Error connecting to the database: A connection attempt failed because the connected party did not properly respond after a period of time, or established connection failed because connected host has failed to respond
CRITICAL - 2022-06-30 09:37:04 --> Unable to connect to the database.
Main connection [MySQLi]: A connection attempt failed because the connected party did not properly respond after a period of time, or established connection failed because connected host has failed to respond
#0 D:\Kuliah\Smt 6\pemweb framework\uas\uaswf\system\Database\BaseConnection.php(577): CodeIgniter\Database\BaseConnection->initialize()
#1 D:\Kuliah\Smt 6\pemweb framework\uas\uaswf\system\Database\BaseBuilder.php(1455): CodeIgniter\Database\BaseConnection->query('SELECT *\nFROM `...', Array, false)
#2 D:\Kuliah\Smt 6\pemweb framework\uas\uaswf\app\Controllers\User.php(106): CodeIgniter\Database\BaseBuilder->get()
#3 D:\Kuliah\Smt 6\pemweb framework\uas\uaswf\system\CodeIgniter.php(832): App\Controllers\User->reservation()
#4 D:\Kuliah\Smt 6\pemweb framework\uas\uaswf\system\CodeIgniter.php(419): CodeIgniter\CodeIgniter->runController(Object(App\Controllers\User))
#5 D:\Kuliah\Smt 6\pemweb framework\uas\uaswf\system\CodeIgniter.php(326): CodeIgniter\CodeIgniter->handleRequest(NULL, Object(Config\Cache), false)
#6 D:\Kuliah\Smt 6\pemweb framework\uas\uaswf\public\index.php(37): CodeIgniter\CodeIgniter->run()
#7 D:\Kuliah\Smt 6\pemweb framework\uas\uaswf\system\Commands\Server\rewrite.php(43): require_once('D:\\Kuliah\\Smt 6...')
#8 {main}
ERROR - 2022-06-30 09:37:17 --> Error connecting to the database: A connection attempt failed because the connected party did not properly respond after a period of time, or established connection failed because connected host has failed to respond
CRITICAL - 2022-06-30 09:37:17 --> Unable to connect to the database.
Main connection [MySQLi]: A connection attempt failed because the connected party did not properly respond after a period of time, or established connection failed because connected host has failed to respond
#0 D:\Kuliah\Smt 6\pemweb framework\uas\uaswf\system\Database\BaseConnection.php(577): CodeIgniter\Database\BaseConnection->initialize()
#1 D:\Kuliah\Smt 6\pemweb framework\uas\uaswf\system\Database\BaseBuilder.php(1455): CodeIgniter\Database\BaseConnection->query('SELECT *\nFROM `...', Array, false)
#2 D:\Kuliah\Smt 6\pemweb framework\uas\uaswf\app\Controllers\User.php(106): CodeIgniter\Database\BaseBuilder->get()
#3 D:\Kuliah\Smt 6\pemweb framework\uas\uaswf\system\CodeIgniter.php(832): App\Controllers\User->reservation()
#4 D:\Kuliah\Smt 6\pemweb framework\uas\uaswf\system\CodeIgniter.php(419): CodeIgniter\CodeIgniter->runController(Object(App\Controllers\User))
#5 D:\Kuliah\Smt 6\pemweb framework\uas\uaswf\system\CodeIgniter.php(326): CodeIgniter\CodeIgniter->handleRequest(NULL, Object(Config\Cache), false)
#6 D:\Kuliah\Smt 6\pemweb framework\uas\uaswf\public\index.php(37): CodeIgniter\CodeIgniter->run()
#7 D:\Kuliah\Smt 6\pemweb framework\uas\uaswf\system\Commands\Server\rewrite.php(43): require_once('D:\\Kuliah\\Smt 6...')
#8 {main}
ERROR - 2022-06-30 09:37:28 --> Error connecting to the database: A connection attempt failed because the connected party did not properly respond after a period of time, or established connection failed because connected host has failed to respond
CRITICAL - 2022-06-30 09:37:28 --> Unable to connect to the database.
Main connection [MySQLi]: A connection attempt failed because the connected party did not properly respond after a period of time, or established connection failed because connected host has failed to respond
#0 D:\Kuliah\Smt 6\pemweb framework\uas\uaswf\system\Database\BaseConnection.php(577): CodeIgniter\Database\BaseConnection->initialize()
#1 D:\Kuliah\Smt 6\pemweb framework\uas\uaswf\system\Database\BaseBuilder.php(1455): CodeIgniter\Database\BaseConnection->query('SELECT *\nFROM `...', Array, false)
#2 D:\Kuliah\Smt 6\pemweb framework\uas\uaswf\app\Controllers\User.php(106): CodeIgniter\Database\BaseBuilder->get()
#3 D:\Kuliah\Smt 6\pemweb framework\uas\uaswf\system\CodeIgniter.php(832): App\Controllers\User->reservation()
#4 D:\Kuliah\Smt 6\pemweb framework\uas\uaswf\system\CodeIgniter.php(419): CodeIgniter\CodeIgniter->runController(Object(App\Controllers\User))
#5 D:\Kuliah\Smt 6\pemweb framework\uas\uaswf\system\CodeIgniter.php(326): CodeIgniter\CodeIgniter->handleRequest(NULL, Object(Config\Cache), false)
#6 D:\Kuliah\Smt 6\pemweb framework\uas\uaswf\public\index.php(37): CodeIgniter\CodeIgniter->run()
#7 D:\Kuliah\Smt 6\pemweb framework\uas\uaswf\system\Commands\Server\rewrite.php(43): require_once('D:\\Kuliah\\Smt 6...')
#8 {main}
ERROR - 2022-06-30 09:37:42 --> Error connecting to the database: A connection attempt failed because the connected party did not properly respond after a period of time, or established connection failed because connected host has failed to respond
CRITICAL - 2022-06-30 09:37:42 --> Unable to connect to the database.
Main connection [MySQLi]: A connection attempt failed because the connected party did not properly respond after a period of time, or established connection failed because connected host has failed to respond
#0 D:\Kuliah\Smt 6\pemweb framework\uas\uaswf\system\Database\BaseConnection.php(577): CodeIgniter\Database\BaseConnection->initialize()
#1 D:\Kuliah\Smt 6\pemweb framework\uas\uaswf\system\Database\BaseBuilder.php(1455): CodeIgniter\Database\BaseConnection->query('SELECT *\nFROM `...', Array, false)
#2 D:\Kuliah\Smt 6\pemweb framework\uas\uaswf\app\Controllers\User.php(106): CodeIgniter\Database\BaseBuilder->get()
#3 D:\Kuliah\Smt 6\pemweb framework\uas\uaswf\system\CodeIgniter.php(832): App\Controllers\User->reservation()
#4 D:\Kuliah\Smt 6\pemweb framework\uas\uaswf\system\CodeIgniter.php(419): CodeIgniter\CodeIgniter->runController(Object(App\Controllers\User))
#5 D:\Kuliah\Smt 6\pemweb framework\uas\uaswf\system\CodeIgniter.php(326): CodeIgniter\CodeIgniter->handleRequest(NULL, Object(Config\Cache), false)
#6 D:\Kuliah\Smt 6\pemweb framework\uas\uaswf\public\index.php(37): CodeIgniter\CodeIgniter->run()
#7 D:\Kuliah\Smt 6\pemweb framework\uas\uaswf\system\Commands\Server\rewrite.php(43): require_once('D:\\Kuliah\\Smt 6...')
#8 {main}
ERROR - 2022-06-30 09:37:54 --> Error connecting to the database: A connection attempt failed because the connected party did not properly respond after a period of time, or established connection failed because connected host has failed to respond
CRITICAL - 2022-06-30 09:37:54 --> Unable to connect to the database.
Main connection [MySQLi]: A connection attempt failed because the connected party did not properly respond after a period of time, or established connection failed because connected host has failed to respond
#0 D:\Kuliah\Smt 6\pemweb framework\uas\uaswf\system\Database\BaseConnection.php(577): CodeIgniter\Database\BaseConnection->initialize()
#1 D:\Kuliah\Smt 6\pemweb framework\uas\uaswf\system\Database\BaseBuilder.php(1455): CodeIgniter\Database\BaseConnection->query('SELECT *\nFROM `...', Array, false)
#2 D:\Kuliah\Smt 6\pemweb framework\uas\uaswf\app\Controllers\User.php(106): CodeIgniter\Database\BaseBuilder->get()
#3 D:\Kuliah\Smt 6\pemweb framework\uas\uaswf\system\CodeIgniter.php(832): App\Controllers\User->reservation()
#4 D:\Kuliah\Smt 6\pemweb framework\uas\uaswf\system\CodeIgniter.php(419): CodeIgniter\CodeIgniter->runController(Object(App\Controllers\User))
#5 D:\Kuliah\Smt 6\pemweb framework\uas\uaswf\system\CodeIgniter.php(326): CodeIgniter\CodeIgniter->handleRequest(NULL, Object(Config\Cache), false)
#6 D:\Kuliah\Smt 6\pemweb framework\uas\uaswf\public\index.php(37): CodeIgniter\CodeIgniter->run()
#7 D:\Kuliah\Smt 6\pemweb framework\uas\uaswf\system\Commands\Server\rewrite.php(43): require_once('D:\\Kuliah\\Smt 6...')
#8 {main}
ERROR - 2022-06-30 09:38:07 --> Error connecting to the database: A connection attempt failed because the connected party did not properly respond after a period of time, or established connection failed because connected host has failed to respond
CRITICAL - 2022-06-30 09:38:07 --> Unable to connect to the database.
Main connection [MySQLi]: A connection attempt failed because the connected party did not properly respond after a period of time, or established connection failed because connected host has failed to respond
#0 D:\Kuliah\Smt 6\pemweb framework\uas\uaswf\system\Database\BaseConnection.php(577): CodeIgniter\Database\BaseConnection->initialize()
#1 D:\Kuliah\Smt 6\pemweb framework\uas\uaswf\system\Database\BaseBuilder.php(1455): CodeIgniter\Database\BaseConnection->query('SELECT *\nFROM `...', Array, false)
#2 D:\Kuliah\Smt 6\pemweb framework\uas\uaswf\app\Controllers\User.php(106): CodeIgniter\Database\BaseBuilder->get()
#3 D:\Kuliah\Smt 6\pemweb framework\uas\uaswf\system\CodeIgniter.php(832): App\Controllers\User->reservation()
#4 D:\Kuliah\Smt 6\pemweb framework\uas\uaswf\system\CodeIgniter.php(419): CodeIgniter\CodeIgniter->runController(Object(App\Controllers\User))
#5 D:\Kuliah\Smt 6\pemweb framework\uas\uaswf\system\CodeIgniter.php(326): CodeIgniter\CodeIgniter->handleRequest(NULL, Object(Config\Cache), false)
#6 D:\Kuliah\Smt 6\pemweb framework\uas\uaswf\public\index.php(37): CodeIgniter\CodeIgniter->run()
#7 D:\Kuliah\Smt 6\pemweb framework\uas\uaswf\system\Commands\Server\rewrite.php(43): require_once('D:\\Kuliah\\Smt 6...')
#8 {main}
ERROR - 2022-06-30 09:38:30 --> Error connecting to the database: A connection attempt failed because the connected party did not properly respond after a period of time, or established connection failed because connected host has failed to respond
CRITICAL - 2022-06-30 09:38:30 --> Unable to connect to the database.
Main connection [MySQLi]: A connection attempt failed because the connected party did not properly respond after a period of time, or established connection failed because connected host has failed to respond
#0 D:\Kuliah\Smt 6\pemweb framework\uas\uaswf\system\Database\BaseConnection.php(577): CodeIgniter\Database\BaseConnection->initialize()
#1 D:\Kuliah\Smt 6\pemweb framework\uas\uaswf\system\Database\BaseBuilder.php(1455): CodeIgniter\Database\BaseConnection->query('SELECT *\nFROM `...', Array, false)
#2 D:\Kuliah\Smt 6\pemweb framework\uas\uaswf\app\Controllers\User.php(106): CodeIgniter\Database\BaseBuilder->get()
#3 D:\Kuliah\Smt 6\pemweb framework\uas\uaswf\system\CodeIgniter.php(832): App\Controllers\User->reservation()
#4 D:\Kuliah\Smt 6\pemweb framework\uas\uaswf\system\CodeIgniter.php(419): CodeIgniter\CodeIgniter->runController(Object(App\Controllers\User))
#5 D:\Kuliah\Smt 6\pemweb framework\uas\uaswf\system\CodeIgniter.php(326): CodeIgniter\CodeIgniter->handleRequest(NULL, Object(Config\Cache), false)
#6 D:\Kuliah\Smt 6\pemweb framework\uas\uaswf\public\index.php(37): CodeIgniter\CodeIgniter->run()
#7 D:\Kuliah\Smt 6\pemweb framework\uas\uaswf\system\Commands\Server\rewrite.php(43): require_once('D:\\Kuliah\\Smt 6...')
#8 {main}
ERROR - 2022-06-30 09:38:52 --> Error connecting to the database: A connection attempt failed because the connected party did not properly respond after a period of time, or established connection failed because connected host has failed to respond
CRITICAL - 2022-06-30 09:38:52 --> Unable to connect to the database.
Main connection [MySQLi]: A connection attempt failed because the connected party did not properly respond after a period of time, or established connection failed because connected host has failed to respond
#0 D:\Kuliah\Smt 6\pemweb framework\uas\uaswf\system\Database\BaseConnection.php(577): CodeIgniter\Database\BaseConnection->initialize()
#1 D:\Kuliah\Smt 6\pemweb framework\uas\uaswf\system\Database\BaseBuilder.php(1455): CodeIgniter\Database\BaseConnection->query('SELECT *\nFROM `...', Array, false)
#2 D:\Kuliah\Smt 6\pemweb framework\uas\uaswf\app\Controllers\User.php(106): CodeIgniter\Database\BaseBuilder->get()
#3 D:\Kuliah\Smt 6\pemweb framework\uas\uaswf\system\CodeIgniter.php(832): App\Controllers\User->reservation()
#4 D:\Kuliah\Smt 6\pemweb framework\uas\uaswf\system\CodeIgniter.php(419): CodeIgniter\CodeIgniter->runController(Object(App\Controllers\User))
#5 D:\Kuliah\Smt 6\pemweb framework\uas\uaswf\system\CodeIgniter.php(326): CodeIgniter\CodeIgniter->handleRequest(NULL, Object(Config\Cache), false)
#6 D:\Kuliah\Smt 6\pemweb framework\uas\uaswf\public\index.php(37): CodeIgniter\CodeIgniter->run()
#7 D:\Kuliah\Smt 6\pemweb framework\uas\uaswf\system\Commands\Server\rewrite.php(43): require_once('D:\\Kuliah\\Smt 6...')
#8 {main}
CRITICAL - 2022-06-30 09:42:11 --> explode(): Passing null to parameter #2 ($string) of type string is deprecated
#0 [internal function]: CodeIgniter\Debug\Exceptions->errorHandler(8192, 'explode(): Pass...', 'D:\\Kuliah\\Smt 6...', 142)
#1 D:\Kuliah\Smt 6\pemweb framework\uas\uaswf\app\Controllers\User.php(142): explode('|', NULL)
#2 D:\Kuliah\Smt 6\pemweb framework\uas\uaswf\system\CodeIgniter.php(832): App\Controllers\User->pesan()
#3 D:\Kuliah\Smt 6\pemweb framework\uas\uaswf\system\CodeIgniter.php(419): CodeIgniter\CodeIgniter->runController(Object(App\Controllers\User))
#4 D:\Kuliah\Smt 6\pemweb framework\uas\uaswf\system\CodeIgniter.php(326): CodeIgniter\CodeIgniter->handleRequest(NULL, Object(Config\Cache), false)
#5 D:\Kuliah\Smt 6\pemweb framework\uas\uaswf\public\index.php(37): CodeIgniter\CodeIgniter->run()
#6 D:\Kuliah\Smt 6\pemweb framework\uas\uaswf\system\Commands\Server\rewrite.php(43): require_once('D:\\Kuliah\\Smt 6...')
#7 {main}
