ERROR - 2022-06-27 02:32:44 --> Error connecting to the database: No connection could be made because the target machine actively refused it.

CRITICAL - 2022-06-27 02:32:44 --> Unable to connect to the database.
Main connection [MySQLi]: No connection could be made because the target machine actively refused it.

#0 C:\Users\ASUS\Documents\tugas\tugas web framework\tugas\uaswf\system\Database\BaseConnection.php(577): CodeIgniter\Database\BaseConnection->initialize()
#1 C:\Users\ASUS\Documents\tugas\tugas web framework\tugas\uaswf\system\Database\BaseBuilder.php(1455): CodeIgniter\Database\BaseConnection->query('SELECT *\nFROM `...', Array, false)
#2 C:\Users\ASUS\Documents\tugas\tugas web framework\tugas\uaswf\vendor\myth\auth\src\Models\LoginModel.php(61): CodeIgniter\Database\BaseBuilder->get()
#3 C:\Users\ASUS\Documents\tugas\tugas web framework\tugas\uaswf\vendor\myth\auth\src\Authentication\LocalAuthenticator.php(93): Myth\Auth\Models\LoginModel->getRememberToken('bafcf1d641cc51a...')
#4 C:\Users\ASUS\Documents\tugas\tugas web framework\tugas\uaswf\vendor\myth\auth\src\Filters\LoginFilter.php(44): Myth\Auth\Authentication\LocalAuthenticator->check()
#5 C:\Users\ASUS\Documents\tugas\tugas web framework\tugas\uaswf\system\Filters\Filters.php(173): Myth\Auth\Filters\LoginFilter->before(Object(CodeIgniter\HTTP\IncomingRequest), NULL)
#6 C:\Users\ASUS\Documents\tugas\tugas web framework\tugas\uaswf\system\CodeIgniter.php(393): CodeIgniter\Filters\Filters->run('/', 'before')
#7 C:\Users\ASUS\Documents\tugas\tugas web framework\tugas\uaswf\system\CodeIgniter.php(326): CodeIgniter\CodeIgniter->handleRequest(NULL, Object(Config\Cache), false)
#8 C:\Users\ASUS\Documents\tugas\tugas web framework\tugas\uaswf\public\index.php(37): CodeIgniter\CodeIgniter->run()
#9 C:\Users\ASUS\Documents\tugas\tugas web framework\tugas\uaswf\system\Commands\Server\rewrite.php(43): require_once('C:\\Users\\ASUS\\D...')
#10 {main}
CRITICAL - 2022-06-27 02:46:50 --> Undefined property: App\Controllers\Admin::$reservasi
#0 C:\Users\ASUS\Documents\tugas\tugas web framework\tugas\uaswf\app\Controllers\Admin.php(217): CodeIgniter\Debug\Exceptions->errorHandler(8, 'Undefined prope...', 'C:\\Users\\ASUS\\D...', 217, Array)
#1 C:\Users\ASUS\Documents\tugas\tugas web framework\tugas\uaswf\system\CodeIgniter.php(832): App\Controllers\Admin->acc()
#2 C:\Users\ASUS\Documents\tugas\tugas web framework\tugas\uaswf\system\CodeIgniter.php(419): CodeIgniter\CodeIgniter->runController(Object(App\Controllers\Admin))
#3 C:\Users\ASUS\Documents\tugas\tugas web framework\tugas\uaswf\system\CodeIgniter.php(326): CodeIgniter\CodeIgniter->handleRequest(NULL, Object(Config\Cache), false)
#4 C:\Users\ASUS\Documents\tugas\tugas web framework\tugas\uaswf\public\index.php(37): CodeIgniter\CodeIgniter->run()
#5 C:\Users\ASUS\Documents\tugas\tugas web framework\tugas\uaswf\system\Commands\Server\rewrite.php(43): require_once('C:\\Users\\ASUS\\D...')
#6 {main}
CRITICAL - 2022-06-27 02:52:56 --> Undefined offset: 1
#0 C:\Users\ASUS\Documents\tugas\tugas web framework\tugas\uaswf\app\Controllers\User.php(142): CodeIgniter\Debug\Exceptions->errorHandler(8, 'Undefined offse...', 'C:\\Users\\ASUS\\D...', 142, Array)
#1 C:\Users\ASUS\Documents\tugas\tugas web framework\tugas\uaswf\system\CodeIgniter.php(832): App\Controllers\User->pesan()
#2 C:\Users\ASUS\Documents\tugas\tugas web framework\tugas\uaswf\system\CodeIgniter.php(419): CodeIgniter\CodeIgniter->runController(Object(App\Controllers\User))
#3 C:\Users\ASUS\Documents\tugas\tugas web framework\tugas\uaswf\system\CodeIgniter.php(326): CodeIgniter\CodeIgniter->handleRequest(NULL, Object(Config\Cache), false)
#4 C:\Users\ASUS\Documents\tugas\tugas web framework\tugas\uaswf\public\index.php(37): CodeIgniter\CodeIgniter->run()
#5 C:\Users\ASUS\Documents\tugas\tugas web framework\tugas\uaswf\system\Commands\Server\rewrite.php(43): require_once('C:\\Users\\ASUS\\D...')
#6 {main}
CRITICAL - 2022-06-27 02:52:57 --> Undefined offset: 1
#0 C:\Users\ASUS\Documents\tugas\tugas web framework\tugas\uaswf\app\Controllers\User.php(142): CodeIgniter\Debug\Exceptions->errorHandler(8, 'Undefined offse...', 'C:\\Users\\ASUS\\D...', 142, Array)
#1 C:\Users\ASUS\Documents\tugas\tugas web framework\tugas\uaswf\system\CodeIgniter.php(832): App\Controllers\User->pesan()
#2 C:\Users\ASUS\Documents\tugas\tugas web framework\tugas\uaswf\system\CodeIgniter.php(419): CodeIgniter\CodeIgniter->runController(Object(App\Controllers\User))
#3 C:\Users\ASUS\Documents\tugas\tugas web framework\tugas\uaswf\system\CodeIgniter.php(326): CodeIgniter\CodeIgniter->handleRequest(NULL, Object(Config\Cache), false)
#4 C:\Users\ASUS\Documents\tugas\tugas web framework\tugas\uaswf\public\index.php(37): CodeIgniter\CodeIgniter->run()
#5 C:\Users\ASUS\Documents\tugas\tugas web framework\tugas\uaswf\system\Commands\Server\rewrite.php(43): require_once('C:\\Users\\ASUS\\D...')
#6 {main}
CRITICAL - 2022-06-27 02:54:35 --> Undefined offset: 1
#0 C:\Users\ASUS\Documents\tugas\tugas web framework\tugas\uaswf\app\Controllers\User.php(142): CodeIgniter\Debug\Exceptions->errorHandler(8, 'Undefined offse...', 'C:\\Users\\ASUS\\D...', 142, Array)
#1 C:\Users\ASUS\Documents\tugas\tugas web framework\tugas\uaswf\system\CodeIgniter.php(832): App\Controllers\User->pesan()
#2 C:\Users\ASUS\Documents\tugas\tugas web framework\tugas\uaswf\system\CodeIgniter.php(419): CodeIgniter\CodeIgniter->runController(Object(App\Controllers\User))
#3 C:\Users\ASUS\Documents\tugas\tugas web framework\tugas\uaswf\system\CodeIgniter.php(326): CodeIgniter\CodeIgniter->handleRequest(NULL, Object(Config\Cache), false)
#4 C:\Users\ASUS\Documents\tugas\tugas web framework\tugas\uaswf\public\index.php(37): CodeIgniter\CodeIgniter->run()
#5 C:\Users\ASUS\Documents\tugas\tugas web framework\tugas\uaswf\system\Commands\Server\rewrite.php(43): require_once('C:\\Users\\ASUS\\D...')
#6 {main}
CRITICAL - 2022-06-27 02:54:36 --> Undefined offset: 1
#0 C:\Users\ASUS\Documents\tugas\tugas web framework\tugas\uaswf\app\Controllers\User.php(142): CodeIgniter\Debug\Exceptions->errorHandler(8, 'Undefined offse...', 'C:\\Users\\ASUS\\D...', 142, Array)
#1 C:\Users\ASUS\Documents\tugas\tugas web framework\tugas\uaswf\system\CodeIgniter.php(832): App\Controllers\User->pesan()
#2 C:\Users\ASUS\Documents\tugas\tugas web framework\tugas\uaswf\system\CodeIgniter.php(419): CodeIgniter\CodeIgniter->runController(Object(App\Controllers\User))
#3 C:\Users\ASUS\Documents\tugas\tugas web framework\tugas\uaswf\system\CodeIgniter.php(326): CodeIgniter\CodeIgniter->handleRequest(NULL, Object(Config\Cache), false)
#4 C:\Users\ASUS\Documents\tugas\tugas web framework\tugas\uaswf\public\index.php(37): CodeIgniter\CodeIgniter->run()
#5 C:\Users\ASUS\Documents\tugas\tugas web framework\tugas\uaswf\system\Commands\Server\rewrite.php(43): require_once('C:\\Users\\ASUS\\D...')
#6 {main}
CRITICAL - 2022-06-27 02:54:36 --> Undefined offset: 1
#0 C:\Users\ASUS\Documents\tugas\tugas web framework\tugas\uaswf\app\Controllers\User.php(142): CodeIgniter\Debug\Exceptions->errorHandler(8, 'Undefined offse...', 'C:\\Users\\ASUS\\D...', 142, Array)
#1 C:\Users\ASUS\Documents\tugas\tugas web framework\tugas\uaswf\system\CodeIgniter.php(832): App\Controllers\User->pesan()
#2 C:\Users\ASUS\Documents\tugas\tugas web framework\tugas\uaswf\system\CodeIgniter.php(419): CodeIgniter\CodeIgniter->runController(Object(App\Controllers\User))
#3 C:\Users\ASUS\Documents\tugas\tugas web framework\tugas\uaswf\system\CodeIgniter.php(326): CodeIgniter\CodeIgniter->handleRequest(NULL, Object(Config\Cache), false)
#4 C:\Users\ASUS\Documents\tugas\tugas web framework\tugas\uaswf\public\index.php(37): CodeIgniter\CodeIgniter->run()
#5 C:\Users\ASUS\Documents\tugas\tugas web framework\tugas\uaswf\system\Commands\Server\rewrite.php(43): require_once('C:\\Users\\ASUS\\D...')
#6 {main}
CRITICAL - 2022-06-27 02:54:36 --> Undefined offset: 1
#0 C:\Users\ASUS\Documents\tugas\tugas web framework\tugas\uaswf\app\Controllers\User.php(142): CodeIgniter\Debug\Exceptions->errorHandler(8, 'Undefined offse...', 'C:\\Users\\ASUS\\D...', 142, Array)
#1 C:\Users\ASUS\Documents\tugas\tugas web framework\tugas\uaswf\system\CodeIgniter.php(832): App\Controllers\User->pesan()
#2 C:\Users\ASUS\Documents\tugas\tugas web framework\tugas\uaswf\system\CodeIgniter.php(419): CodeIgniter\CodeIgniter->runController(Object(App\Controllers\User))
#3 C:\Users\ASUS\Documents\tugas\tugas web framework\tugas\uaswf\system\CodeIgniter.php(326): CodeIgniter\CodeIgniter->handleRequest(NULL, Object(Config\Cache), false)
#4 C:\Users\ASUS\Documents\tugas\tugas web framework\tugas\uaswf\public\index.php(37): CodeIgniter\CodeIgniter->run()
#5 C:\Users\ASUS\Documents\tugas\tugas web framework\tugas\uaswf\system\Commands\Server\rewrite.php(43): require_once('C:\\Users\\ASUS\\D...')
#6 {main}
CRITICAL - 2022-06-27 02:54:47 --> Undefined offset: 1
#0 C:\Users\ASUS\Documents\tugas\tugas web framework\tugas\uaswf\app\Controllers\User.php(142): CodeIgniter\Debug\Exceptions->errorHandler(8, 'Undefined offse...', 'C:\\Users\\ASUS\\D...', 142, Array)
#1 C:\Users\ASUS\Documents\tugas\tugas web framework\tugas\uaswf\system\CodeIgniter.php(832): App\Controllers\User->pesan()
#2 C:\Users\ASUS\Documents\tugas\tugas web framework\tugas\uaswf\system\CodeIgniter.php(419): CodeIgniter\CodeIgniter->runController(Object(App\Controllers\User))
#3 C:\Users\ASUS\Documents\tugas\tugas web framework\tugas\uaswf\system\CodeIgniter.php(326): CodeIgniter\CodeIgniter->handleRequest(NULL, Object(Config\Cache), false)
#4 C:\Users\ASUS\Documents\tugas\tugas web framework\tugas\uaswf\public\index.php(37): CodeIgniter\CodeIgniter->run()
#5 C:\Users\ASUS\Documents\tugas\tugas web framework\tugas\uaswf\system\Commands\Server\rewrite.php(43): require_once('C:\\Users\\ASUS\\D...')
#6 {main}
CRITICAL - 2022-06-27 03:02:15 --> Undefined offset: 1
#0 C:\Users\ASUS\Documents\tugas\tugas web framework\tugas\uaswf\app\Controllers\User.php(142): CodeIgniter\Debug\Exceptions->errorHandler(8, 'Undefined offse...', 'C:\\Users\\ASUS\\D...', 142, Array)
#1 C:\Users\ASUS\Documents\tugas\tugas web framework\tugas\uaswf\system\CodeIgniter.php(832): App\Controllers\User->pesan()
#2 C:\Users\ASUS\Documents\tugas\tugas web framework\tugas\uaswf\system\CodeIgniter.php(419): CodeIgniter\CodeIgniter->runController(Object(App\Controllers\User))
#3 C:\Users\ASUS\Documents\tugas\tugas web framework\tugas\uaswf\system\CodeIgniter.php(326): CodeIgniter\CodeIgniter->handleRequest(NULL, Object(Config\Cache), false)
#4 C:\Users\ASUS\Documents\tugas\tugas web framework\tugas\uaswf\public\index.php(37): CodeIgniter\CodeIgniter->run()
#5 C:\Users\ASUS\Documents\tugas\tugas web framework\tugas\uaswf\system\Commands\Server\rewrite.php(43): require_once('C:\\Users\\ASUS\\D...')
#6 {main}
CRITICAL - 2022-06-27 03:10:21 --> Undefined offset: 1
#0 C:\Users\ASUS\Documents\tugas\tugas web framework\tugas\uaswf\app\Controllers\User.php(142): CodeIgniter\Debug\Exceptions->errorHandler(8, 'Undefined offse...', 'C:\\Users\\ASUS\\D...', 142, Array)
#1 C:\Users\ASUS\Documents\tugas\tugas web framework\tugas\uaswf\system\CodeIgniter.php(832): App\Controllers\User->pesan()
#2 C:\Users\ASUS\Documents\tugas\tugas web framework\tugas\uaswf\system\CodeIgniter.php(419): CodeIgniter\CodeIgniter->runController(Object(App\Controllers\User))
#3 C:\Users\ASUS\Documents\tugas\tugas web framework\tugas\uaswf\system\CodeIgniter.php(326): CodeIgniter\CodeIgniter->handleRequest(NULL, Object(Config\Cache), false)
#4 C:\Users\ASUS\Documents\tugas\tugas web framework\tugas\uaswf\public\index.php(37): CodeIgniter\CodeIgniter->run()
#5 C:\Users\ASUS\Documents\tugas\tugas web framework\tugas\uaswf\system\Commands\Server\rewrite.php(43): require_once('C:\\Users\\ASUS\\D...')
#6 {main}
CRITICAL - 2022-06-27 03:10:22 --> Undefined offset: 1
#0 C:\Users\ASUS\Documents\tugas\tugas web framework\tugas\uaswf\app\Controllers\User.php(142): CodeIgniter\Debug\Exceptions->errorHandler(8, 'Undefined offse...', 'C:\\Users\\ASUS\\D...', 142, Array)
#1 C:\Users\ASUS\Documents\tugas\tugas web framework\tugas\uaswf\system\CodeIgniter.php(832): App\Controllers\User->pesan()
#2 C:\Users\ASUS\Documents\tugas\tugas web framework\tugas\uaswf\system\CodeIgniter.php(419): CodeIgniter\CodeIgniter->runController(Object(App\Controllers\User))
#3 C:\Users\ASUS\Documents\tugas\tugas web framework\tugas\uaswf\system\CodeIgniter.php(326): CodeIgniter\CodeIgniter->handleRequest(NULL, Object(Config\Cache), false)
#4 C:\Users\ASUS\Documents\tugas\tugas web framework\tugas\uaswf\public\index.php(37): CodeIgniter\CodeIgniter->run()
#5 C:\Users\ASUS\Documents\tugas\tugas web framework\tugas\uaswf\system\Commands\Server\rewrite.php(43): require_once('C:\\Users\\ASUS\\D...')
#6 {main}
CRITICAL - 2022-06-27 03:14:11 --> Undefined offset: 1
#0 C:\Users\ASUS\Documents\tugas\tugas web framework\tugas\uaswf\app\Controllers\User.php(142): CodeIgniter\Debug\Exceptions->errorHandler(8, 'Undefined offse...', 'C:\\Users\\ASUS\\D...', 142, Array)
#1 C:\Users\ASUS\Documents\tugas\tugas web framework\tugas\uaswf\system\CodeIgniter.php(832): App\Controllers\User->pesan()
#2 C:\Users\ASUS\Documents\tugas\tugas web framework\tugas\uaswf\system\CodeIgniter.php(419): CodeIgniter\CodeIgniter->runController(Object(App\Controllers\User))
#3 C:\Users\ASUS\Documents\tugas\tugas web framework\tugas\uaswf\system\CodeIgniter.php(326): CodeIgniter\CodeIgniter->handleRequest(NULL, Object(Config\Cache), false)
#4 C:\Users\ASUS\Documents\tugas\tugas web framework\tugas\uaswf\public\index.php(37): CodeIgniter\CodeIgniter->run()
#5 C:\Users\ASUS\Documents\tugas\tugas web framework\tugas\uaswf\system\Commands\Server\rewrite.php(43): require_once('C:\\Users\\ASUS\\D...')
#6 {main}
CRITICAL - 2022-06-27 03:17:04 --> Undefined offset: 1
#0 C:\Users\ASUS\Documents\tugas\tugas web framework\tugas\uaswf\app\Controllers\User.php(142): CodeIgniter\Debug\Exceptions->errorHandler(8, 'Undefined offse...', 'C:\\Users\\ASUS\\D...', 142, Array)
#1 C:\Users\ASUS\Documents\tugas\tugas web framework\tugas\uaswf\system\CodeIgniter.php(832): App\Controllers\User->pesan()
#2 C:\Users\ASUS\Documents\tugas\tugas web framework\tugas\uaswf\system\CodeIgniter.php(419): CodeIgniter\CodeIgniter->runController(Object(App\Controllers\User))
#3 C:\Users\ASUS\Documents\tugas\tugas web framework\tugas\uaswf\system\CodeIgniter.php(326): CodeIgniter\CodeIgniter->handleRequest(NULL, Object(Config\Cache), false)
#4 C:\Users\ASUS\Documents\tugas\tugas web framework\tugas\uaswf\public\index.php(37): CodeIgniter\CodeIgniter->run()
#5 C:\Users\ASUS\Documents\tugas\tugas web framework\tugas\uaswf\system\Commands\Server\rewrite.php(43): require_once('C:\\Users\\ASUS\\D...')
#6 {main}
CRITICAL - 2022-06-27 03:17:05 --> Undefined offset: 1
#0 C:\Users\ASUS\Documents\tugas\tugas web framework\tugas\uaswf\app\Controllers\User.php(142): CodeIgniter\Debug\Exceptions->errorHandler(8, 'Undefined offse...', 'C:\\Users\\ASUS\\D...', 142, Array)
#1 C:\Users\ASUS\Documents\tugas\tugas web framework\tugas\uaswf\system\CodeIgniter.php(832): App\Controllers\User->pesan()
#2 C:\Users\ASUS\Documents\tugas\tugas web framework\tugas\uaswf\system\CodeIgniter.php(419): CodeIgniter\CodeIgniter->runController(Object(App\Controllers\User))
#3 C:\Users\ASUS\Documents\tugas\tugas web framework\tugas\uaswf\system\CodeIgniter.php(326): CodeIgniter\CodeIgniter->handleRequest(NULL, Object(Config\Cache), false)
#4 C:\Users\ASUS\Documents\tugas\tugas web framework\tugas\uaswf\public\index.php(37): CodeIgniter\CodeIgniter->run()
#5 C:\Users\ASUS\Documents\tugas\tugas web framework\tugas\uaswf\system\Commands\Server\rewrite.php(43): require_once('C:\\Users\\ASUS\\D...')
#6 {main}
CRITICAL - 2022-06-27 04:10:27 --> Call to undefined method CodeIgniter\Database\MySQLi\Builder::findAll()
#0 C:\Users\ASUS\Documents\tugas\tugas web framework\tugas\uaswf\system\CodeIgniter.php(832): App\Controllers\User->getdata()
#1 C:\Users\ASUS\Documents\tugas\tugas web framework\tugas\uaswf\system\CodeIgniter.php(419): CodeIgniter\CodeIgniter->runController(Object(App\Controllers\User))
#2 C:\Users\ASUS\Documents\tugas\tugas web framework\tugas\uaswf\system\CodeIgniter.php(326): CodeIgniter\CodeIgniter->handleRequest(NULL, Object(Config\Cache), false)
#3 C:\Users\ASUS\Documents\tugas\tugas web framework\tugas\uaswf\public\index.php(37): CodeIgniter\CodeIgniter->run()
#4 C:\Users\ASUS\Documents\tugas\tugas web framework\tugas\uaswf\system\Commands\Server\rewrite.php(43): require_once('C:\\Users\\ASUS\\D...')
#5 {main}
CRITICAL - 2022-06-27 04:10:30 --> Call to undefined method CodeIgniter\Database\MySQLi\Builder::findAll()
#0 C:\Users\ASUS\Documents\tugas\tugas web framework\tugas\uaswf\system\CodeIgniter.php(832): App\Controllers\User->getdata()
#1 C:\Users\ASUS\Documents\tugas\tugas web framework\tugas\uaswf\system\CodeIgniter.php(419): CodeIgniter\CodeIgniter->runController(Object(App\Controllers\User))
#2 C:\Users\ASUS\Documents\tugas\tugas web framework\tugas\uaswf\system\CodeIgniter.php(326): CodeIgniter\CodeIgniter->handleRequest(NULL, Object(Config\Cache), false)
#3 C:\Users\ASUS\Documents\tugas\tugas web framework\tugas\uaswf\public\index.php(37): CodeIgniter\CodeIgniter->run()
#4 C:\Users\ASUS\Documents\tugas\tugas web framework\tugas\uaswf\system\Commands\Server\rewrite.php(43): require_once('C:\\Users\\ASUS\\D...')
#5 {main}
CRITICAL - 2022-06-27 04:10:32 --> Call to undefined method CodeIgniter\Database\MySQLi\Builder::findAll()
#0 C:\Users\ASUS\Documents\tugas\tugas web framework\tugas\uaswf\system\CodeIgniter.php(832): App\Controllers\User->getdata()
#1 C:\Users\ASUS\Documents\tugas\tugas web framework\tugas\uaswf\system\CodeIgniter.php(419): CodeIgniter\CodeIgniter->runController(Object(App\Controllers\User))
#2 C:\Users\ASUS\Documents\tugas\tugas web framework\tugas\uaswf\system\CodeIgniter.php(326): CodeIgniter\CodeIgniter->handleRequest(NULL, Object(Config\Cache), false)
#3 C:\Users\ASUS\Documents\tugas\tugas web framework\tugas\uaswf\public\index.php(37): CodeIgniter\CodeIgniter->run()
#4 C:\Users\ASUS\Documents\tugas\tugas web framework\tugas\uaswf\system\Commands\Server\rewrite.php(43): require_once('C:\\Users\\ASUS\\D...')
#5 {main}
CRITICAL - 2022-06-27 04:13:32 --> Call to undefined method CodeIgniter\Database\MySQLi\Builder::findAll()
#0 C:\Users\ASUS\Documents\tugas\tugas web framework\tugas\uaswf\system\CodeIgniter.php(832): App\Controllers\User->getData()
#1 C:\Users\ASUS\Documents\tugas\tugas web framework\tugas\uaswf\system\CodeIgniter.php(419): CodeIgniter\CodeIgniter->runController(Object(App\Controllers\User))
#2 C:\Users\ASUS\Documents\tugas\tugas web framework\tugas\uaswf\system\CodeIgniter.php(326): CodeIgniter\CodeIgniter->handleRequest(NULL, Object(Config\Cache), false)
#3 C:\Users\ASUS\Documents\tugas\tugas web framework\tugas\uaswf\public\index.php(37): CodeIgniter\CodeIgniter->run()
#4 C:\Users\ASUS\Documents\tugas\tugas web framework\tugas\uaswf\system\Commands\Server\rewrite.php(43): require_once('C:\\Users\\ASUS\\D...')
#5 {main}
CRITICAL - 2022-06-27 04:13:34 --> Call to undefined method CodeIgniter\Database\MySQLi\Builder::findAll()
#0 C:\Users\ASUS\Documents\tugas\tugas web framework\tugas\uaswf\system\CodeIgniter.php(832): App\Controllers\User->getData()
#1 C:\Users\ASUS\Documents\tugas\tugas web framework\tugas\uaswf\system\CodeIgniter.php(419): CodeIgniter\CodeIgniter->runController(Object(App\Controllers\User))
#2 C:\Users\ASUS\Documents\tugas\tugas web framework\tugas\uaswf\system\CodeIgniter.php(326): CodeIgniter\CodeIgniter->handleRequest(NULL, Object(Config\Cache), false)
#3 C:\Users\ASUS\Documents\tugas\tugas web framework\tugas\uaswf\public\index.php(37): CodeIgniter\CodeIgniter->run()
#4 C:\Users\ASUS\Documents\tugas\tugas web framework\tugas\uaswf\system\Commands\Server\rewrite.php(43): require_once('C:\\Users\\ASUS\\D...')
#5 {main}
CRITICAL - 2022-06-27 04:13:37 --> Call to undefined method CodeIgniter\Database\MySQLi\Builder::findAll()
#0 C:\Users\ASUS\Documents\tugas\tugas web framework\tugas\uaswf\system\CodeIgniter.php(832): App\Controllers\User->getData()
#1 C:\Users\ASUS\Documents\tugas\tugas web framework\tugas\uaswf\system\CodeIgniter.php(419): CodeIgniter\CodeIgniter->runController(Object(App\Controllers\User))
#2 C:\Users\ASUS\Documents\tugas\tugas web framework\tugas\uaswf\system\CodeIgniter.php(326): CodeIgniter\CodeIgniter->handleRequest(NULL, Object(Config\Cache), false)
#3 C:\Users\ASUS\Documents\tugas\tugas web framework\tugas\uaswf\public\index.php(37): CodeIgniter\CodeIgniter->run()
#4 C:\Users\ASUS\Documents\tugas\tugas web framework\tugas\uaswf\system\Commands\Server\rewrite.php(43): require_once('C:\\Users\\ASUS\\D...')
#5 {main}
CRITICAL - 2022-06-27 10:26:48 --> Undefined property: stdClass::$nama
#0 C:\Users\ASUS\Documents\tugas\tugas web framework\tugas\uaswf\app\Views\user\list.php(22): CodeIgniter\Debug\Exceptions->errorHandler(8, 'Undefined prope...', 'C:\\Users\\ASUS\\D...', 22, Array)
#1 C:\Users\ASUS\Documents\tugas\tugas web framework\tugas\uaswf\system\View\View.php(210): include('C:\\Users\\ASUS\\D...')
#2 C:\Users\ASUS\Documents\tugas\tugas web framework\tugas\uaswf\system\View\View.php(213): CodeIgniter\View\View->CodeIgniter\View\{closure}()
#3 C:\Users\ASUS\Documents\tugas\tugas web framework\tugas\uaswf\system\Common.php(1089): CodeIgniter\View\View->render('/user/list', Array, true)
#4 C:\Users\ASUS\Documents\tugas\tugas web framework\tugas\uaswf\app\Controllers\User.php(185): view('/user/list', Array)
#5 C:\Users\ASUS\Documents\tugas\tugas web framework\tugas\uaswf\system\CodeIgniter.php(832): App\Controllers\User->getData()
#6 C:\Users\ASUS\Documents\tugas\tugas web framework\tugas\uaswf\system\CodeIgniter.php(419): CodeIgniter\CodeIgniter->runController(Object(App\Controllers\User))
#7 C:\Users\ASUS\Documents\tugas\tugas web framework\tugas\uaswf\system\CodeIgniter.php(326): CodeIgniter\CodeIgniter->handleRequest(NULL, Object(Config\Cache), false)
#8 C:\Users\ASUS\Documents\tugas\tugas web framework\tugas\uaswf\public\index.php(37): CodeIgniter\CodeIgniter->run()
#9 C:\Users\ASUS\Documents\tugas\tugas web framework\tugas\uaswf\system\Commands\Server\rewrite.php(43): require_once('C:\\Users\\ASUS\\D...')
#10 {main}
CRITICAL - 2022-06-27 10:26:50 --> Undefined property: stdClass::$nama
#0 C:\Users\ASUS\Documents\tugas\tugas web framework\tugas\uaswf\app\Views\user\list.php(22): CodeIgniter\Debug\Exceptions->errorHandler(8, 'Undefined prope...', 'C:\\Users\\ASUS\\D...', 22, Array)
#1 C:\Users\ASUS\Documents\tugas\tugas web framework\tugas\uaswf\system\View\View.php(210): include('C:\\Users\\ASUS\\D...')
#2 C:\Users\ASUS\Documents\tugas\tugas web framework\tugas\uaswf\system\View\View.php(213): CodeIgniter\View\View->CodeIgniter\View\{closure}()
#3 C:\Users\ASUS\Documents\tugas\tugas web framework\tugas\uaswf\system\Common.php(1089): CodeIgniter\View\View->render('/user/list', Array, true)
#4 C:\Users\ASUS\Documents\tugas\tugas web framework\tugas\uaswf\app\Controllers\User.php(185): view('/user/list', Array)
#5 C:\Users\ASUS\Documents\tugas\tugas web framework\tugas\uaswf\system\CodeIgniter.php(832): App\Controllers\User->getData()
#6 C:\Users\ASUS\Documents\tugas\tugas web framework\tugas\uaswf\system\CodeIgniter.php(419): CodeIgniter\CodeIgniter->runController(Object(App\Controllers\User))
#7 C:\Users\ASUS\Documents\tugas\tugas web framework\tugas\uaswf\system\CodeIgniter.php(326): CodeIgniter\CodeIgniter->handleRequest(NULL, Object(Config\Cache), false)
#8 C:\Users\ASUS\Documents\tugas\tugas web framework\tugas\uaswf\public\index.php(37): CodeIgniter\CodeIgniter->run()
#9 C:\Users\ASUS\Documents\tugas\tugas web framework\tugas\uaswf\system\Commands\Server\rewrite.php(43): require_once('C:\\Users\\ASUS\\D...')
#10 {main}
CRITICAL - 2022-06-27 10:27:05 --> Undefined property: stdClass::$nama
#0 C:\Users\ASUS\Documents\tugas\tugas web framework\tugas\uaswf\app\Views\user\list.php(22): CodeIgniter\Debug\Exceptions->errorHandler(8, 'Undefined prope...', 'C:\\Users\\ASUS\\D...', 22, Array)
#1 C:\Users\ASUS\Documents\tugas\tugas web framework\tugas\uaswf\system\View\View.php(210): include('C:\\Users\\ASUS\\D...')
#2 C:\Users\ASUS\Documents\tugas\tugas web framework\tugas\uaswf\system\View\View.php(213): CodeIgniter\View\View->CodeIgniter\View\{closure}()
#3 C:\Users\ASUS\Documents\tugas\tugas web framework\tugas\uaswf\system\Common.php(1089): CodeIgniter\View\View->render('/user/list', Array, true)
#4 C:\Users\ASUS\Documents\tugas\tugas web framework\tugas\uaswf\app\Controllers\User.php(185): view('/user/list', Array)
#5 C:\Users\ASUS\Documents\tugas\tugas web framework\tugas\uaswf\system\CodeIgniter.php(832): App\Controllers\User->getData()
#6 C:\Users\ASUS\Documents\tugas\tugas web framework\tugas\uaswf\system\CodeIgniter.php(419): CodeIgniter\CodeIgniter->runController(Object(App\Controllers\User))
#7 C:\Users\ASUS\Documents\tugas\tugas web framework\tugas\uaswf\system\CodeIgniter.php(326): CodeIgniter\CodeIgniter->handleRequest(NULL, Object(Config\Cache), false)
#8 C:\Users\ASUS\Documents\tugas\tugas web framework\tugas\uaswf\public\index.php(37): CodeIgniter\CodeIgniter->run()
#9 C:\Users\ASUS\Documents\tugas\tugas web framework\tugas\uaswf\system\Commands\Server\rewrite.php(43): require_once('C:\\Users\\ASUS\\D...')
#10 {main}
CRITICAL - 2022-06-27 10:27:47 --> Undefined property: stdClass::$nama
#0 C:\Users\ASUS\Documents\tugas\tugas web framework\tugas\uaswf\app\Views\user\list.php(22): CodeIgniter\Debug\Exceptions->errorHandler(8, 'Undefined prope...', 'C:\\Users\\ASUS\\D...', 22, Array)
#1 C:\Users\ASUS\Documents\tugas\tugas web framework\tugas\uaswf\system\View\View.php(210): include('C:\\Users\\ASUS\\D...')
#2 C:\Users\ASUS\Documents\tugas\tugas web framework\tugas\uaswf\system\View\View.php(213): CodeIgniter\View\View->CodeIgniter\View\{closure}()
#3 C:\Users\ASUS\Documents\tugas\tugas web framework\tugas\uaswf\system\Common.php(1089): CodeIgniter\View\View->render('/user/list', Array, true)
#4 C:\Users\ASUS\Documents\tugas\tugas web framework\tugas\uaswf\app\Controllers\User.php(185): view('/user/list', Array)
#5 C:\Users\ASUS\Documents\tugas\tugas web framework\tugas\uaswf\system\CodeIgniter.php(832): App\Controllers\User->getData()
#6 C:\Users\ASUS\Documents\tugas\tugas web framework\tugas\uaswf\system\CodeIgniter.php(419): CodeIgniter\CodeIgniter->runController(Object(App\Controllers\User))
#7 C:\Users\ASUS\Documents\tugas\tugas web framework\tugas\uaswf\system\CodeIgniter.php(326): CodeIgniter\CodeIgniter->handleRequest(NULL, Object(Config\Cache), false)
#8 C:\Users\ASUS\Documents\tugas\tugas web framework\tugas\uaswf\public\index.php(37): CodeIgniter\CodeIgniter->run()
#9 C:\Users\ASUS\Documents\tugas\tugas web framework\tugas\uaswf\system\Commands\Server\rewrite.php(43): require_once('C:\\Users\\ASUS\\D...')
#10 {main}
CRITICAL - 2022-06-27 10:27:48 --> Undefined property: stdClass::$nama
#0 C:\Users\ASUS\Documents\tugas\tugas web framework\tugas\uaswf\app\Views\user\list.php(22): CodeIgniter\Debug\Exceptions->errorHandler(8, 'Undefined prope...', 'C:\\Users\\ASUS\\D...', 22, Array)
#1 C:\Users\ASUS\Documents\tugas\tugas web framework\tugas\uaswf\system\View\View.php(210): include('C:\\Users\\ASUS\\D...')
#2 C:\Users\ASUS\Documents\tugas\tugas web framework\tugas\uaswf\system\View\View.php(213): CodeIgniter\View\View->CodeIgniter\View\{closure}()
#3 C:\Users\ASUS\Documents\tugas\tugas web framework\tugas\uaswf\system\Common.php(1089): CodeIgniter\View\View->render('/user/list', Array, true)
#4 C:\Users\ASUS\Documents\tugas\tugas web framework\tugas\uaswf\app\Controllers\User.php(185): view('/user/list', Array)
#5 C:\Users\ASUS\Documents\tugas\tugas web framework\tugas\uaswf\system\CodeIgniter.php(832): App\Controllers\User->getData()
#6 C:\Users\ASUS\Documents\tugas\tugas web framework\tugas\uaswf\system\CodeIgniter.php(419): CodeIgniter\CodeIgniter->runController(Object(App\Controllers\User))
#7 C:\Users\ASUS\Documents\tugas\tugas web framework\tugas\uaswf\system\CodeIgniter.php(326): CodeIgniter\CodeIgniter->handleRequest(NULL, Object(Config\Cache), false)
#8 C:\Users\ASUS\Documents\tugas\tugas web framework\tugas\uaswf\public\index.php(37): CodeIgniter\CodeIgniter->run()
#9 C:\Users\ASUS\Documents\tugas\tugas web framework\tugas\uaswf\system\Commands\Server\rewrite.php(43): require_once('C:\\Users\\ASUS\\D...')
#10 {main}
CRITICAL - 2022-06-27 10:27:50 --> Undefined property: stdClass::$nama
#0 C:\Users\ASUS\Documents\tugas\tugas web framework\tugas\uaswf\app\Views\user\list.php(22): CodeIgniter\Debug\Exceptions->errorHandler(8, 'Undefined prope...', 'C:\\Users\\ASUS\\D...', 22, Array)
#1 C:\Users\ASUS\Documents\tugas\tugas web framework\tugas\uaswf\system\View\View.php(210): include('C:\\Users\\ASUS\\D...')
#2 C:\Users\ASUS\Documents\tugas\tugas web framework\tugas\uaswf\system\View\View.php(213): CodeIgniter\View\View->CodeIgniter\View\{closure}()
#3 C:\Users\ASUS\Documents\tugas\tugas web framework\tugas\uaswf\system\Common.php(1089): CodeIgniter\View\View->render('/user/list', Array, true)
#4 C:\Users\ASUS\Documents\tugas\tugas web framework\tugas\uaswf\app\Controllers\User.php(185): view('/user/list', Array)
#5 C:\Users\ASUS\Documents\tugas\tugas web framework\tugas\uaswf\system\CodeIgniter.php(832): App\Controllers\User->getData()
#6 C:\Users\ASUS\Documents\tugas\tugas web framework\tugas\uaswf\system\CodeIgniter.php(419): CodeIgniter\CodeIgniter->runController(Object(App\Controllers\User))
#7 C:\Users\ASUS\Documents\tugas\tugas web framework\tugas\uaswf\system\CodeIgniter.php(326): CodeIgniter\CodeIgniter->handleRequest(NULL, Object(Config\Cache), false)
#8 C:\Users\ASUS\Documents\tugas\tugas web framework\tugas\uaswf\public\index.php(37): CodeIgniter\CodeIgniter->run()
#9 C:\Users\ASUS\Documents\tugas\tugas web framework\tugas\uaswf\system\Commands\Server\rewrite.php(43): require_once('C:\\Users\\ASUS\\D...')
#10 {main}
CRITICAL - 2022-06-27 10:28:24 --> Undefined property: stdClass::$nama
#0 C:\Users\ASUS\Documents\tugas\tugas web framework\tugas\uaswf\app\Views\user\list.php(22): CodeIgniter\Debug\Exceptions->errorHandler(8, 'Undefined prope...', 'C:\\Users\\ASUS\\D...', 22, Array)
#1 C:\Users\ASUS\Documents\tugas\tugas web framework\tugas\uaswf\system\View\View.php(210): include('C:\\Users\\ASUS\\D...')
#2 C:\Users\ASUS\Documents\tugas\tugas web framework\tugas\uaswf\system\View\View.php(213): CodeIgniter\View\View->CodeIgniter\View\{closure}()
#3 C:\Users\ASUS\Documents\tugas\tugas web framework\tugas\uaswf\system\Common.php(1089): CodeIgniter\View\View->render('user/list', Array, true)
#4 C:\Users\ASUS\Documents\tugas\tugas web framework\tugas\uaswf\app\Controllers\User.php(185): view('user/list', Array)
#5 C:\Users\ASUS\Documents\tugas\tugas web framework\tugas\uaswf\system\CodeIgniter.php(832): App\Controllers\User->getData()
#6 C:\Users\ASUS\Documents\tugas\tugas web framework\tugas\uaswf\system\CodeIgniter.php(419): CodeIgniter\CodeIgniter->runController(Object(App\Controllers\User))
#7 C:\Users\ASUS\Documents\tugas\tugas web framework\tugas\uaswf\system\CodeIgniter.php(326): CodeIgniter\CodeIgniter->handleRequest(NULL, Object(Config\Cache), false)
#8 C:\Users\ASUS\Documents\tugas\tugas web framework\tugas\uaswf\public\index.php(37): CodeIgniter\CodeIgniter->run()
#9 C:\Users\ASUS\Documents\tugas\tugas web framework\tugas\uaswf\system\Commands\Server\rewrite.php(43): require_once('C:\\Users\\ASUS\\D...')
#10 {main}
CRITICAL - 2022-06-27 10:29:51 --> Undefined property: stdClass::$nama
#0 C:\Users\ASUS\Documents\tugas\tugas web framework\tugas\uaswf\app\Views\user\list.php(22): CodeIgniter\Debug\Exceptions->errorHandler(8, 'Undefined prope...', 'C:\\Users\\ASUS\\D...', 22, Array)
#1 C:\Users\ASUS\Documents\tugas\tugas web framework\tugas\uaswf\system\View\View.php(210): include('C:\\Users\\ASUS\\D...')
#2 C:\Users\ASUS\Documents\tugas\tugas web framework\tugas\uaswf\system\View\View.php(213): CodeIgniter\View\View->CodeIgniter\View\{closure}()
#3 C:\Users\ASUS\Documents\tugas\tugas web framework\tugas\uaswf\system\Common.php(1089): CodeIgniter\View\View->render('/user/list', Array, true)
#4 C:\Users\ASUS\Documents\tugas\tugas web framework\tugas\uaswf\app\Controllers\User.php(185): view('/user/list', Array)
#5 C:\Users\ASUS\Documents\tugas\tugas web framework\tugas\uaswf\system\CodeIgniter.php(832): App\Controllers\User->getData()
#6 C:\Users\ASUS\Documents\tugas\tugas web framework\tugas\uaswf\system\CodeIgniter.php(419): CodeIgniter\CodeIgniter->runController(Object(App\Controllers\User))
#7 C:\Users\ASUS\Documents\tugas\tugas web framework\tugas\uaswf\system\CodeIgniter.php(326): CodeIgniter\CodeIgniter->handleRequest(NULL, Object(Config\Cache), false)
#8 C:\Users\ASUS\Documents\tugas\tugas web framework\tugas\uaswf\public\index.php(37): CodeIgniter\CodeIgniter->run()
#9 C:\Users\ASUS\Documents\tugas\tugas web framework\tugas\uaswf\system\Commands\Server\rewrite.php(43): require_once('C:\\Users\\ASUS\\D...')
#10 {main}
CRITICAL - 2022-06-27 10:30:24 --> Undefined property: stdClass::$nama
#0 C:\Users\ASUS\Documents\tugas\tugas web framework\tugas\uaswf\app\Views\user\list.php(22): CodeIgniter\Debug\Exceptions->errorHandler(8, 'Undefined prope...', 'C:\\Users\\ASUS\\D...', 22, Array)
#1 C:\Users\ASUS\Documents\tugas\tugas web framework\tugas\uaswf\system\View\View.php(210): include('C:\\Users\\ASUS\\D...')
#2 C:\Users\ASUS\Documents\tugas\tugas web framework\tugas\uaswf\system\View\View.php(213): CodeIgniter\View\View->CodeIgniter\View\{closure}()
#3 C:\Users\ASUS\Documents\tugas\tugas web framework\tugas\uaswf\system\Common.php(1089): CodeIgniter\View\View->render('/user/list', Array, true)
#4 C:\Users\ASUS\Documents\tugas\tugas web framework\tugas\uaswf\app\Controllers\User.php(185): view('/user/list', Array)
#5 C:\Users\ASUS\Documents\tugas\tugas web framework\tugas\uaswf\system\CodeIgniter.php(832): App\Controllers\User->getData()
#6 C:\Users\ASUS\Documents\tugas\tugas web framework\tugas\uaswf\system\CodeIgniter.php(419): CodeIgniter\CodeIgniter->runController(Object(App\Controllers\User))
#7 C:\Users\ASUS\Documents\tugas\tugas web framework\tugas\uaswf\system\CodeIgniter.php(326): CodeIgniter\CodeIgniter->handleRequest(NULL, Object(Config\Cache), false)
#8 C:\Users\ASUS\Documents\tugas\tugas web framework\tugas\uaswf\public\index.php(37): CodeIgniter\CodeIgniter->run()
#9 C:\Users\ASUS\Documents\tugas\tugas web framework\tugas\uaswf\system\Commands\Server\rewrite.php(43): require_once('C:\\Users\\ASUS\\D...')
#10 {main}
CRITICAL - 2022-06-27 10:30:54 --> Undefined property: stdClass::$nama_lab
#0 C:\Users\ASUS\Documents\tugas\tugas web framework\tugas\uaswf\app\Views\user\list.php(23): CodeIgniter\Debug\Exceptions->errorHandler(8, 'Undefined prope...', 'C:\\Users\\ASUS\\D...', 23, Array)
#1 C:\Users\ASUS\Documents\tugas\tugas web framework\tugas\uaswf\system\View\View.php(210): include('C:\\Users\\ASUS\\D...')
#2 C:\Users\ASUS\Documents\tugas\tugas web framework\tugas\uaswf\system\View\View.php(213): CodeIgniter\View\View->CodeIgniter\View\{closure}()
#3 C:\Users\ASUS\Documents\tugas\tugas web framework\tugas\uaswf\system\Common.php(1089): CodeIgniter\View\View->render('/user/list', Array, true)
#4 C:\Users\ASUS\Documents\tugas\tugas web framework\tugas\uaswf\app\Controllers\User.php(185): view('/user/list', Array)
#5 C:\Users\ASUS\Documents\tugas\tugas web framework\tugas\uaswf\system\CodeIgniter.php(832): App\Controllers\User->getData()
#6 C:\Users\ASUS\Documents\tugas\tugas web framework\tugas\uaswf\system\CodeIgniter.php(419): CodeIgniter\CodeIgniter->runController(Object(App\Controllers\User))
#7 C:\Users\ASUS\Documents\tugas\tugas web framework\tugas\uaswf\system\CodeIgniter.php(326): CodeIgniter\CodeIgniter->handleRequest(NULL, Object(Config\Cache), false)
#8 C:\Users\ASUS\Documents\tugas\tugas web framework\tugas\uaswf\public\index.php(37): CodeIgniter\CodeIgniter->run()
#9 C:\Users\ASUS\Documents\tugas\tugas web framework\tugas\uaswf\system\Commands\Server\rewrite.php(43): require_once('C:\\Users\\ASUS\\D...')
#10 {main}
CRITICAL - 2022-06-27 10:42:07 --> Too few arguments to function App\Controllers\User::getData(), 0 passed in C:\Users\ASUS\Documents\tugas\tugas web framework\tugas\uaswf\system\CodeIgniter.php on line 832 and exactly 1 expected
#0 C:\Users\ASUS\Documents\tugas\tugas web framework\tugas\uaswf\system\CodeIgniter.php(832): App\Controllers\User->getData()
#1 C:\Users\ASUS\Documents\tugas\tugas web framework\tugas\uaswf\system\CodeIgniter.php(419): CodeIgniter\CodeIgniter->runController(Object(App\Controllers\User))
#2 C:\Users\ASUS\Documents\tugas\tugas web framework\tugas\uaswf\system\CodeIgniter.php(326): CodeIgniter\CodeIgniter->handleRequest(NULL, Object(Config\Cache), false)
#3 C:\Users\ASUS\Documents\tugas\tugas web framework\tugas\uaswf\public\index.php(37): CodeIgniter\CodeIgniter->run()
#4 C:\Users\ASUS\Documents\tugas\tugas web framework\tugas\uaswf\system\Commands\Server\rewrite.php(43): require_once('C:\\Users\\ASUS\\D...')
#5 {main}
CRITICAL - 2022-06-27 11:13:32 --> Undefined variable: item
#0 C:\Users\ASUS\Documents\tugas\tugas web framework\tugas\uaswf\app\Views\user\list.php(30): CodeIgniter\Debug\Exceptions->errorHandler(8, 'Undefined varia...', 'C:\\Users\\ASUS\\D...', 30, Array)
#1 C:\Users\ASUS\Documents\tugas\tugas web framework\tugas\uaswf\system\View\View.php(210): include('C:\\Users\\ASUS\\D...')
#2 C:\Users\ASUS\Documents\tugas\tugas web framework\tugas\uaswf\system\View\View.php(213): CodeIgniter\View\View->CodeIgniter\View\{closure}()
#3 C:\Users\ASUS\Documents\tugas\tugas web framework\tugas\uaswf\system\Common.php(1089): CodeIgniter\View\View->render('/user/list', Array, true)
#4 C:\Users\ASUS\Documents\tugas\tugas web framework\tugas\uaswf\app\Controllers\User.php(216): view('/user/list', Array)
#5 C:\Users\ASUS\Documents\tugas\tugas web framework\tugas\uaswf\system\CodeIgniter.php(832): App\Controllers\User->getData()
#6 C:\Users\ASUS\Documents\tugas\tugas web framework\tugas\uaswf\system\CodeIgniter.php(419): CodeIgniter\CodeIgniter->runController(Object(App\Controllers\User))
#7 C:\Users\ASUS\Documents\tugas\tugas web framework\tugas\uaswf\system\CodeIgniter.php(326): CodeIgniter\CodeIgniter->handleRequest(NULL, Object(Config\Cache), false)
#8 C:\Users\ASUS\Documents\tugas\tugas web framework\tugas\uaswf\public\index.php(37): CodeIgniter\CodeIgniter->run()
#9 C:\Users\ASUS\Documents\tugas\tugas web framework\tugas\uaswf\system\Commands\Server\rewrite.php(43): require_once('C:\\Users\\ASUS\\D...')
#10 {main}
CRITICAL - 2022-06-27 11:13:34 --> Undefined variable: item
#0 C:\Users\ASUS\Documents\tugas\tugas web framework\tugas\uaswf\app\Views\user\list.php(30): CodeIgniter\Debug\Exceptions->errorHandler(8, 'Undefined varia...', 'C:\\Users\\ASUS\\D...', 30, Array)
#1 C:\Users\ASUS\Documents\tugas\tugas web framework\tugas\uaswf\system\View\View.php(210): include('C:\\Users\\ASUS\\D...')
#2 C:\Users\ASUS\Documents\tugas\tugas web framework\tugas\uaswf\system\View\View.php(213): CodeIgniter\View\View->CodeIgniter\View\{closure}()
#3 C:\Users\ASUS\Documents\tugas\tugas web framework\tugas\uaswf\system\Common.php(1089): CodeIgniter\View\View->render('/user/list', Array, true)
#4 C:\Users\ASUS\Documents\tugas\tugas web framework\tugas\uaswf\app\Controllers\User.php(216): view('/user/list', Array)
#5 C:\Users\ASUS\Documents\tugas\tugas web framework\tugas\uaswf\system\CodeIgniter.php(832): App\Controllers\User->getData()
#6 C:\Users\ASUS\Documents\tugas\tugas web framework\tugas\uaswf\system\CodeIgniter.php(419): CodeIgniter\CodeIgniter->runController(Object(App\Controllers\User))
#7 C:\Users\ASUS\Documents\tugas\tugas web framework\tugas\uaswf\system\CodeIgniter.php(326): CodeIgniter\CodeIgniter->handleRequest(NULL, Object(Config\Cache), false)
#8 C:\Users\ASUS\Documents\tugas\tugas web framework\tugas\uaswf\public\index.php(37): CodeIgniter\CodeIgniter->run()
#9 C:\Users\ASUS\Documents\tugas\tugas web framework\tugas\uaswf\system\Commands\Server\rewrite.php(43): require_once('C:\\Users\\ASUS\\D...')
#10 {main}
CRITICAL - 2022-06-27 11:14:38 --> Undefined variable: item
#0 C:\Users\ASUS\Documents\tugas\tugas web framework\tugas\uaswf\app\Views\user\list.php(30): CodeIgniter\Debug\Exceptions->errorHandler(8, 'Undefined varia...', 'C:\\Users\\ASUS\\D...', 30, Array)
#1 C:\Users\ASUS\Documents\tugas\tugas web framework\tugas\uaswf\system\View\View.php(210): include('C:\\Users\\ASUS\\D...')
#2 C:\Users\ASUS\Documents\tugas\tugas web framework\tugas\uaswf\system\View\View.php(213): CodeIgniter\View\View->CodeIgniter\View\{closure}()
#3 C:\Users\ASUS\Documents\tugas\tugas web framework\tugas\uaswf\system\Common.php(1089): CodeIgniter\View\View->render('/user/list', Array, true)
#4 C:\Users\ASUS\Documents\tugas\tugas web framework\tugas\uaswf\app\Controllers\User.php(216): view('/user/list', Array)
#5 C:\Users\ASUS\Documents\tugas\tugas web framework\tugas\uaswf\system\CodeIgniter.php(832): App\Controllers\User->getData()
#6 C:\Users\ASUS\Documents\tugas\tugas web framework\tugas\uaswf\system\CodeIgniter.php(419): CodeIgniter\CodeIgniter->runController(Object(App\Controllers\User))
#7 C:\Users\ASUS\Documents\tugas\tugas web framework\tugas\uaswf\system\CodeIgniter.php(326): CodeIgniter\CodeIgniter->handleRequest(NULL, Object(Config\Cache), false)
#8 C:\Users\ASUS\Documents\tugas\tugas web framework\tugas\uaswf\public\index.php(37): CodeIgniter\CodeIgniter->run()
#9 C:\Users\ASUS\Documents\tugas\tugas web framework\tugas\uaswf\system\Commands\Server\rewrite.php(43): require_once('C:\\Users\\ASUS\\D...')
#10 {main}
CRITICAL - 2022-06-27 11:14:45 --> Undefined variable: item
#0 C:\Users\ASUS\Documents\tugas\tugas web framework\tugas\uaswf\app\Views\user\list.php(30): CodeIgniter\Debug\Exceptions->errorHandler(8, 'Undefined varia...', 'C:\\Users\\ASUS\\D...', 30, Array)
#1 C:\Users\ASUS\Documents\tugas\tugas web framework\tugas\uaswf\system\View\View.php(210): include('C:\\Users\\ASUS\\D...')
#2 C:\Users\ASUS\Documents\tugas\tugas web framework\tugas\uaswf\system\View\View.php(213): CodeIgniter\View\View->CodeIgniter\View\{closure}()
#3 C:\Users\ASUS\Documents\tugas\tugas web framework\tugas\uaswf\system\Common.php(1089): CodeIgniter\View\View->render('/user/list', Array, true)
#4 C:\Users\ASUS\Documents\tugas\tugas web framework\tugas\uaswf\app\Controllers\User.php(216): view('/user/list', Array)
#5 C:\Users\ASUS\Documents\tugas\tugas web framework\tugas\uaswf\system\CodeIgniter.php(832): App\Controllers\User->getData()
#6 C:\Users\ASUS\Documents\tugas\tugas web framework\tugas\uaswf\system\CodeIgniter.php(419): CodeIgniter\CodeIgniter->runController(Object(App\Controllers\User))
#7 C:\Users\ASUS\Documents\tugas\tugas web framework\tugas\uaswf\system\CodeIgniter.php(326): CodeIgniter\CodeIgniter->handleRequest(NULL, Object(Config\Cache), false)
#8 C:\Users\ASUS\Documents\tugas\tugas web framework\tugas\uaswf\public\index.php(37): CodeIgniter\CodeIgniter->run()
#9 C:\Users\ASUS\Documents\tugas\tugas web framework\tugas\uaswf\system\Commands\Server\rewrite.php(43): require_once('C:\\Users\\ASUS\\D...')
#10 {main}
CRITICAL - 2022-06-27 11:14:47 --> Undefined variable: item
#0 C:\Users\ASUS\Documents\tugas\tugas web framework\tugas\uaswf\app\Views\user\list.php(30): CodeIgniter\Debug\Exceptions->errorHandler(8, 'Undefined varia...', 'C:\\Users\\ASUS\\D...', 30, Array)
#1 C:\Users\ASUS\Documents\tugas\tugas web framework\tugas\uaswf\system\View\View.php(210): include('C:\\Users\\ASUS\\D...')
#2 C:\Users\ASUS\Documents\tugas\tugas web framework\tugas\uaswf\system\View\View.php(213): CodeIgniter\View\View->CodeIgniter\View\{closure}()
#3 C:\Users\ASUS\Documents\tugas\tugas web framework\tugas\uaswf\system\Common.php(1089): CodeIgniter\View\View->render('/user/list', Array, true)
#4 C:\Users\ASUS\Documents\tugas\tugas web framework\tugas\uaswf\app\Controllers\User.php(216): view('/user/list', Array)
#5 C:\Users\ASUS\Documents\tugas\tugas web framework\tugas\uaswf\system\CodeIgniter.php(832): App\Controllers\User->getData()
#6 C:\Users\ASUS\Documents\tugas\tugas web framework\tugas\uaswf\system\CodeIgniter.php(419): CodeIgniter\CodeIgniter->runController(Object(App\Controllers\User))
#7 C:\Users\ASUS\Documents\tugas\tugas web framework\tugas\uaswf\system\CodeIgniter.php(326): CodeIgniter\CodeIgniter->handleRequest(NULL, Object(Config\Cache), false)
#8 C:\Users\ASUS\Documents\tugas\tugas web framework\tugas\uaswf\public\index.php(37): CodeIgniter\CodeIgniter->run()
#9 C:\Users\ASUS\Documents\tugas\tugas web framework\tugas\uaswf\system\Commands\Server\rewrite.php(43): require_once('C:\\Users\\ASUS\\D...')
#10 {main}
CRITICAL - 2022-06-27 11:15:03 --> Undefined variable: item
#0 C:\Users\ASUS\Documents\tugas\tugas web framework\tugas\uaswf\app\Views\user\list.php(30): CodeIgniter\Debug\Exceptions->errorHandler(8, 'Undefined varia...', 'C:\\Users\\ASUS\\D...', 30, Array)
#1 C:\Users\ASUS\Documents\tugas\tugas web framework\tugas\uaswf\system\View\View.php(210): include('C:\\Users\\ASUS\\D...')
#2 C:\Users\ASUS\Documents\tugas\tugas web framework\tugas\uaswf\system\View\View.php(213): CodeIgniter\View\View->CodeIgniter\View\{closure}()
#3 C:\Users\ASUS\Documents\tugas\tugas web framework\tugas\uaswf\system\Common.php(1089): CodeIgniter\View\View->render('/user/list', Array, true)
#4 C:\Users\ASUS\Documents\tugas\tugas web framework\tugas\uaswf\app\Controllers\User.php(216): view('/user/list', Array)
#5 C:\Users\ASUS\Documents\tugas\tugas web framework\tugas\uaswf\system\CodeIgniter.php(832): App\Controllers\User->getData()
#6 C:\Users\ASUS\Documents\tugas\tugas web framework\tugas\uaswf\system\CodeIgniter.php(419): CodeIgniter\CodeIgniter->runController(Object(App\Controllers\User))
#7 C:\Users\ASUS\Documents\tugas\tugas web framework\tugas\uaswf\system\CodeIgniter.php(326): CodeIgniter\CodeIgniter->handleRequest(NULL, Object(Config\Cache), false)
#8 C:\Users\ASUS\Documents\tugas\tugas web framework\tugas\uaswf\public\index.php(37): CodeIgniter\CodeIgniter->run()
#9 C:\Users\ASUS\Documents\tugas\tugas web framework\tugas\uaswf\system\Commands\Server\rewrite.php(43): require_once('C:\\Users\\ASUS\\D...')
#10 {main}
CRITICAL - 2022-06-27 11:43:24 --> Undefined property: stdClass::$kode
#0 C:\Users\ASUS\Documents\tugas\tugas web framework\tugas\uaswf\app\Views\admin\acc.php(37): CodeIgniter\Debug\Exceptions->errorHandler(8, 'Undefined prope...', 'C:\\Users\\ASUS\\D...', 37, Array)
#1 C:\Users\ASUS\Documents\tugas\tugas web framework\tugas\uaswf\system\View\View.php(210): include('C:\\Users\\ASUS\\D...')
#2 C:\Users\ASUS\Documents\tugas\tugas web framework\tugas\uaswf\system\View\View.php(213): CodeIgniter\View\View->CodeIgniter\View\{closure}()
#3 C:\Users\ASUS\Documents\tugas\tugas web framework\tugas\uaswf\system\Common.php(1089): CodeIgniter\View\View->render('/admin/acc', Array, true)
#4 C:\Users\ASUS\Documents\tugas\tugas web framework\tugas\uaswf\app\Controllers\Admin.php(223): view('/admin/acc', Array)
#5 C:\Users\ASUS\Documents\tugas\tugas web framework\tugas\uaswf\system\CodeIgniter.php(832): App\Controllers\Admin->acc()
#6 C:\Users\ASUS\Documents\tugas\tugas web framework\tugas\uaswf\system\CodeIgniter.php(419): CodeIgniter\CodeIgniter->runController(Object(App\Controllers\Admin))
#7 C:\Users\ASUS\Documents\tugas\tugas web framework\tugas\uaswf\system\CodeIgniter.php(326): CodeIgniter\CodeIgniter->handleRequest(NULL, Object(Config\Cache), false)
#8 C:\Users\ASUS\Documents\tugas\tugas web framework\tugas\uaswf\public\index.php(37): CodeIgniter\CodeIgniter->run()
#9 C:\Users\ASUS\Documents\tugas\tugas web framework\tugas\uaswf\system\Commands\Server\rewrite.php(43): require_once('C:\\Users\\ASUS\\D...')
#10 {main}
CRITICAL - 2022-06-27 17:44:11 --> explode(): Passing null to parameter #2 ($string) of type string is deprecated
#0 [internal function]: CodeIgniter\Debug\Exceptions->errorHandler(8192, 'explode(): Pass...', 'D:\\Kuliah\\Smt 6...', 138)
#1 D:\Kuliah\Smt 6\pemweb framework\uas\uaswf\app\Controllers\User.php(138): explode('|', NULL)
#2 D:\Kuliah\Smt 6\pemweb framework\uas\uaswf\system\CodeIgniter.php(832): App\Controllers\User->pesan()
#3 D:\Kuliah\Smt 6\pemweb framework\uas\uaswf\system\CodeIgniter.php(419): CodeIgniter\CodeIgniter->runController(Object(App\Controllers\User))
#4 D:\Kuliah\Smt 6\pemweb framework\uas\uaswf\system\CodeIgniter.php(326): CodeIgniter\CodeIgniter->handleRequest(NULL, Object(Config\Cache), false)
#5 D:\Kuliah\Smt 6\pemweb framework\uas\uaswf\public\index.php(37): CodeIgniter\CodeIgniter->run()
#6 D:\Kuliah\Smt 6\pemweb framework\uas\uaswf\system\Commands\Server\rewrite.php(43): require_once('D:\\Kuliah\\Smt 6...')
#7 {main}
ERROR - 2022-06-27 18:51:09 --> Table 'mnazmiwm_uaswf.auth_group_users' doesn't exist
CRITICAL - 2022-06-27 18:51:09 --> Table 'mnazmiwm_uaswf.auth_group_users' doesn't exist
#0 D:\Kuliah\Smt 6\pemweb framework\uas\uaswf\system\Database\MySQLi\Connection.php(292): mysqli->query('SELECT *\nFROM `...', 0)
#1 D:\Kuliah\Smt 6\pemweb framework\uas\uaswf\system\Database\BaseConnection.php(670): CodeIgniter\Database\MySQLi\Connection->execute('SELECT *\nFROM `...')
#2 D:\Kuliah\Smt 6\pemweb framework\uas\uaswf\system\Database\BaseConnection.php(598): CodeIgniter\Database\BaseConnection->simpleQuery('SELECT *\nFROM `...')
#3 D:\Kuliah\Smt 6\pemweb framework\uas\uaswf\system\Database\BaseBuilder.php(1455): CodeIgniter\Database\BaseConnection->query('SELECT *\nFROM `...', Array, false)
#4 D:\Kuliah\Smt 6\pemweb framework\uas\uaswf\app\Controllers\Admin.php(249): CodeIgniter\Database\BaseBuilder->get()
#5 D:\Kuliah\Smt 6\pemweb framework\uas\uaswf\system\CodeIgniter.php(832): App\Controllers\Admin->getDashboardData()
#6 D:\Kuliah\Smt 6\pemweb framework\uas\uaswf\system\CodeIgniter.php(419): CodeIgniter\CodeIgniter->runController(Object(App\Controllers\Admin))
#7 D:\Kuliah\Smt 6\pemweb framework\uas\uaswf\system\CodeIgniter.php(326): CodeIgniter\CodeIgniter->handleRequest(NULL, Object(Config\Cache), false)
#8 D:\Kuliah\Smt 6\pemweb framework\uas\uaswf\public\index.php(37): CodeIgniter\CodeIgniter->run()
#9 D:\Kuliah\Smt 6\pemweb framework\uas\uaswf\system\Commands\Server\rewrite.php(43): require_once('D:\\Kuliah\\Smt 6...')
#10 {main}
CRITICAL - 2022-06-27 18:51:50 --> Invalid file: /admin.php
#0 D:\Kuliah\Smt 6\pemweb framework\uas\uaswf\system\View\View.php(198): CodeIgniter\Exceptions\FrameworkException::forInvalidFile('/admin.php')
#1 D:\Kuliah\Smt 6\pemweb framework\uas\uaswf\system\Common.php(1089): CodeIgniter\View\View->render('/admin', Array, true)
#2 D:\Kuliah\Smt 6\pemweb framework\uas\uaswf\app\Controllers\Admin.php(256): view('/admin', Array)
#3 D:\Kuliah\Smt 6\pemweb framework\uas\uaswf\system\CodeIgniter.php(832): App\Controllers\Admin->getDashboardData()
#4 D:\Kuliah\Smt 6\pemweb framework\uas\uaswf\system\CodeIgniter.php(419): CodeIgniter\CodeIgniter->runController(Object(App\Controllers\Admin))
#5 D:\Kuliah\Smt 6\pemweb framework\uas\uaswf\system\CodeIgniter.php(326): CodeIgniter\CodeIgniter->handleRequest(NULL, Object(Config\Cache), false)
#6 D:\Kuliah\Smt 6\pemweb framework\uas\uaswf\public\index.php(37): CodeIgniter\CodeIgniter->run()
#7 D:\Kuliah\Smt 6\pemweb framework\uas\uaswf\system\Commands\Server\rewrite.php(43): require_once('D:\\Kuliah\\Smt 6...')
#8 {main}
CRITICAL - 2022-06-27 18:52:10 --> Invalid file: /admin/.php
#0 D:\Kuliah\Smt 6\pemweb framework\uas\uaswf\system\View\View.php(198): CodeIgniter\Exceptions\FrameworkException::forInvalidFile('/admin/.php')
#1 D:\Kuliah\Smt 6\pemweb framework\uas\uaswf\system\Common.php(1089): CodeIgniter\View\View->render('/admin/', Array, true)
#2 D:\Kuliah\Smt 6\pemweb framework\uas\uaswf\app\Controllers\Admin.php(256): view('/admin/', Array)
#3 D:\Kuliah\Smt 6\pemweb framework\uas\uaswf\system\CodeIgniter.php(832): App\Controllers\Admin->getDashboardData()
#4 D:\Kuliah\Smt 6\pemweb framework\uas\uaswf\system\CodeIgniter.php(419): CodeIgniter\CodeIgniter->runController(Object(App\Controllers\Admin))
#5 D:\Kuliah\Smt 6\pemweb framework\uas\uaswf\system\CodeIgniter.php(326): CodeIgniter\CodeIgniter->handleRequest(NULL, Object(Config\Cache), false)
#6 D:\Kuliah\Smt 6\pemweb framework\uas\uaswf\public\index.php(37): CodeIgniter\CodeIgniter->run()
#7 D:\Kuliah\Smt 6\pemweb framework\uas\uaswf\system\Commands\Server\rewrite.php(43): require_once('D:\\Kuliah\\Smt 6...')
#8 {main}
CRITICAL - 2022-06-27 18:52:23 --> in_array(): Argument #2 ($haystack) must be of type array, stdClass given
#0 D:\Kuliah\Smt 6\pemweb framework\uas\uaswf\app\Views\admin\index.php(39): in_array('38', Object(stdClass))
#1 D:\Kuliah\Smt 6\pemweb framework\uas\uaswf\system\View\View.php(210): include('D:\\Kuliah\\Smt 6...')
#2 D:\Kuliah\Smt 6\pemweb framework\uas\uaswf\system\View\View.php(213): CodeIgniter\View\View->CodeIgniter\View\{closure}()
#3 D:\Kuliah\Smt 6\pemweb framework\uas\uaswf\system\Common.php(1089): CodeIgniter\View\View->render('/admin/index', Array, true)
#4 D:\Kuliah\Smt 6\pemweb framework\uas\uaswf\app\Controllers\Admin.php(256): view('/admin/index', Array)
#5 D:\Kuliah\Smt 6\pemweb framework\uas\uaswf\system\CodeIgniter.php(832): App\Controllers\Admin->getDashboardData()
#6 D:\Kuliah\Smt 6\pemweb framework\uas\uaswf\system\CodeIgniter.php(419): CodeIgniter\CodeIgniter->runController(Object(App\Controllers\Admin))
#7 D:\Kuliah\Smt 6\pemweb framework\uas\uaswf\system\CodeIgniter.php(326): CodeIgniter\CodeIgniter->handleRequest(NULL, Object(Config\Cache), false)
#8 D:\Kuliah\Smt 6\pemweb framework\uas\uaswf\public\index.php(37): CodeIgniter\CodeIgniter->run()
#9 D:\Kuliah\Smt 6\pemweb framework\uas\uaswf\system\Commands\Server\rewrite.php(43): require_once('D:\\Kuliah\\Smt 6...')
#10 {main}
CRITICAL - 2022-06-27 18:59:37 --> Attempt to read property "deleted_at" on string
#0 D:\Kuliah\Smt 6\pemweb framework\uas\uaswf\app\Views\admin\index.php(40): CodeIgniter\Debug\Exceptions->errorHandler(2, 'Attempt to read...', 'D:\\Kuliah\\Smt 6...', 40)
#1 D:\Kuliah\Smt 6\pemweb framework\uas\uaswf\system\View\View.php(210): include('D:\\Kuliah\\Smt 6...')
#2 D:\Kuliah\Smt 6\pemweb framework\uas\uaswf\system\View\View.php(213): CodeIgniter\View\View->CodeIgniter\View\{closure}()
#3 D:\Kuliah\Smt 6\pemweb framework\uas\uaswf\system\Common.php(1089): CodeIgniter\View\View->render('/admin/index', Array, true)
#4 D:\Kuliah\Smt 6\pemweb framework\uas\uaswf\app\Controllers\Admin.php(256): view('/admin/index', Array)
#5 D:\Kuliah\Smt 6\pemweb framework\uas\uaswf\system\CodeIgniter.php(832): App\Controllers\Admin->getDashboardData()
#6 D:\Kuliah\Smt 6\pemweb framework\uas\uaswf\system\CodeIgniter.php(419): CodeIgniter\CodeIgniter->runController(Object(App\Controllers\Admin))
#7 D:\Kuliah\Smt 6\pemweb framework\uas\uaswf\system\CodeIgniter.php(326): CodeIgniter\CodeIgniter->handleRequest(NULL, Object(Config\Cache), false)
#8 D:\Kuliah\Smt 6\pemweb framework\uas\uaswf\public\index.php(37): CodeIgniter\CodeIgniter->run()
#9 D:\Kuliah\Smt 6\pemweb framework\uas\uaswf\system\Commands\Server\rewrite.php(43): require_once('D:\\Kuliah\\Smt 6...')
#10 {main}
CRITICAL - 2022-06-27 19:00:11 --> array_push(): Argument #1 ($array) must be of type array, null given
#0 D:\Kuliah\Smt 6\pemweb framework\uas\uaswf\app\Views\admin\index.php(41): array_push(NULL)
#1 D:\Kuliah\Smt 6\pemweb framework\uas\uaswf\system\View\View.php(210): include('D:\\Kuliah\\Smt 6...')
#2 D:\Kuliah\Smt 6\pemweb framework\uas\uaswf\system\View\View.php(213): CodeIgniter\View\View->CodeIgniter\View\{closure}()
#3 D:\Kuliah\Smt 6\pemweb framework\uas\uaswf\system\Common.php(1089): CodeIgniter\View\View->render('/admin/index', Array, true)
#4 D:\Kuliah\Smt 6\pemweb framework\uas\uaswf\app\Controllers\Admin.php(256): view('/admin/index', Array)
#5 D:\Kuliah\Smt 6\pemweb framework\uas\uaswf\system\CodeIgniter.php(832): App\Controllers\Admin->getDashboardData()
#6 D:\Kuliah\Smt 6\pemweb framework\uas\uaswf\system\CodeIgniter.php(419): CodeIgniter\CodeIgniter->runController(Object(App\Controllers\Admin))
#7 D:\Kuliah\Smt 6\pemweb framework\uas\uaswf\system\CodeIgniter.php(326): CodeIgniter\CodeIgniter->handleRequest(NULL, Object(Config\Cache), false)
#8 D:\Kuliah\Smt 6\pemweb framework\uas\uaswf\public\index.php(37): CodeIgniter\CodeIgniter->run()
#9 D:\Kuliah\Smt 6\pemweb framework\uas\uaswf\system\Commands\Server\rewrite.php(43): require_once('D:\\Kuliah\\Smt 6...')
#10 {main}
CRITICAL - 2022-06-27 19:00:44 --> Undefined property: stdClass::$user_id
#0 D:\Kuliah\Smt 6\pemweb framework\uas\uaswf\app\Views\admin\index.php(41): CodeIgniter\Debug\Exceptions->errorHandler(2, 'Undefined prope...', 'D:\\Kuliah\\Smt 6...', 41)
#1 D:\Kuliah\Smt 6\pemweb framework\uas\uaswf\system\View\View.php(210): include('D:\\Kuliah\\Smt 6...')
#2 D:\Kuliah\Smt 6\pemweb framework\uas\uaswf\system\View\View.php(213): CodeIgniter\View\View->CodeIgniter\View\{closure}()
#3 D:\Kuliah\Smt 6\pemweb framework\uas\uaswf\system\Common.php(1089): CodeIgniter\View\View->render('/admin/index', Array, true)
#4 D:\Kuliah\Smt 6\pemweb framework\uas\uaswf\app\Controllers\Admin.php(256): view('/admin/index', Array)
#5 D:\Kuliah\Smt 6\pemweb framework\uas\uaswf\system\CodeIgniter.php(832): App\Controllers\Admin->getDashboardData()
#6 D:\Kuliah\Smt 6\pemweb framework\uas\uaswf\system\CodeIgniter.php(419): CodeIgniter\CodeIgniter->runController(Object(App\Controllers\Admin))
#7 D:\Kuliah\Smt 6\pemweb framework\uas\uaswf\system\CodeIgniter.php(326): CodeIgniter\CodeIgniter->handleRequest(NULL, Object(Config\Cache), false)
#8 D:\Kuliah\Smt 6\pemweb framework\uas\uaswf\public\index.php(37): CodeIgniter\CodeIgniter->run()
#9 D:\Kuliah\Smt 6\pemweb framework\uas\uaswf\system\Commands\Server\rewrite.php(43): require_once('D:\\Kuliah\\Smt 6...')
#10 {main}
CRITICAL - 2022-06-27 19:01:37 --> Undefined property: stdClass::$user_id
#0 D:\Kuliah\Smt 6\pemweb framework\uas\uaswf\app\Views\admin\index.php(41): CodeIgniter\Debug\Exceptions->errorHandler(2, 'Undefined prope...', 'D:\\Kuliah\\Smt 6...', 41)
#1 D:\Kuliah\Smt 6\pemweb framework\uas\uaswf\system\View\View.php(210): include('D:\\Kuliah\\Smt 6...')
#2 D:\Kuliah\Smt 6\pemweb framework\uas\uaswf\system\View\View.php(213): CodeIgniter\View\View->CodeIgniter\View\{closure}()
#3 D:\Kuliah\Smt 6\pemweb framework\uas\uaswf\system\Common.php(1089): CodeIgniter\View\View->render('/admin/index', Array, true)
#4 D:\Kuliah\Smt 6\pemweb framework\uas\uaswf\app\Controllers\Admin.php(257): view('/admin/index', Array)
#5 D:\Kuliah\Smt 6\pemweb framework\uas\uaswf\system\CodeIgniter.php(832): App\Controllers\Admin->getDashboardData()
#6 D:\Kuliah\Smt 6\pemweb framework\uas\uaswf\system\CodeIgniter.php(419): CodeIgniter\CodeIgniter->runController(Object(App\Controllers\Admin))
#7 D:\Kuliah\Smt 6\pemweb framework\uas\uaswf\system\CodeIgniter.php(326): CodeIgniter\CodeIgniter->handleRequest(NULL, Object(Config\Cache), false)
#8 D:\Kuliah\Smt 6\pemweb framework\uas\uaswf\public\index.php(37): CodeIgniter\CodeIgniter->run()
#9 D:\Kuliah\Smt 6\pemweb framework\uas\uaswf\system\Commands\Server\rewrite.php(43): require_once('D:\\Kuliah\\Smt 6...')
#10 {main}
CRITICAL - 2022-06-27 19:02:11 --> Attempt to read property "deleted_at" on string
#0 D:\Kuliah\Smt 6\pemweb framework\uas\uaswf\app\Views\admin\index.php(40): CodeIgniter\Debug\Exceptions->errorHandler(2, 'Attempt to read...', 'D:\\Kuliah\\Smt 6...', 40)
#1 D:\Kuliah\Smt 6\pemweb framework\uas\uaswf\system\View\View.php(210): include('D:\\Kuliah\\Smt 6...')
#2 D:\Kuliah\Smt 6\pemweb framework\uas\uaswf\system\View\View.php(213): CodeIgniter\View\View->CodeIgniter\View\{closure}()
#3 D:\Kuliah\Smt 6\pemweb framework\uas\uaswf\system\Common.php(1089): CodeIgniter\View\View->render('/admin/index', Array, true)
#4 D:\Kuliah\Smt 6\pemweb framework\uas\uaswf\app\Controllers\Admin.php(257): view('/admin/index', Array)
#5 D:\Kuliah\Smt 6\pemweb framework\uas\uaswf\system\CodeIgniter.php(832): App\Controllers\Admin->getDashboardData()
#6 D:\Kuliah\Smt 6\pemweb framework\uas\uaswf\system\CodeIgniter.php(419): CodeIgniter\CodeIgniter->runController(Object(App\Controllers\Admin))
#7 D:\Kuliah\Smt 6\pemweb framework\uas\uaswf\system\CodeIgniter.php(326): CodeIgniter\CodeIgniter->handleRequest(NULL, Object(Config\Cache), false)
#8 D:\Kuliah\Smt 6\pemweb framework\uas\uaswf\public\index.php(37): CodeIgniter\CodeIgniter->run()
#9 D:\Kuliah\Smt 6\pemweb framework\uas\uaswf\system\Commands\Server\rewrite.php(43): require_once('D:\\Kuliah\\Smt 6...')
#10 {main}
CRITICAL - 2022-06-27 19:02:28 --> Undefined property: stdClass::$user_id
#0 D:\Kuliah\Smt 6\pemweb framework\uas\uaswf\app\Views\admin\index.php(41): CodeIgniter\Debug\Exceptions->errorHandler(2, 'Undefined prope...', 'D:\\Kuliah\\Smt 6...', 41)
#1 D:\Kuliah\Smt 6\pemweb framework\uas\uaswf\system\View\View.php(210): include('D:\\Kuliah\\Smt 6...')
#2 D:\Kuliah\Smt 6\pemweb framework\uas\uaswf\system\View\View.php(213): CodeIgniter\View\View->CodeIgniter\View\{closure}()
#3 D:\Kuliah\Smt 6\pemweb framework\uas\uaswf\system\Common.php(1089): CodeIgniter\View\View->render('/admin/index', Array, true)
#4 D:\Kuliah\Smt 6\pemweb framework\uas\uaswf\app\Controllers\Admin.php(257): view('/admin/index', Array)
#5 D:\Kuliah\Smt 6\pemweb framework\uas\uaswf\system\CodeIgniter.php(832): App\Controllers\Admin->getDashboardData()
#6 D:\Kuliah\Smt 6\pemweb framework\uas\uaswf\system\CodeIgniter.php(419): CodeIgniter\CodeIgniter->runController(Object(App\Controllers\Admin))
#7 D:\Kuliah\Smt 6\pemweb framework\uas\uaswf\system\CodeIgniter.php(326): CodeIgniter\CodeIgniter->handleRequest(NULL, Object(Config\Cache), false)
#8 D:\Kuliah\Smt 6\pemweb framework\uas\uaswf\public\index.php(37): CodeIgniter\CodeIgniter->run()
#9 D:\Kuliah\Smt 6\pemweb framework\uas\uaswf\system\Commands\Server\rewrite.php(43): require_once('D:\\Kuliah\\Smt 6...')
#10 {main}
CRITICAL - 2022-06-27 19:05:12 --> Attempt to read property "deleted_at" on string
#0 D:\Kuliah\Smt 6\pemweb framework\uas\uaswf\app\Views\admin\index.php(40): CodeIgniter\Debug\Exceptions->errorHandler(2, 'Attempt to read...', 'D:\\Kuliah\\Smt 6...', 40)
#1 D:\Kuliah\Smt 6\pemweb framework\uas\uaswf\system\View\View.php(210): include('D:\\Kuliah\\Smt 6...')
#2 D:\Kuliah\Smt 6\pemweb framework\uas\uaswf\system\View\View.php(213): CodeIgniter\View\View->CodeIgniter\View\{closure}()
#3 D:\Kuliah\Smt 6\pemweb framework\uas\uaswf\system\Common.php(1089): CodeIgniter\View\View->render('/admin/index', Array, true)
#4 D:\Kuliah\Smt 6\pemweb framework\uas\uaswf\app\Controllers\Admin.php(258): view('/admin/index', Array)
#5 D:\Kuliah\Smt 6\pemweb framework\uas\uaswf\system\CodeIgniter.php(832): App\Controllers\Admin->getDashboardData()
#6 D:\Kuliah\Smt 6\pemweb framework\uas\uaswf\system\CodeIgniter.php(419): CodeIgniter\CodeIgniter->runController(Object(App\Controllers\Admin))
#7 D:\Kuliah\Smt 6\pemweb framework\uas\uaswf\system\CodeIgniter.php(326): CodeIgniter\CodeIgniter->handleRequest(NULL, Object(Config\Cache), false)
#8 D:\Kuliah\Smt 6\pemweb framework\uas\uaswf\public\index.php(37): CodeIgniter\CodeIgniter->run()
#9 D:\Kuliah\Smt 6\pemweb framework\uas\uaswf\system\Commands\Server\rewrite.php(43): require_once('D:\\Kuliah\\Smt 6...')
#10 {main}
CRITICAL - 2022-06-27 19:05:44 --> Undefined variable $users
#0 D:\Kuliah\Smt 6\pemweb framework\uas\uaswf\app\Views\admin\index.php(39): CodeIgniter\Debug\Exceptions->errorHandler(2, 'Undefined varia...', 'D:\\Kuliah\\Smt 6...', 39)
#1 D:\Kuliah\Smt 6\pemweb framework\uas\uaswf\system\View\View.php(210): include('D:\\Kuliah\\Smt 6...')
#2 D:\Kuliah\Smt 6\pemweb framework\uas\uaswf\system\View\View.php(213): CodeIgniter\View\View->CodeIgniter\View\{closure}()
#3 D:\Kuliah\Smt 6\pemweb framework\uas\uaswf\system\Common.php(1089): CodeIgniter\View\View->render('/admin/index', Array, true)
#4 D:\Kuliah\Smt 6\pemweb framework\uas\uaswf\app\Controllers\Admin.php(257): view('/admin/index', Array)
#5 D:\Kuliah\Smt 6\pemweb framework\uas\uaswf\system\CodeIgniter.php(832): App\Controllers\Admin->getDashboardData()
#6 D:\Kuliah\Smt 6\pemweb framework\uas\uaswf\system\CodeIgniter.php(419): CodeIgniter\CodeIgniter->runController(Object(App\Controllers\Admin))
#7 D:\Kuliah\Smt 6\pemweb framework\uas\uaswf\system\CodeIgniter.php(326): CodeIgniter\CodeIgniter->handleRequest(NULL, Object(Config\Cache), false)
#8 D:\Kuliah\Smt 6\pemweb framework\uas\uaswf\public\index.php(37): CodeIgniter\CodeIgniter->run()
#9 D:\Kuliah\Smt 6\pemweb framework\uas\uaswf\system\Commands\Server\rewrite.php(43): require_once('D:\\Kuliah\\Smt 6...')
#10 {main}
CRITICAL - 2022-06-27 19:06:04 --> Undefined variable $users
#0 D:\Kuliah\Smt 6\pemweb framework\uas\uaswf\app\Views\admin\index.php(39): CodeIgniter\Debug\Exceptions->errorHandler(2, 'Undefined varia...', 'D:\\Kuliah\\Smt 6...', 39)
#1 D:\Kuliah\Smt 6\pemweb framework\uas\uaswf\system\View\View.php(210): include('D:\\Kuliah\\Smt 6...')
#2 D:\Kuliah\Smt 6\pemweb framework\uas\uaswf\system\View\View.php(213): CodeIgniter\View\View->CodeIgniter\View\{closure}()
#3 D:\Kuliah\Smt 6\pemweb framework\uas\uaswf\system\Common.php(1089): CodeIgniter\View\View->render('/admin/index', Array, true)
#4 D:\Kuliah\Smt 6\pemweb framework\uas\uaswf\app\Controllers\Admin.php(258): view('/admin/index', Array)
#5 D:\Kuliah\Smt 6\pemweb framework\uas\uaswf\system\CodeIgniter.php(832): App\Controllers\Admin->getDashboardData()
#6 D:\Kuliah\Smt 6\pemweb framework\uas\uaswf\system\CodeIgniter.php(419): CodeIgniter\CodeIgniter->runController(Object(App\Controllers\Admin))
#7 D:\Kuliah\Smt 6\pemweb framework\uas\uaswf\system\CodeIgniter.php(326): CodeIgniter\CodeIgniter->handleRequest(NULL, Object(Config\Cache), false)
#8 D:\Kuliah\Smt 6\pemweb framework\uas\uaswf\public\index.php(37): CodeIgniter\CodeIgniter->run()
#9 D:\Kuliah\Smt 6\pemweb framework\uas\uaswf\system\Commands\Server\rewrite.php(43): require_once('D:\\Kuliah\\Smt 6...')
#10 {main}
CRITICAL - 2022-06-27 19:06:35 --> Undefined variable $users
#0 D:\Kuliah\Smt 6\pemweb framework\uas\uaswf\app\Views\admin\index.php(39): CodeIgniter\Debug\Exceptions->errorHandler(2, 'Undefined varia...', 'D:\\Kuliah\\Smt 6...', 39)
#1 D:\Kuliah\Smt 6\pemweb framework\uas\uaswf\system\View\View.php(210): include('D:\\Kuliah\\Smt 6...')
#2 D:\Kuliah\Smt 6\pemweb framework\uas\uaswf\system\View\View.php(213): CodeIgniter\View\View->CodeIgniter\View\{closure}()
#3 D:\Kuliah\Smt 6\pemweb framework\uas\uaswf\system\Common.php(1089): CodeIgniter\View\View->render('/admin/index', Array, true)
#4 D:\Kuliah\Smt 6\pemweb framework\uas\uaswf\app\Controllers\Admin.php(258): view('/admin/index', Array)
#5 D:\Kuliah\Smt 6\pemweb framework\uas\uaswf\system\CodeIgniter.php(832): App\Controllers\Admin->getDashboardData()
#6 D:\Kuliah\Smt 6\pemweb framework\uas\uaswf\system\CodeIgniter.php(419): CodeIgniter\CodeIgniter->runController(Object(App\Controllers\Admin))
#7 D:\Kuliah\Smt 6\pemweb framework\uas\uaswf\system\CodeIgniter.php(326): CodeIgniter\CodeIgniter->handleRequest(NULL, Object(Config\Cache), false)
#8 D:\Kuliah\Smt 6\pemweb framework\uas\uaswf\public\index.php(37): CodeIgniter\CodeIgniter->run()
#9 D:\Kuliah\Smt 6\pemweb framework\uas\uaswf\system\Commands\Server\rewrite.php(43): require_once('D:\\Kuliah\\Smt 6...')
#10 {main}
CRITICAL - 2022-06-27 19:08:15 --> get_object_vars(): Argument #1 ($object) must be of type object, array given
#0 D:\Kuliah\Smt 6\pemweb framework\uas\uaswf\app\Views\admin\index.php(39): get_object_vars(Array)
#1 D:\Kuliah\Smt 6\pemweb framework\uas\uaswf\system\View\View.php(210): include('D:\\Kuliah\\Smt 6...')
#2 D:\Kuliah\Smt 6\pemweb framework\uas\uaswf\system\View\View.php(213): CodeIgniter\View\View->CodeIgniter\View\{closure}()
#3 D:\Kuliah\Smt 6\pemweb framework\uas\uaswf\system\Common.php(1089): CodeIgniter\View\View->render('/admin/index', Array, true)
#4 D:\Kuliah\Smt 6\pemweb framework\uas\uaswf\app\Controllers\Admin.php(258): view('/admin/index', Array)
#5 D:\Kuliah\Smt 6\pemweb framework\uas\uaswf\system\CodeIgniter.php(832): App\Controllers\Admin->getDashboardData()
#6 D:\Kuliah\Smt 6\pemweb framework\uas\uaswf\system\CodeIgniter.php(419): CodeIgniter\CodeIgniter->runController(Object(App\Controllers\Admin))
#7 D:\Kuliah\Smt 6\pemweb framework\uas\uaswf\system\CodeIgniter.php(326): CodeIgniter\CodeIgniter->handleRequest(NULL, Object(Config\Cache), false)
#8 D:\Kuliah\Smt 6\pemweb framework\uas\uaswf\public\index.php(37): CodeIgniter\CodeIgniter->run()
#9 D:\Kuliah\Smt 6\pemweb framework\uas\uaswf\system\Commands\Server\rewrite.php(43): require_once('D:\\Kuliah\\Smt 6...')
#10 {main}
ERROR - 2022-06-27 20:35:07 --> Error connecting to the database: php_network_getaddresses: getaddrinfo for mnazmiw.my.id failed: No such host is known. 
CRITICAL - 2022-06-27 20:35:07 --> Unable to connect to the database.
Main connection [MySQLi]: php_network_getaddresses: getaddrinfo for mnazmiw.my.id failed: No such host is known. 
#0 D:\Kuliah\Smt 6\pemweb framework\uas\uaswf\system\Database\BaseConnection.php(577): CodeIgniter\Database\BaseConnection->initialize()
#1 D:\Kuliah\Smt 6\pemweb framework\uas\uaswf\system\Database\BaseBuilder.php(1455): CodeIgniter\Database\BaseConnection->query('SELECT *\nFROM `...', Array, false)
#2 D:\Kuliah\Smt 6\pemweb framework\uas\uaswf\system\Model.php(142): CodeIgniter\Database\BaseBuilder->get()
#3 D:\Kuliah\Smt 6\pemweb framework\uas\uaswf\system\BaseModel.php(523): CodeIgniter\Model->doFind(true, '44')
#4 D:\Kuliah\Smt 6\pemweb framework\uas\uaswf\vendor\myth\auth\src\Authentication\AuthenticationBase.php(137): CodeIgniter\BaseModel->find('44')
#5 D:\Kuliah\Smt 6\pemweb framework\uas\uaswf\vendor\myth\auth\src\Authentication\LocalAuthenticator.php(70): Myth\Auth\Authentication\AuthenticationBase->isLoggedIn()
#6 D:\Kuliah\Smt 6\pemweb framework\uas\uaswf\vendor\myth\auth\src\Filters\RoleFilter.php(40): Myth\Auth\Authentication\LocalAuthenticator->check()
#7 D:\Kuliah\Smt 6\pemweb framework\uas\uaswf\system\Filters\Filters.php(173): Myth\Auth\Filters\RoleFilter->before(Object(CodeIgniter\HTTP\IncomingRequest), Array)
#8 D:\Kuliah\Smt 6\pemweb framework\uas\uaswf\system\CodeIgniter.php(393): CodeIgniter\Filters\Filters->run('admin/', 'before')
#9 D:\Kuliah\Smt 6\pemweb framework\uas\uaswf\system\CodeIgniter.php(326): CodeIgniter\CodeIgniter->handleRequest(NULL, Object(Config\Cache), false)
#10 D:\Kuliah\Smt 6\pemweb framework\uas\uaswf\public\index.php(37): CodeIgniter\CodeIgniter->run()
#11 D:\Kuliah\Smt 6\pemweb framework\uas\uaswf\system\Commands\Server\rewrite.php(43): require_once('D:\\Kuliah\\Smt 6...')
#12 {main}
CRITICAL - 2022-06-27 20:47:37 --> Array to string conversion
#0 D:\Kuliah\Smt 6\pemweb framework\uas\uaswf\app\Views\admin\index.php(96): CodeIgniter\Debug\Exceptions->errorHandler(2, 'Array to string...', 'D:\\Kuliah\\Smt 6...', 96)
#1 D:\Kuliah\Smt 6\pemweb framework\uas\uaswf\system\View\View.php(210): include('D:\\Kuliah\\Smt 6...')
#2 D:\Kuliah\Smt 6\pemweb framework\uas\uaswf\system\View\View.php(213): CodeIgniter\View\View->CodeIgniter\View\{closure}()
#3 D:\Kuliah\Smt 6\pemweb framework\uas\uaswf\system\Common.php(1089): CodeIgniter\View\View->render('/admin/index', Array, true)
#4 D:\Kuliah\Smt 6\pemweb framework\uas\uaswf\app\Controllers\Admin.php(257): view('/admin/index', Array)
#5 D:\Kuliah\Smt 6\pemweb framework\uas\uaswf\system\CodeIgniter.php(832): App\Controllers\Admin->getDashboardData()
#6 D:\Kuliah\Smt 6\pemweb framework\uas\uaswf\system\CodeIgniter.php(419): CodeIgniter\CodeIgniter->runController(Object(App\Controllers\Admin))
#7 D:\Kuliah\Smt 6\pemweb framework\uas\uaswf\system\CodeIgniter.php(326): CodeIgniter\CodeIgniter->handleRequest(NULL, Object(Config\Cache), false)
#8 D:\Kuliah\Smt 6\pemweb framework\uas\uaswf\public\index.php(37): CodeIgniter\CodeIgniter->run()
#9 D:\Kuliah\Smt 6\pemweb framework\uas\uaswf\system\Commands\Server\rewrite.php(43): require_once('D:\\Kuliah\\Smt 6...')
#10 {main}
CRITICAL - 2022-06-27 20:48:58 --> get_object_vars(): Argument #1 ($object) must be of type object, string given
#0 D:\Kuliah\Smt 6\pemweb framework\uas\uaswf\app\Views\admin\index.php(65): get_object_vars('58')
#1 D:\Kuliah\Smt 6\pemweb framework\uas\uaswf\system\View\View.php(210): include('D:\\Kuliah\\Smt 6...')
#2 D:\Kuliah\Smt 6\pemweb framework\uas\uaswf\system\View\View.php(213): CodeIgniter\View\View->CodeIgniter\View\{closure}()
#3 D:\Kuliah\Smt 6\pemweb framework\uas\uaswf\system\Common.php(1089): CodeIgniter\View\View->render('/admin/index', Array, true)
#4 D:\Kuliah\Smt 6\pemweb framework\uas\uaswf\app\Controllers\Admin.php(257): view('/admin/index', Array)
#5 D:\Kuliah\Smt 6\pemweb framework\uas\uaswf\system\CodeIgniter.php(832): App\Controllers\Admin->getDashboardData()
#6 D:\Kuliah\Smt 6\pemweb framework\uas\uaswf\system\CodeIgniter.php(419): CodeIgniter\CodeIgniter->runController(Object(App\Controllers\Admin))
#7 D:\Kuliah\Smt 6\pemweb framework\uas\uaswf\system\CodeIgniter.php(326): CodeIgniter\CodeIgniter->handleRequest(NULL, Object(Config\Cache), false)
#8 D:\Kuliah\Smt 6\pemweb framework\uas\uaswf\public\index.php(37): CodeIgniter\CodeIgniter->run()
#9 D:\Kuliah\Smt 6\pemweb framework\uas\uaswf\system\Commands\Server\rewrite.php(43): require_once('D:\\Kuliah\\Smt 6...')
#10 {main}
ERROR - 2022-06-27 22:07:40 --> Unknown column 'closed' in 'where clause'
CRITICAL - 2022-06-27 22:07:40 --> Unknown column 'closed' in 'where clause'
#0 D:\Kuliah\Smt 6\pemweb framework\uas\uaswf\system\Database\MySQLi\Connection.php(292): mysqli->query('SELECT `lab_id`...', 0)
#1 D:\Kuliah\Smt 6\pemweb framework\uas\uaswf\system\Database\BaseConnection.php(670): CodeIgniter\Database\MySQLi\Connection->execute('SELECT `lab_id`...')
#2 D:\Kuliah\Smt 6\pemweb framework\uas\uaswf\system\Database\BaseConnection.php(598): CodeIgniter\Database\BaseConnection->simpleQuery('SELECT `lab_id`...')
#3 D:\Kuliah\Smt 6\pemweb framework\uas\uaswf\system\Database\BaseBuilder.php(1455): CodeIgniter\Database\BaseConnection->query('SELECT `lab_id`...', Array, false)
#4 D:\Kuliah\Smt 6\pemweb framework\uas\uaswf\app\Controllers\User.php(109): CodeIgniter\Database\BaseBuilder->get()
#5 D:\Kuliah\Smt 6\pemweb framework\uas\uaswf\system\CodeIgniter.php(832): App\Controllers\User->reservation()
#6 D:\Kuliah\Smt 6\pemweb framework\uas\uaswf\system\CodeIgniter.php(419): CodeIgniter\CodeIgniter->runController(Object(App\Controllers\User))
#7 D:\Kuliah\Smt 6\pemweb framework\uas\uaswf\system\CodeIgniter.php(326): CodeIgniter\CodeIgniter->handleRequest(NULL, Object(Config\Cache), false)
#8 D:\Kuliah\Smt 6\pemweb framework\uas\uaswf\public\index.php(37): CodeIgniter\CodeIgniter->run()
#9 D:\Kuliah\Smt 6\pemweb framework\uas\uaswf\system\Commands\Server\rewrite.php(43): require_once('D:\\Kuliah\\Smt 6...')
#10 {main}
CRITICAL - 2022-06-27 23:26:23 -->  route cannot be found while reverse-routing.
#0 D:\Kuliah\Smt 6\pemweb framework\uas\uaswf\system\HTTP\RedirectResponse.php(56): CodeIgniter\HTTP\Exceptions\HTTPException::forInvalidRedirectRoute('')
#1 D:\Kuliah\Smt 6\pemweb framework\uas\uaswf\system\Common.php(832): CodeIgniter\HTTP\RedirectResponse->route(false)
#2 D:\Kuliah\Smt 6\pemweb framework\uas\uaswf\vendor\myth\auth\src\Filters\LoginFilter.php(46): redirect('http://localhos...')
#3 D:\Kuliah\Smt 6\pemweb framework\uas\uaswf\system\Filters\Filters.php(173): Myth\Auth\Filters\LoginFilter->before(Object(CodeIgniter\HTTP\IncomingRequest), NULL)
#4 D:\Kuliah\Smt 6\pemweb framework\uas\uaswf\system\CodeIgniter.php(393): CodeIgniter\Filters\Filters->run('/', 'before')
#5 D:\Kuliah\Smt 6\pemweb framework\uas\uaswf\system\CodeIgniter.php(326): CodeIgniter\CodeIgniter->handleRequest(NULL, Object(Config\Cache), false)
#6 D:\Kuliah\Smt 6\pemweb framework\uas\uaswf\public\index.php(37): CodeIgniter\CodeIgniter->run()
#7 D:\Kuliah\Smt 6\pemweb framework\uas\uaswf\system\Commands\Server\rewrite.php(43): require_once('D:\\Kuliah\\Smt 6...')
#8 {main}
CRITICAL - 2022-06-27 23:27:44 -->  route cannot be found while reverse-routing.
#0 D:\Kuliah\Smt 6\pemweb framework\uas\uaswf\system\HTTP\RedirectResponse.php(56): CodeIgniter\HTTP\Exceptions\HTTPException::forInvalidRedirectRoute('')
#1 D:\Kuliah\Smt 6\pemweb framework\uas\uaswf\system\Common.php(832): CodeIgniter\HTTP\RedirectResponse->route(false)
#2 D:\Kuliah\Smt 6\pemweb framework\uas\uaswf\vendor\myth\auth\src\Filters\LoginFilter.php(46): redirect('http://localhos...')
#3 D:\Kuliah\Smt 6\pemweb framework\uas\uaswf\system\Filters\Filters.php(173): Myth\Auth\Filters\LoginFilter->before(Object(CodeIgniter\HTTP\IncomingRequest), NULL)
#4 D:\Kuliah\Smt 6\pemweb framework\uas\uaswf\system\CodeIgniter.php(393): CodeIgniter\Filters\Filters->run('/', 'before')
#5 D:\Kuliah\Smt 6\pemweb framework\uas\uaswf\system\CodeIgniter.php(326): CodeIgniter\CodeIgniter->handleRequest(NULL, Object(Config\Cache), false)
#6 D:\Kuliah\Smt 6\pemweb framework\uas\uaswf\public\index.php(37): CodeIgniter\CodeIgniter->run()
#7 D:\Kuliah\Smt 6\pemweb framework\uas\uaswf\system\Commands\Server\rewrite.php(43): require_once('D:\\Kuliah\\Smt 6...')
#8 {main}
CRITICAL - 2022-06-27 23:30:30 --> Undefined array key "guest"
#0 D:\Kuliah\Smt 6\pemweb framework\uas\uaswf\vendor\myth\auth\src\Controllers\AuthController.php(59): CodeIgniter\Debug\Exceptions->errorHandler(2, 'Undefined array...', 'D:\\Kuliah\\Smt 6...', 59)
#1 D:\Kuliah\Smt 6\pemweb framework\uas\uaswf\system\CodeIgniter.php(832): Myth\Auth\Controllers\AuthController->login()
#2 D:\Kuliah\Smt 6\pemweb framework\uas\uaswf\system\CodeIgniter.php(419): CodeIgniter\CodeIgniter->runController(Object(Myth\Auth\Controllers\AuthController))
#3 D:\Kuliah\Smt 6\pemweb framework\uas\uaswf\system\CodeIgniter.php(326): CodeIgniter\CodeIgniter->handleRequest(NULL, Object(Config\Cache), false)
#4 D:\Kuliah\Smt 6\pemweb framework\uas\uaswf\public\index.php(37): CodeIgniter\CodeIgniter->run()
#5 D:\Kuliah\Smt 6\pemweb framework\uas\uaswf\system\Commands\Server\rewrite.php(43): require_once('D:\\Kuliah\\Smt 6...')
#6 {main}
CRITICAL - 2022-06-27 23:30:54 --> Invalid file: guest.php
#0 D:\Kuliah\Smt 6\pemweb framework\uas\uaswf\system\View\View.php(198): CodeIgniter\Exceptions\FrameworkException::forInvalidFile('guest.php')
#1 D:\Kuliah\Smt 6\pemweb framework\uas\uaswf\system\Common.php(1089): CodeIgniter\View\View->render('guest', Array, true)
#2 D:\Kuliah\Smt 6\pemweb framework\uas\uaswf\vendor\myth\auth\src\Controllers\AuthController.php(461): view('guest', Array)
#3 D:\Kuliah\Smt 6\pemweb framework\uas\uaswf\vendor\myth\auth\src\Controllers\AuthController.php(59): Myth\Auth\Controllers\AuthController->_render('guest')
#4 D:\Kuliah\Smt 6\pemweb framework\uas\uaswf\system\CodeIgniter.php(832): Myth\Auth\Controllers\AuthController->login()
#5 D:\Kuliah\Smt 6\pemweb framework\uas\uaswf\system\CodeIgniter.php(419): CodeIgniter\CodeIgniter->runController(Object(Myth\Auth\Controllers\AuthController))
#6 D:\Kuliah\Smt 6\pemweb framework\uas\uaswf\system\CodeIgniter.php(326): CodeIgniter\CodeIgniter->handleRequest(NULL, Object(Config\Cache), false)
#7 D:\Kuliah\Smt 6\pemweb framework\uas\uaswf\public\index.php(37): CodeIgniter\CodeIgniter->run()
#8 D:\Kuliah\Smt 6\pemweb framework\uas\uaswf\system\Commands\Server\rewrite.php(43): require_once('D:\\Kuliah\\Smt 6...')
#9 {main}
CRITICAL - 2022-06-27 23:34:10 --> Attempt to read property "username" on null
#0 D:\Kuliah\Smt 6\pemweb framework\uas\uaswf\app\Views\user\index.php(8): CodeIgniter\Debug\Exceptions->errorHandler(2, 'Attempt to read...', 'D:\\Kuliah\\Smt 6...', 8)
#1 D:\Kuliah\Smt 6\pemweb framework\uas\uaswf\system\View\View.php(210): include('D:\\Kuliah\\Smt 6...')
#2 D:\Kuliah\Smt 6\pemweb framework\uas\uaswf\system\View\View.php(213): CodeIgniter\View\View->CodeIgniter\View\{closure}()
#3 D:\Kuliah\Smt 6\pemweb framework\uas\uaswf\system\Common.php(1089): CodeIgniter\View\View->render('user/index', Array, true)
#4 D:\Kuliah\Smt 6\pemweb framework\uas\uaswf\app\Controllers\User.php(29): view('user/index', Array)
#5 D:\Kuliah\Smt 6\pemweb framework\uas\uaswf\system\CodeIgniter.php(832): App\Controllers\User->index()
#6 D:\Kuliah\Smt 6\pemweb framework\uas\uaswf\system\CodeIgniter.php(419): CodeIgniter\CodeIgniter->runController(Object(App\Controllers\User))
#7 D:\Kuliah\Smt 6\pemweb framework\uas\uaswf\system\CodeIgniter.php(326): CodeIgniter\CodeIgniter->handleRequest(NULL, Object(Config\Cache), false)
#8 D:\Kuliah\Smt 6\pemweb framework\uas\uaswf\public\index.php(37): CodeIgniter\CodeIgniter->run()
#9 D:\Kuliah\Smt 6\pemweb framework\uas\uaswf\system\Commands\Server\rewrite.php(43): require_once('D:\\Kuliah\\Smt 6...')
#10 {main}
CRITICAL - 2022-06-27 23:42:32 --> Call to undefined function Config\user()
#0 D:\Kuliah\Smt 6\pemweb framework\uas\uaswf\system\CodeIgniter.php(713): require()
#1 D:\Kuliah\Smt 6\pemweb framework\uas\uaswf\system\CodeIgniter.php(368): CodeIgniter\CodeIgniter->tryToRouteIt(Object(CodeIgniter\Router\RouteCollection))
#2 D:\Kuliah\Smt 6\pemweb framework\uas\uaswf\system\CodeIgniter.php(326): CodeIgniter\CodeIgniter->handleRequest(NULL, Object(Config\Cache), false)
#3 D:\Kuliah\Smt 6\pemweb framework\uas\uaswf\system\CLI\Console.php(48): CodeIgniter\CodeIgniter->run()
#4 D:\Kuliah\Smt 6\pemweb framework\uas\uaswf\spark(63): CodeIgniter\CLI\Console->run()
#5 {main}
CRITICAL - 2022-06-27 23:44:20 --> Attempt to read property "username" on null
#0 D:\Kuliah\Smt 6\pemweb framework\uas\uaswf\app\Views\user\index.php(8): CodeIgniter\Debug\Exceptions->errorHandler(2, 'Attempt to read...', 'D:\\Kuliah\\Smt 6...', 8)
#1 D:\Kuliah\Smt 6\pemweb framework\uas\uaswf\system\View\View.php(210): include('D:\\Kuliah\\Smt 6...')
#2 D:\Kuliah\Smt 6\pemweb framework\uas\uaswf\system\View\View.php(213): CodeIgniter\View\View->CodeIgniter\View\{closure}()
#3 D:\Kuliah\Smt 6\pemweb framework\uas\uaswf\system\Common.php(1089): CodeIgniter\View\View->render('user/index', Array, true)
#4 D:\Kuliah\Smt 6\pemweb framework\uas\uaswf\app\Controllers\User.php(29): view('user/index', Array)
#5 D:\Kuliah\Smt 6\pemweb framework\uas\uaswf\system\CodeIgniter.php(832): App\Controllers\User->index()
#6 D:\Kuliah\Smt 6\pemweb framework\uas\uaswf\system\CodeIgniter.php(419): CodeIgniter\CodeIgniter->runController(Object(App\Controllers\User))
#7 D:\Kuliah\Smt 6\pemweb framework\uas\uaswf\system\CodeIgniter.php(326): CodeIgniter\CodeIgniter->handleRequest(NULL, Object(Config\Cache), false)
#8 D:\Kuliah\Smt 6\pemweb framework\uas\uaswf\public\index.php(37): CodeIgniter\CodeIgniter->run()
#9 D:\Kuliah\Smt 6\pemweb framework\uas\uaswf\system\Commands\Server\rewrite.php(43): require_once('D:\\Kuliah\\Smt 6...')
#10 {main}
