CRITICAL - 2022-06-13 09:11:18 --> Invalid file: template/layout.php
#0 C:\Users\ASUS\Documents\tugas\tugas web framework\UAS2\system\View\View.php(198): CodeIgniter\Exceptions\FrameworkException::forInvalidFile('template/layout...')
#1 C:\Users\ASUS\Documents\tugas\tugas web framework\UAS2\system\View\View.php(226): CodeIgniter\View\View->render('template/layout', Array, true)
#2 C:\Users\ASUS\Documents\tugas\tugas web framework\UAS2\system\Common.php(1089): CodeIgniter\View\View->render('admin/index', Array, true)
#3 C:\Users\ASUS\Documents\tugas\tugas web framework\UAS2\app\Controllers\Admin.php(18): view('admin/index')
#4 C:\Users\ASUS\Documents\tugas\tugas web framework\UAS2\system\CodeIgniter.php(832): App\Controllers\Admin->index()
#5 C:\Users\ASUS\Documents\tugas\tugas web framework\UAS2\system\CodeIgniter.php(419): CodeIgniter\CodeIgniter->runController(Object(App\Controllers\Admin))
#6 C:\Users\ASUS\Documents\tugas\tugas web framework\UAS2\system\CodeIgniter.php(326): CodeIgniter\CodeIgniter->handleRequest(NULL, Object(Config\Cache), false)
#7 C:\Users\ASUS\Documents\tugas\tugas web framework\UAS2\public\index.php(37): CodeIgniter\CodeIgniter->run()
#8 C:\Users\ASUS\Documents\tugas\tugas web framework\UAS2\system\Commands\Server\rewrite.php(43): require_once('C:\\Users\\ASUS\\D...')
#9 {main}
CRITICAL - 2022-06-13 09:11:59 --> Invalid file: user/detail.php
#0 C:\Users\ASUS\Documents\tugas\tugas web framework\UAS2\system\View\View.php(198): CodeIgniter\Exceptions\FrameworkException::forInvalidFile('user/detail.php')
#1 C:\Users\ASUS\Documents\tugas\tugas web framework\UAS2\system\Common.php(1089): CodeIgniter\View\View->render('user/detail', Array, true)
#2 C:\Users\ASUS\Documents\tugas\tugas web framework\UAS2\app\Controllers\Admin.php(45): view('user/detail', Array)
#3 C:\Users\ASUS\Documents\tugas\tugas web framework\UAS2\system\CodeIgniter.php(832): App\Controllers\Admin->detail('novalxena27')
#4 C:\Users\ASUS\Documents\tugas\tugas web framework\UAS2\system\CodeIgniter.php(419): CodeIgniter\CodeIgniter->runController(Object(App\Controllers\Admin))
#5 C:\Users\ASUS\Documents\tugas\tugas web framework\UAS2\system\CodeIgniter.php(326): CodeIgniter\CodeIgniter->handleRequest(NULL, Object(Config\Cache), false)
#6 C:\Users\ASUS\Documents\tugas\tugas web framework\UAS2\public\index.php(37): CodeIgniter\CodeIgniter->run()
#7 C:\Users\ASUS\Documents\tugas\tugas web framework\UAS2\system\Commands\Server\rewrite.php(43): require_once('C:\\Users\\ASUS\\D...')
#8 {main}
CRITICAL - 2022-06-13 09:14:15 --> Undefined variable: users
#0 C:\Users\ASUS\Documents\tugas\tugas web framework\UAS2\app\Views\admin\list.php(16): CodeIgniter\Debug\Exceptions->errorHandler(8, 'Undefined varia...', 'C:\\Users\\ASUS\\D...', 16, Array)
#1 C:\Users\ASUS\Documents\tugas\tugas web framework\UAS2\system\View\View.php(210): include('C:\\Users\\ASUS\\D...')
#2 C:\Users\ASUS\Documents\tugas\tugas web framework\UAS2\system\View\View.php(213): CodeIgniter\View\View->CodeIgniter\View\{closure}()
#3 C:\Users\ASUS\Documents\tugas\tugas web framework\UAS2\system\Common.php(1089): CodeIgniter\View\View->render('/admin/list', Array, true)
#4 C:\Users\ASUS\Documents\tugas\tugas web framework\UAS2\app\Controllers\Admin.php(27): view('/admin/list', Array)
#5 C:\Users\ASUS\Documents\tugas\tugas web framework\UAS2\system\CodeIgniter.php(832): App\Controllers\Admin->getData()
#6 C:\Users\ASUS\Documents\tugas\tugas web framework\UAS2\system\CodeIgniter.php(419): CodeIgniter\CodeIgniter->runController(Object(App\Controllers\Admin))
#7 C:\Users\ASUS\Documents\tugas\tugas web framework\UAS2\system\CodeIgniter.php(326): CodeIgniter\CodeIgniter->handleRequest(NULL, Object(Config\Cache), false)
#8 C:\Users\ASUS\Documents\tugas\tugas web framework\UAS2\public\index.php(37): CodeIgniter\CodeIgniter->run()
#9 C:\Users\ASUS\Documents\tugas\tugas web framework\UAS2\system\Commands\Server\rewrite.php(43): require_once('C:\\Users\\ASUS\\D...')
#10 {main}
CRITICAL - 2022-06-13 09:21:47 --> Invalid file: user/detail.php
#0 C:\Users\ASUS\Documents\tugas\tugas web framework\UAS2\system\View\View.php(198): CodeIgniter\Exceptions\FrameworkException::forInvalidFile('user/detail.php')
#1 C:\Users\ASUS\Documents\tugas\tugas web framework\UAS2\system\Common.php(1089): CodeIgniter\View\View->render('user/detail', Array, true)
#2 C:\Users\ASUS\Documents\tugas\tugas web framework\UAS2\app\Controllers\User.php(37): view('user/detail', Array)
#3 C:\Users\ASUS\Documents\tugas\tugas web framework\UAS2\system\CodeIgniter.php(832): App\Controllers\User->detail('index')
#4 C:\Users\ASUS\Documents\tugas\tugas web framework\UAS2\system\CodeIgniter.php(419): CodeIgniter\CodeIgniter->runController(Object(App\Controllers\User))
#5 C:\Users\ASUS\Documents\tugas\tugas web framework\UAS2\system\CodeIgniter.php(326): CodeIgniter\CodeIgniter->handleRequest(NULL, Object(Config\Cache), false)
#6 C:\Users\ASUS\Documents\tugas\tugas web framework\UAS2\public\index.php(37): CodeIgniter\CodeIgniter->run()
#7 C:\Users\ASUS\Documents\tugas\tugas web framework\UAS2\system\Commands\Server\rewrite.php(43): require_once('C:\\Users\\ASUS\\D...')
#8 {main}
CRITICAL - 2022-06-13 09:21:52 --> Trying to get property 'username' of non-object
#0 C:\Users\ASUS\Documents\tugas\tugas web framework\UAS2\app\Views\user\index.php(8): CodeIgniter\Debug\Exceptions->errorHandler(8, 'Trying to get p...', 'C:\\Users\\ASUS\\D...', 8, Array)
#1 C:\Users\ASUS\Documents\tugas\tugas web framework\UAS2\system\View\View.php(210): include('C:\\Users\\ASUS\\D...')
#2 C:\Users\ASUS\Documents\tugas\tugas web framework\UAS2\system\View\View.php(213): CodeIgniter\View\View->CodeIgniter\View\{closure}()
#3 C:\Users\ASUS\Documents\tugas\tugas web framework\UAS2\system\Common.php(1089): CodeIgniter\View\View->render('user/index', Array, true)
#4 C:\Users\ASUS\Documents\tugas\tugas web framework\UAS2\app\Controllers\User.php(37): view('user/index', Array)
#5 C:\Users\ASUS\Documents\tugas\tugas web framework\UAS2\system\CodeIgniter.php(832): App\Controllers\User->detail('index')
#6 C:\Users\ASUS\Documents\tugas\tugas web framework\UAS2\system\CodeIgniter.php(419): CodeIgniter\CodeIgniter->runController(Object(App\Controllers\User))
#7 C:\Users\ASUS\Documents\tugas\tugas web framework\UAS2\system\CodeIgniter.php(326): CodeIgniter\CodeIgniter->handleRequest(NULL, Object(Config\Cache), false)
#8 C:\Users\ASUS\Documents\tugas\tugas web framework\UAS2\public\index.php(37): CodeIgniter\CodeIgniter->run()
#9 C:\Users\ASUS\Documents\tugas\tugas web framework\UAS2\system\Commands\Server\rewrite.php(43): require_once('C:\\Users\\ASUS\\D...')
#10 {main}
CRITICAL - 2022-06-13 09:22:24 --> Trying to get property 'username' of non-object
#0 C:\Users\ASUS\Documents\tugas\tugas web framework\UAS2\app\Views\admin\detail.php(8): CodeIgniter\Debug\Exceptions->errorHandler(8, 'Trying to get p...', 'C:\\Users\\ASUS\\D...', 8, Array)
#1 C:\Users\ASUS\Documents\tugas\tugas web framework\UAS2\system\View\View.php(210): include('C:\\Users\\ASUS\\D...')
#2 C:\Users\ASUS\Documents\tugas\tugas web framework\UAS2\system\View\View.php(213): CodeIgniter\View\View->CodeIgniter\View\{closure}()
#3 C:\Users\ASUS\Documents\tugas\tugas web framework\UAS2\system\Common.php(1089): CodeIgniter\View\View->render('admin/detail', Array, true)
#4 C:\Users\ASUS\Documents\tugas\tugas web framework\UAS2\app\Controllers\Admin.php(45): view('admin/detail', Array)
#5 C:\Users\ASUS\Documents\tugas\tugas web framework\UAS2\system\CodeIgniter.php(832): App\Controllers\Admin->detail('index')
#6 C:\Users\ASUS\Documents\tugas\tugas web framework\UAS2\system\CodeIgniter.php(419): CodeIgniter\CodeIgniter->runController(Object(App\Controllers\Admin))
#7 C:\Users\ASUS\Documents\tugas\tugas web framework\UAS2\system\CodeIgniter.php(326): CodeIgniter\CodeIgniter->handleRequest(NULL, Object(Config\Cache), false)
#8 C:\Users\ASUS\Documents\tugas\tugas web framework\UAS2\public\index.php(37): CodeIgniter\CodeIgniter->run()
#9 C:\Users\ASUS\Documents\tugas\tugas web framework\UAS2\system\Commands\Server\rewrite.php(43): require_once('C:\\Users\\ASUS\\D...')
#10 {main}
CRITICAL - 2022-06-13 09:22:35 --> Trying to get property 'username' of non-object
#0 C:\Users\ASUS\Documents\tugas\tugas web framework\UAS2\app\Views\user\index.php(8): CodeIgniter\Debug\Exceptions->errorHandler(8, 'Trying to get p...', 'C:\\Users\\ASUS\\D...', 8, Array)
#1 C:\Users\ASUS\Documents\tugas\tugas web framework\UAS2\system\View\View.php(210): include('C:\\Users\\ASUS\\D...')
#2 C:\Users\ASUS\Documents\tugas\tugas web framework\UAS2\system\View\View.php(213): CodeIgniter\View\View->CodeIgniter\View\{closure}()
#3 C:\Users\ASUS\Documents\tugas\tugas web framework\UAS2\system\Common.php(1089): CodeIgniter\View\View->render('user/index', Array, true)
#4 C:\Users\ASUS\Documents\tugas\tugas web framework\UAS2\app\Controllers\User.php(37): view('user/index', Array)
#5 C:\Users\ASUS\Documents\tugas\tugas web framework\UAS2\system\CodeIgniter.php(832): App\Controllers\User->detail('index')
#6 C:\Users\ASUS\Documents\tugas\tugas web framework\UAS2\system\CodeIgniter.php(419): CodeIgniter\CodeIgniter->runController(Object(App\Controllers\User))
#7 C:\Users\ASUS\Documents\tugas\tugas web framework\UAS2\system\CodeIgniter.php(326): CodeIgniter\CodeIgniter->handleRequest(NULL, Object(Config\Cache), false)
#8 C:\Users\ASUS\Documents\tugas\tugas web framework\UAS2\public\index.php(37): CodeIgniter\CodeIgniter->run()
#9 C:\Users\ASUS\Documents\tugas\tugas web framework\UAS2\system\Commands\Server\rewrite.php(43): require_once('C:\\Users\\ASUS\\D...')
#10 {main}
CRITICAL - 2022-06-13 09:22:43 --> Trying to get property 'username' of non-object
#0 C:\Users\ASUS\Documents\tugas\tugas web framework\UAS2\app\Views\admin\detail.php(8): CodeIgniter\Debug\Exceptions->errorHandler(8, 'Trying to get p...', 'C:\\Users\\ASUS\\D...', 8, Array)
#1 C:\Users\ASUS\Documents\tugas\tugas web framework\UAS2\system\View\View.php(210): include('C:\\Users\\ASUS\\D...')
#2 C:\Users\ASUS\Documents\tugas\tugas web framework\UAS2\system\View\View.php(213): CodeIgniter\View\View->CodeIgniter\View\{closure}()
#3 C:\Users\ASUS\Documents\tugas\tugas web framework\UAS2\system\Common.php(1089): CodeIgniter\View\View->render('admin/detail', Array, true)
#4 C:\Users\ASUS\Documents\tugas\tugas web framework\UAS2\app\Controllers\Admin.php(45): view('admin/detail', Array)
#5 C:\Users\ASUS\Documents\tugas\tugas web framework\UAS2\system\CodeIgniter.php(832): App\Controllers\Admin->detail('index')
#6 C:\Users\ASUS\Documents\tugas\tugas web framework\UAS2\system\CodeIgniter.php(419): CodeIgniter\CodeIgniter->runController(Object(App\Controllers\Admin))
#7 C:\Users\ASUS\Documents\tugas\tugas web framework\UAS2\system\CodeIgniter.php(326): CodeIgniter\CodeIgniter->handleRequest(NULL, Object(Config\Cache), false)
#8 C:\Users\ASUS\Documents\tugas\tugas web framework\UAS2\public\index.php(37): CodeIgniter\CodeIgniter->run()
#9 C:\Users\ASUS\Documents\tugas\tugas web framework\UAS2\system\Commands\Server\rewrite.php(43): require_once('C:\\Users\\ASUS\\D...')
#10 {main}
CRITICAL - 2022-06-13 09:23:42 --> Trying to get property 'username' of non-object
#0 C:\Users\ASUS\Documents\tugas\tugas web framework\UAS2\app\Views\admin\detail.php(8): CodeIgniter\Debug\Exceptions->errorHandler(8, 'Trying to get p...', 'C:\\Users\\ASUS\\D...', 8, Array)
#1 C:\Users\ASUS\Documents\tugas\tugas web framework\UAS2\system\View\View.php(210): include('C:\\Users\\ASUS\\D...')
#2 C:\Users\ASUS\Documents\tugas\tugas web framework\UAS2\system\View\View.php(213): CodeIgniter\View\View->CodeIgniter\View\{closure}()
#3 C:\Users\ASUS\Documents\tugas\tugas web framework\UAS2\system\Common.php(1089): CodeIgniter\View\View->render('admin/detail', Array, true)
#4 C:\Users\ASUS\Documents\tugas\tugas web framework\UAS2\app\Controllers\Admin.php(45): view('admin/detail', Array)
#5 C:\Users\ASUS\Documents\tugas\tugas web framework\UAS2\system\CodeIgniter.php(832): App\Controllers\Admin->detail('index')
#6 C:\Users\ASUS\Documents\tugas\tugas web framework\UAS2\system\CodeIgniter.php(419): CodeIgniter\CodeIgniter->runController(Object(App\Controllers\Admin))
#7 C:\Users\ASUS\Documents\tugas\tugas web framework\UAS2\system\CodeIgniter.php(326): CodeIgniter\CodeIgniter->handleRequest(NULL, Object(Config\Cache), false)
#8 C:\Users\ASUS\Documents\tugas\tugas web framework\UAS2\public\index.php(37): CodeIgniter\CodeIgniter->run()
#9 C:\Users\ASUS\Documents\tugas\tugas web framework\UAS2\system\Commands\Server\rewrite.php(43): require_once('C:\\Users\\ASUS\\D...')
#10 {main}
CRITICAL - 2022-06-13 09:24:03 --> Trying to get property 'username' of non-object
#0 C:\Users\ASUS\Documents\tugas\tugas web framework\UAS2\app\Views\admin\detail.php(8): CodeIgniter\Debug\Exceptions->errorHandler(8, 'Trying to get p...', 'C:\\Users\\ASUS\\D...', 8, Array)
#1 C:\Users\ASUS\Documents\tugas\tugas web framework\UAS2\system\View\View.php(210): include('C:\\Users\\ASUS\\D...')
#2 C:\Users\ASUS\Documents\tugas\tugas web framework\UAS2\system\View\View.php(213): CodeIgniter\View\View->CodeIgniter\View\{closure}()
#3 C:\Users\ASUS\Documents\tugas\tugas web framework\UAS2\system\Common.php(1089): CodeIgniter\View\View->render('admin/detail', Array, true)
#4 C:\Users\ASUS\Documents\tugas\tugas web framework\UAS2\app\Controllers\Admin.php(45): view('admin/detail', Array)
#5 C:\Users\ASUS\Documents\tugas\tugas web framework\UAS2\system\CodeIgniter.php(832): App\Controllers\Admin->detail('index')
#6 C:\Users\ASUS\Documents\tugas\tugas web framework\UAS2\system\CodeIgniter.php(419): CodeIgniter\CodeIgniter->runController(Object(App\Controllers\Admin))
#7 C:\Users\ASUS\Documents\tugas\tugas web framework\UAS2\system\CodeIgniter.php(326): CodeIgniter\CodeIgniter->handleRequest(NULL, Object(Config\Cache), false)
#8 C:\Users\ASUS\Documents\tugas\tugas web framework\UAS2\public\index.php(37): CodeIgniter\CodeIgniter->run()
#9 C:\Users\ASUS\Documents\tugas\tugas web framework\UAS2\system\Commands\Server\rewrite.php(43): require_once('C:\\Users\\ASUS\\D...')
#10 {main}
CRITICAL - 2022-06-13 09:24:12 --> Trying to get property 'username' of non-object
#0 C:\Users\ASUS\Documents\tugas\tugas web framework\UAS2\app\Views\user\index.php(8): CodeIgniter\Debug\Exceptions->errorHandler(8, 'Trying to get p...', 'C:\\Users\\ASUS\\D...', 8, Array)
#1 C:\Users\ASUS\Documents\tugas\tugas web framework\UAS2\system\View\View.php(210): include('C:\\Users\\ASUS\\D...')
#2 C:\Users\ASUS\Documents\tugas\tugas web framework\UAS2\system\View\View.php(213): CodeIgniter\View\View->CodeIgniter\View\{closure}()
#3 C:\Users\ASUS\Documents\tugas\tugas web framework\UAS2\system\Common.php(1089): CodeIgniter\View\View->render('user/index', Array, true)
#4 C:\Users\ASUS\Documents\tugas\tugas web framework\UAS2\app\Controllers\User.php(37): view('user/index', Array)
#5 C:\Users\ASUS\Documents\tugas\tugas web framework\UAS2\system\CodeIgniter.php(832): App\Controllers\User->detail('index')
#6 C:\Users\ASUS\Documents\tugas\tugas web framework\UAS2\system\CodeIgniter.php(419): CodeIgniter\CodeIgniter->runController(Object(App\Controllers\User))
#7 C:\Users\ASUS\Documents\tugas\tugas web framework\UAS2\system\CodeIgniter.php(326): CodeIgniter\CodeIgniter->handleRequest(NULL, Object(Config\Cache), false)
#8 C:\Users\ASUS\Documents\tugas\tugas web framework\UAS2\public\index.php(37): CodeIgniter\CodeIgniter->run()
#9 C:\Users\ASUS\Documents\tugas\tugas web framework\UAS2\system\Commands\Server\rewrite.php(43): require_once('C:\\Users\\ASUS\\D...')
#10 {main}
CRITICAL - 2022-06-13 09:26:39 --> Trying to get property 'username' of non-object
#0 C:\Users\ASUS\Documents\tugas\tugas web framework\UAS2\app\Views\user\index.php(8): CodeIgniter\Debug\Exceptions->errorHandler(8, 'Trying to get p...', 'C:\\Users\\ASUS\\D...', 8, Array)
#1 C:\Users\ASUS\Documents\tugas\tugas web framework\UAS2\system\View\View.php(210): include('C:\\Users\\ASUS\\D...')
#2 C:\Users\ASUS\Documents\tugas\tugas web framework\UAS2\system\View\View.php(213): CodeIgniter\View\View->CodeIgniter\View\{closure}()
#3 C:\Users\ASUS\Documents\tugas\tugas web framework\UAS2\system\Common.php(1089): CodeIgniter\View\View->render('user/index', Array, true)
#4 C:\Users\ASUS\Documents\tugas\tugas web framework\UAS2\app\Controllers\User.php(37): view('user/index', Array)
#5 C:\Users\ASUS\Documents\tugas\tugas web framework\UAS2\system\CodeIgniter.php(832): App\Controllers\User->detail('index')
#6 C:\Users\ASUS\Documents\tugas\tugas web framework\UAS2\system\CodeIgniter.php(419): CodeIgniter\CodeIgniter->runController(Object(App\Controllers\User))
#7 C:\Users\ASUS\Documents\tugas\tugas web framework\UAS2\system\CodeIgniter.php(326): CodeIgniter\CodeIgniter->handleRequest(NULL, Object(Config\Cache), false)
#8 C:\Users\ASUS\Documents\tugas\tugas web framework\UAS2\public\index.php(37): CodeIgniter\CodeIgniter->run()
#9 C:\Users\ASUS\Documents\tugas\tugas web framework\UAS2\system\Commands\Server\rewrite.php(43): require_once('C:\\Users\\ASUS\\D...')
#10 {main}
CRITICAL - 2022-06-13 09:26:48 --> Undefined variable: user
#0 C:\Users\ASUS\Documents\tugas\tugas web framework\UAS2\app\Views\user\index.php(8): CodeIgniter\Debug\Exceptions->errorHandler(8, 'Undefined varia...', 'C:\\Users\\ASUS\\D...', 8, Array)
#1 C:\Users\ASUS\Documents\tugas\tugas web framework\UAS2\system\View\View.php(210): include('C:\\Users\\ASUS\\D...')
#2 C:\Users\ASUS\Documents\tugas\tugas web framework\UAS2\system\View\View.php(213): CodeIgniter\View\View->CodeIgniter\View\{closure}()
#3 C:\Users\ASUS\Documents\tugas\tugas web framework\UAS2\system\Common.php(1089): CodeIgniter\View\View->render('user/index', Array, true)
#4 C:\Users\ASUS\Documents\tugas\tugas web framework\UAS2\app\Controllers\User.php(25): view('user/index', Array)
#5 C:\Users\ASUS\Documents\tugas\tugas web framework\UAS2\system\CodeIgniter.php(832): App\Controllers\User->index()
#6 C:\Users\ASUS\Documents\tugas\tugas web framework\UAS2\system\CodeIgniter.php(419): CodeIgniter\CodeIgniter->runController(Object(App\Controllers\User))
#7 C:\Users\ASUS\Documents\tugas\tugas web framework\UAS2\system\CodeIgniter.php(326): CodeIgniter\CodeIgniter->handleRequest(NULL, Object(Config\Cache), false)
#8 C:\Users\ASUS\Documents\tugas\tugas web framework\UAS2\public\index.php(37): CodeIgniter\CodeIgniter->run()
#9 C:\Users\ASUS\Documents\tugas\tugas web framework\UAS2\system\Commands\Server\rewrite.php(43): require_once('C:\\Users\\ASUS\\D...')
#10 {main}
CRITICAL - 2022-06-13 09:27:00 --> Undefined variable: user
#0 C:\Users\ASUS\Documents\tugas\tugas web framework\UAS2\app\Views\user\index.php(8): CodeIgniter\Debug\Exceptions->errorHandler(8, 'Undefined varia...', 'C:\\Users\\ASUS\\D...', 8, Array)
#1 C:\Users\ASUS\Documents\tugas\tugas web framework\UAS2\system\View\View.php(210): include('C:\\Users\\ASUS\\D...')
#2 C:\Users\ASUS\Documents\tugas\tugas web framework\UAS2\system\View\View.php(213): CodeIgniter\View\View->CodeIgniter\View\{closure}()
#3 C:\Users\ASUS\Documents\tugas\tugas web framework\UAS2\system\Common.php(1089): CodeIgniter\View\View->render('user/index', Array, true)
#4 C:\Users\ASUS\Documents\tugas\tugas web framework\UAS2\app\Controllers\User.php(25): view('user/index', Array)
#5 C:\Users\ASUS\Documents\tugas\tugas web framework\UAS2\system\CodeIgniter.php(832): App\Controllers\User->index()
#6 C:\Users\ASUS\Documents\tugas\tugas web framework\UAS2\system\CodeIgniter.php(419): CodeIgniter\CodeIgniter->runController(Object(App\Controllers\User))
#7 C:\Users\ASUS\Documents\tugas\tugas web framework\UAS2\system\CodeIgniter.php(326): CodeIgniter\CodeIgniter->handleRequest(NULL, Object(Config\Cache), false)
#8 C:\Users\ASUS\Documents\tugas\tugas web framework\UAS2\public\index.php(37): CodeIgniter\CodeIgniter->run()
#9 C:\Users\ASUS\Documents\tugas\tugas web framework\UAS2\system\Commands\Server\rewrite.php(43): require_once('C:\\Users\\ASUS\\D...')
#10 {main}
CRITICAL - 2022-06-13 09:27:03 --> Undefined variable: user
#0 C:\Users\ASUS\Documents\tugas\tugas web framework\UAS2\app\Views\user\index.php(8): CodeIgniter\Debug\Exceptions->errorHandler(8, 'Undefined varia...', 'C:\\Users\\ASUS\\D...', 8, Array)
#1 C:\Users\ASUS\Documents\tugas\tugas web framework\UAS2\system\View\View.php(210): include('C:\\Users\\ASUS\\D...')
#2 C:\Users\ASUS\Documents\tugas\tugas web framework\UAS2\system\View\View.php(213): CodeIgniter\View\View->CodeIgniter\View\{closure}()
#3 C:\Users\ASUS\Documents\tugas\tugas web framework\UAS2\system\Common.php(1089): CodeIgniter\View\View->render('user/index', Array, true)
#4 C:\Users\ASUS\Documents\tugas\tugas web framework\UAS2\app\Controllers\User.php(25): view('user/index', Array)
#5 C:\Users\ASUS\Documents\tugas\tugas web framework\UAS2\system\CodeIgniter.php(832): App\Controllers\User->index()
#6 C:\Users\ASUS\Documents\tugas\tugas web framework\UAS2\system\CodeIgniter.php(419): CodeIgniter\CodeIgniter->runController(Object(App\Controllers\User))
#7 C:\Users\ASUS\Documents\tugas\tugas web framework\UAS2\system\CodeIgniter.php(326): CodeIgniter\CodeIgniter->handleRequest(NULL, Object(Config\Cache), false)
#8 C:\Users\ASUS\Documents\tugas\tugas web framework\UAS2\public\index.php(37): CodeIgniter\CodeIgniter->run()
#9 C:\Users\ASUS\Documents\tugas\tugas web framework\UAS2\system\Commands\Server\rewrite.php(43): require_once('C:\\Users\\ASUS\\D...')
#10 {main}
CRITICAL - 2022-06-13 09:27:13 --> Undefined variable: user
#0 C:\Users\ASUS\Documents\tugas\tugas web framework\UAS2\app\Views\user\index.php(8): CodeIgniter\Debug\Exceptions->errorHandler(8, 'Undefined varia...', 'C:\\Users\\ASUS\\D...', 8, Array)
#1 C:\Users\ASUS\Documents\tugas\tugas web framework\UAS2\system\View\View.php(210): include('C:\\Users\\ASUS\\D...')
#2 C:\Users\ASUS\Documents\tugas\tugas web framework\UAS2\system\View\View.php(213): CodeIgniter\View\View->CodeIgniter\View\{closure}()
#3 C:\Users\ASUS\Documents\tugas\tugas web framework\UAS2\system\Common.php(1089): CodeIgniter\View\View->render('user/index', Array, true)
#4 C:\Users\ASUS\Documents\tugas\tugas web framework\UAS2\app\Controllers\User.php(25): view('user/index', Array)
#5 C:\Users\ASUS\Documents\tugas\tugas web framework\UAS2\system\CodeIgniter.php(832): App\Controllers\User->index()
#6 C:\Users\ASUS\Documents\tugas\tugas web framework\UAS2\system\CodeIgniter.php(419): CodeIgniter\CodeIgniter->runController(Object(App\Controllers\User))
#7 C:\Users\ASUS\Documents\tugas\tugas web framework\UAS2\system\CodeIgniter.php(326): CodeIgniter\CodeIgniter->handleRequest(NULL, Object(Config\Cache), false)
#8 C:\Users\ASUS\Documents\tugas\tugas web framework\UAS2\public\index.php(37): CodeIgniter\CodeIgniter->run()
#9 C:\Users\ASUS\Documents\tugas\tugas web framework\UAS2\system\Commands\Server\rewrite.php(43): require_once('C:\\Users\\ASUS\\D...')
#10 {main}
CRITICAL - 2022-06-13 09:28:03 --> Undefined variable: users
#0 C:\Users\ASUS\Documents\tugas\tugas web framework\UAS2\app\Views\user\index.php(8): CodeIgniter\Debug\Exceptions->errorHandler(8, 'Undefined varia...', 'C:\\Users\\ASUS\\D...', 8, Array)
#1 C:\Users\ASUS\Documents\tugas\tugas web framework\UAS2\system\View\View.php(210): include('C:\\Users\\ASUS\\D...')
#2 C:\Users\ASUS\Documents\tugas\tugas web framework\UAS2\system\View\View.php(213): CodeIgniter\View\View->CodeIgniter\View\{closure}()
#3 C:\Users\ASUS\Documents\tugas\tugas web framework\UAS2\system\Common.php(1089): CodeIgniter\View\View->render('user/index', Array, true)
#4 C:\Users\ASUS\Documents\tugas\tugas web framework\UAS2\app\Controllers\User.php(37): view('user/index', Array)
#5 C:\Users\ASUS\Documents\tugas\tugas web framework\UAS2\system\CodeIgniter.php(832): App\Controllers\User->detail('index')
#6 C:\Users\ASUS\Documents\tugas\tugas web framework\UAS2\system\CodeIgniter.php(419): CodeIgniter\CodeIgniter->runController(Object(App\Controllers\User))
#7 C:\Users\ASUS\Documents\tugas\tugas web framework\UAS2\system\CodeIgniter.php(326): CodeIgniter\CodeIgniter->handleRequest(NULL, Object(Config\Cache), false)
#8 C:\Users\ASUS\Documents\tugas\tugas web framework\UAS2\public\index.php(37): CodeIgniter\CodeIgniter->run()
#9 C:\Users\ASUS\Documents\tugas\tugas web framework\UAS2\system\Commands\Server\rewrite.php(43): require_once('C:\\Users\\ASUS\\D...')
#10 {main}
CRITICAL - 2022-06-13 09:40:09 --> Undefined property: stdClass::$user_image
#0 C:\Users\ASUS\Documents\tugas\tugas web framework\UAS2\app\Views\admin\list.php(20): CodeIgniter\Debug\Exceptions->errorHandler(8, 'Undefined prope...', 'C:\\Users\\ASUS\\D...', 20, Array)
#1 C:\Users\ASUS\Documents\tugas\tugas web framework\UAS2\system\View\View.php(210): include('C:\\Users\\ASUS\\D...')
#2 C:\Users\ASUS\Documents\tugas\tugas web framework\UAS2\system\View\View.php(213): CodeIgniter\View\View->CodeIgniter\View\{closure}()
#3 C:\Users\ASUS\Documents\tugas\tugas web framework\UAS2\system\Common.php(1089): CodeIgniter\View\View->render('/admin/list', Array, true)
#4 C:\Users\ASUS\Documents\tugas\tugas web framework\UAS2\app\Controllers\Admin.php(35): view('/admin/list', Array)
#5 C:\Users\ASUS\Documents\tugas\tugas web framework\UAS2\system\CodeIgniter.php(832): App\Controllers\Admin->getData()
#6 C:\Users\ASUS\Documents\tugas\tugas web framework\UAS2\system\CodeIgniter.php(419): CodeIgniter\CodeIgniter->runController(Object(App\Controllers\Admin))
#7 C:\Users\ASUS\Documents\tugas\tugas web framework\UAS2\system\CodeIgniter.php(326): CodeIgniter\CodeIgniter->handleRequest(NULL, Object(Config\Cache), false)
#8 C:\Users\ASUS\Documents\tugas\tugas web framework\UAS2\public\index.php(37): CodeIgniter\CodeIgniter->run()
#9 C:\Users\ASUS\Documents\tugas\tugas web framework\UAS2\system\Commands\Server\rewrite.php(43): require_once('C:\\Users\\ASUS\\D...')
#10 {main}
CRITICAL - 2022-06-13 09:40:11 --> Undefined property: stdClass::$user_image
#0 C:\Users\ASUS\Documents\tugas\tugas web framework\UAS2\app\Views\admin\list.php(20): CodeIgniter\Debug\Exceptions->errorHandler(8, 'Undefined prope...', 'C:\\Users\\ASUS\\D...', 20, Array)
#1 C:\Users\ASUS\Documents\tugas\tugas web framework\UAS2\system\View\View.php(210): include('C:\\Users\\ASUS\\D...')
#2 C:\Users\ASUS\Documents\tugas\tugas web framework\UAS2\system\View\View.php(213): CodeIgniter\View\View->CodeIgniter\View\{closure}()
#3 C:\Users\ASUS\Documents\tugas\tugas web framework\UAS2\system\Common.php(1089): CodeIgniter\View\View->render('/admin/list', Array, true)
#4 C:\Users\ASUS\Documents\tugas\tugas web framework\UAS2\app\Controllers\Admin.php(35): view('/admin/list', Array)
#5 C:\Users\ASUS\Documents\tugas\tugas web framework\UAS2\system\CodeIgniter.php(832): App\Controllers\Admin->getData()
#6 C:\Users\ASUS\Documents\tugas\tugas web framework\UAS2\system\CodeIgniter.php(419): CodeIgniter\CodeIgniter->runController(Object(App\Controllers\Admin))
#7 C:\Users\ASUS\Documents\tugas\tugas web framework\UAS2\system\CodeIgniter.php(326): CodeIgniter\CodeIgniter->handleRequest(NULL, Object(Config\Cache), false)
#8 C:\Users\ASUS\Documents\tugas\tugas web framework\UAS2\public\index.php(37): CodeIgniter\CodeIgniter->run()
#9 C:\Users\ASUS\Documents\tugas\tugas web framework\UAS2\system\Commands\Server\rewrite.php(43): require_once('C:\\Users\\ASUS\\D...')
#10 {main}
CRITICAL - 2022-06-13 09:48:23 --> Trying to get property 'username' of non-object
#0 C:\Users\ASUS\Documents\tugas\tugas web framework\UAS2\app\Views\admin\detail.php(8): CodeIgniter\Debug\Exceptions->errorHandler(8, 'Trying to get p...', 'C:\\Users\\ASUS\\D...', 8, Array)
#1 C:\Users\ASUS\Documents\tugas\tugas web framework\UAS2\system\View\View.php(210): include('C:\\Users\\ASUS\\D...')
#2 C:\Users\ASUS\Documents\tugas\tugas web framework\UAS2\system\View\View.php(213): CodeIgniter\View\View->CodeIgniter\View\{closure}()
#3 C:\Users\ASUS\Documents\tugas\tugas web framework\UAS2\system\Common.php(1089): CodeIgniter\View\View->render('admin/detail', Array, true)
#4 C:\Users\ASUS\Documents\tugas\tugas web framework\UAS2\app\Controllers\Admin.php(53): view('admin/detail', Array)
#5 C:\Users\ASUS\Documents\tugas\tugas web framework\UAS2\system\CodeIgniter.php(832): App\Controllers\Admin->detail('18')
#6 C:\Users\ASUS\Documents\tugas\tugas web framework\UAS2\system\CodeIgniter.php(419): CodeIgniter\CodeIgniter->runController(Object(App\Controllers\Admin))
#7 C:\Users\ASUS\Documents\tugas\tugas web framework\UAS2\system\CodeIgniter.php(326): CodeIgniter\CodeIgniter->handleRequest(NULL, Object(Config\Cache), false)
#8 C:\Users\ASUS\Documents\tugas\tugas web framework\UAS2\public\index.php(37): CodeIgniter\CodeIgniter->run()
#9 C:\Users\ASUS\Documents\tugas\tugas web framework\UAS2\system\Commands\Server\rewrite.php(43): require_once('C:\\Users\\ASUS\\D...')
#10 {main}
CRITICAL - 2022-06-13 09:48:33 --> Trying to get property 'username' of non-object
#0 C:\Users\ASUS\Documents\tugas\tugas web framework\UAS2\app\Views\admin\detail.php(8): CodeIgniter\Debug\Exceptions->errorHandler(8, 'Trying to get p...', 'C:\\Users\\ASUS\\D...', 8, Array)
#1 C:\Users\ASUS\Documents\tugas\tugas web framework\UAS2\system\View\View.php(210): include('C:\\Users\\ASUS\\D...')
#2 C:\Users\ASUS\Documents\tugas\tugas web framework\UAS2\system\View\View.php(213): CodeIgniter\View\View->CodeIgniter\View\{closure}()
#3 C:\Users\ASUS\Documents\tugas\tugas web framework\UAS2\system\Common.php(1089): CodeIgniter\View\View->render('admin/detail', Array, true)
#4 C:\Users\ASUS\Documents\tugas\tugas web framework\UAS2\app\Controllers\Admin.php(53): view('admin/detail', Array)
#5 C:\Users\ASUS\Documents\tugas\tugas web framework\UAS2\system\CodeIgniter.php(832): App\Controllers\Admin->detail('18')
#6 C:\Users\ASUS\Documents\tugas\tugas web framework\UAS2\system\CodeIgniter.php(419): CodeIgniter\CodeIgniter->runController(Object(App\Controllers\Admin))
#7 C:\Users\ASUS\Documents\tugas\tugas web framework\UAS2\system\CodeIgniter.php(326): CodeIgniter\CodeIgniter->handleRequest(NULL, Object(Config\Cache), false)
#8 C:\Users\ASUS\Documents\tugas\tugas web framework\UAS2\public\index.php(37): CodeIgniter\CodeIgniter->run()
#9 C:\Users\ASUS\Documents\tugas\tugas web framework\UAS2\system\Commands\Server\rewrite.php(43): require_once('C:\\Users\\ASUS\\D...')
#10 {main}
CRITICAL - 2022-06-13 09:55:12 --> syntax error, unexpected '}', expecting ';'
#0 C:\Users\ASUS\Documents\tugas\tugas web framework\UAS2\system\Router\Router.php(175): CodeIgniter\Router\Router->autoRoute('admin/detail/18')
#1 C:\Users\ASUS\Documents\tugas\tugas web framework\UAS2\system\CodeIgniter.php(726): CodeIgniter\Router\Router->handle('admin/detail/18')
#2 C:\Users\ASUS\Documents\tugas\tugas web framework\UAS2\system\CodeIgniter.php(368): CodeIgniter\CodeIgniter->tryToRouteIt(Object(CodeIgniter\Router\RouteCollection))
#3 C:\Users\ASUS\Documents\tugas\tugas web framework\UAS2\system\CodeIgniter.php(326): CodeIgniter\CodeIgniter->handleRequest(NULL, Object(Config\Cache), false)
#4 C:\Users\ASUS\Documents\tugas\tugas web framework\UAS2\public\index.php(37): CodeIgniter\CodeIgniter->run()
#5 C:\Users\ASUS\Documents\tugas\tugas web framework\UAS2\system\Commands\Server\rewrite.php(43): require_once('C:\\Users\\ASUS\\D...')
#6 {main}
ERROR - 2022-06-13 09:55:19 --> Unknown column 'users.id,' in 'where clause'
CRITICAL - 2022-06-13 09:55:19 --> Unknown column 'users.id,' in 'where clause'
#0 C:\Users\ASUS\Documents\tugas\tugas web framework\UAS2\system\Database\MySQLi\Connection.php(292): mysqli->query('SELECT `users`....', 0)
#1 C:\Users\ASUS\Documents\tugas\tugas web framework\UAS2\system\Database\BaseConnection.php(670): CodeIgniter\Database\MySQLi\Connection->execute('SELECT `users`....')
#2 C:\Users\ASUS\Documents\tugas\tugas web framework\UAS2\system\Database\BaseConnection.php(598): CodeIgniter\Database\BaseConnection->simpleQuery('SELECT `users`....')
#3 C:\Users\ASUS\Documents\tugas\tugas web framework\UAS2\system\Database\BaseBuilder.php(1455): CodeIgniter\Database\BaseConnection->query('SELECT `users`....', Array, false)
#4 C:\Users\ASUS\Documents\tugas\tugas web framework\UAS2\app\Controllers\Admin.php(51): CodeIgniter\Database\BaseBuilder->get()
#5 C:\Users\ASUS\Documents\tugas\tugas web framework\UAS2\system\CodeIgniter.php(832): App\Controllers\Admin->detail('18')
#6 C:\Users\ASUS\Documents\tugas\tugas web framework\UAS2\system\CodeIgniter.php(419): CodeIgniter\CodeIgniter->runController(Object(App\Controllers\Admin))
#7 C:\Users\ASUS\Documents\tugas\tugas web framework\UAS2\system\CodeIgniter.php(326): CodeIgniter\CodeIgniter->handleRequest(NULL, Object(Config\Cache), false)
#8 C:\Users\ASUS\Documents\tugas\tugas web framework\UAS2\public\index.php(37): CodeIgniter\CodeIgniter->run()
#9 C:\Users\ASUS\Documents\tugas\tugas web framework\UAS2\system\Commands\Server\rewrite.php(43): require_once('C:\\Users\\ASUS\\D...')
#10 {main}
ERROR - 2022-06-13 09:57:42 --> Unknown column 'users.id,' in 'where clause'
CRITICAL - 2022-06-13 09:57:42 --> Unknown column 'users.id,' in 'where clause'
#0 C:\Users\ASUS\Documents\tugas\tugas web framework\UAS2\system\Database\MySQLi\Connection.php(292): mysqli->query('SELECT `users`....', 0)
#1 C:\Users\ASUS\Documents\tugas\tugas web framework\UAS2\system\Database\BaseConnection.php(670): CodeIgniter\Database\MySQLi\Connection->execute('SELECT `users`....')
#2 C:\Users\ASUS\Documents\tugas\tugas web framework\UAS2\system\Database\BaseConnection.php(598): CodeIgniter\Database\BaseConnection->simpleQuery('SELECT `users`....')
#3 C:\Users\ASUS\Documents\tugas\tugas web framework\UAS2\system\Database\BaseBuilder.php(1455): CodeIgniter\Database\BaseConnection->query('SELECT `users`....', Array, false)
#4 C:\Users\ASUS\Documents\tugas\tugas web framework\UAS2\app\Controllers\Admin.php(51): CodeIgniter\Database\BaseBuilder->get()
#5 C:\Users\ASUS\Documents\tugas\tugas web framework\UAS2\system\CodeIgniter.php(832): App\Controllers\Admin->detail('18')
#6 C:\Users\ASUS\Documents\tugas\tugas web framework\UAS2\system\CodeIgniter.php(419): CodeIgniter\CodeIgniter->runController(Object(App\Controllers\Admin))
#7 C:\Users\ASUS\Documents\tugas\tugas web framework\UAS2\system\CodeIgniter.php(326): CodeIgniter\CodeIgniter->handleRequest(NULL, Object(Config\Cache), false)
#8 C:\Users\ASUS\Documents\tugas\tugas web framework\UAS2\public\index.php(37): CodeIgniter\CodeIgniter->run()
#9 C:\Users\ASUS\Documents\tugas\tugas web framework\UAS2\system\Commands\Server\rewrite.php(43): require_once('C:\\Users\\ASUS\\D...')
#10 {main}
ERROR - 2022-06-13 09:57:43 --> Unknown column 'users.id,' in 'where clause'
CRITICAL - 2022-06-13 09:57:43 --> Unknown column 'users.id,' in 'where clause'
#0 C:\Users\ASUS\Documents\tugas\tugas web framework\UAS2\system\Database\MySQLi\Connection.php(292): mysqli->query('SELECT `users`....', 0)
#1 C:\Users\ASUS\Documents\tugas\tugas web framework\UAS2\system\Database\BaseConnection.php(670): CodeIgniter\Database\MySQLi\Connection->execute('SELECT `users`....')
#2 C:\Users\ASUS\Documents\tugas\tugas web framework\UAS2\system\Database\BaseConnection.php(598): CodeIgniter\Database\BaseConnection->simpleQuery('SELECT `users`....')
#3 C:\Users\ASUS\Documents\tugas\tugas web framework\UAS2\system\Database\BaseBuilder.php(1455): CodeIgniter\Database\BaseConnection->query('SELECT `users`....', Array, false)
#4 C:\Users\ASUS\Documents\tugas\tugas web framework\UAS2\app\Controllers\Admin.php(51): CodeIgniter\Database\BaseBuilder->get()
#5 C:\Users\ASUS\Documents\tugas\tugas web framework\UAS2\system\CodeIgniter.php(832): App\Controllers\Admin->detail('18')
#6 C:\Users\ASUS\Documents\tugas\tugas web framework\UAS2\system\CodeIgniter.php(419): CodeIgniter\CodeIgniter->runController(Object(App\Controllers\Admin))
#7 C:\Users\ASUS\Documents\tugas\tugas web framework\UAS2\system\CodeIgniter.php(326): CodeIgniter\CodeIgniter->handleRequest(NULL, Object(Config\Cache), false)
#8 C:\Users\ASUS\Documents\tugas\tugas web framework\UAS2\public\index.php(37): CodeIgniter\CodeIgniter->run()
#9 C:\Users\ASUS\Documents\tugas\tugas web framework\UAS2\system\Commands\Server\rewrite.php(43): require_once('C:\\Users\\ASUS\\D...')
#10 {main}
ERROR - 2022-06-13 09:57:53 --> Unknown column 'users.id,' in 'where clause'
CRITICAL - 2022-06-13 09:57:53 --> Unknown column 'users.id,' in 'where clause'
#0 C:\Users\ASUS\Documents\tugas\tugas web framework\UAS2\system\Database\MySQLi\Connection.php(292): mysqli->query('SELECT `users`....', 0)
#1 C:\Users\ASUS\Documents\tugas\tugas web framework\UAS2\system\Database\BaseConnection.php(670): CodeIgniter\Database\MySQLi\Connection->execute('SELECT `users`....')
#2 C:\Users\ASUS\Documents\tugas\tugas web framework\UAS2\system\Database\BaseConnection.php(598): CodeIgniter\Database\BaseConnection->simpleQuery('SELECT `users`....')
#3 C:\Users\ASUS\Documents\tugas\tugas web framework\UAS2\system\Database\BaseBuilder.php(1455): CodeIgniter\Database\BaseConnection->query('SELECT `users`....', Array, false)
#4 C:\Users\ASUS\Documents\tugas\tugas web framework\UAS2\app\Controllers\Admin.php(51): CodeIgniter\Database\BaseBuilder->get()
#5 C:\Users\ASUS\Documents\tugas\tugas web framework\UAS2\system\CodeIgniter.php(832): App\Controllers\Admin->detail('18')
#6 C:\Users\ASUS\Documents\tugas\tugas web framework\UAS2\system\CodeIgniter.php(419): CodeIgniter\CodeIgniter->runController(Object(App\Controllers\Admin))
#7 C:\Users\ASUS\Documents\tugas\tugas web framework\UAS2\system\CodeIgniter.php(326): CodeIgniter\CodeIgniter->handleRequest(NULL, Object(Config\Cache), false)
#8 C:\Users\ASUS\Documents\tugas\tugas web framework\UAS2\public\index.php(37): CodeIgniter\CodeIgniter->run()
#9 C:\Users\ASUS\Documents\tugas\tugas web framework\UAS2\system\Commands\Server\rewrite.php(43): require_once('C:\\Users\\ASUS\\D...')
#10 {main}
ERROR - 2022-06-13 09:58:18 --> Unknown column 'users.id,' in 'where clause'
CRITICAL - 2022-06-13 09:58:18 --> Unknown column 'users.id,' in 'where clause'
#0 C:\Users\ASUS\Documents\tugas\tugas web framework\UAS2\system\Database\MySQLi\Connection.php(292): mysqli->query('SELECT `users`....', 0)
#1 C:\Users\ASUS\Documents\tugas\tugas web framework\UAS2\system\Database\BaseConnection.php(670): CodeIgniter\Database\MySQLi\Connection->execute('SELECT `users`....')
#2 C:\Users\ASUS\Documents\tugas\tugas web framework\UAS2\system\Database\BaseConnection.php(598): CodeIgniter\Database\BaseConnection->simpleQuery('SELECT `users`....')
#3 C:\Users\ASUS\Documents\tugas\tugas web framework\UAS2\system\Database\BaseBuilder.php(1455): CodeIgniter\Database\BaseConnection->query('SELECT `users`....', Array, false)
#4 C:\Users\ASUS\Documents\tugas\tugas web framework\UAS2\app\Controllers\Admin.php(51): CodeIgniter\Database\BaseBuilder->get()
#5 C:\Users\ASUS\Documents\tugas\tugas web framework\UAS2\system\CodeIgniter.php(832): App\Controllers\Admin->detail('18')
#6 C:\Users\ASUS\Documents\tugas\tugas web framework\UAS2\system\CodeIgniter.php(419): CodeIgniter\CodeIgniter->runController(Object(App\Controllers\Admin))
#7 C:\Users\ASUS\Documents\tugas\tugas web framework\UAS2\system\CodeIgniter.php(326): CodeIgniter\CodeIgniter->handleRequest(NULL, Object(Config\Cache), false)
#8 C:\Users\ASUS\Documents\tugas\tugas web framework\UAS2\public\index.php(37): CodeIgniter\CodeIgniter->run()
#9 C:\Users\ASUS\Documents\tugas\tugas web framework\UAS2\system\Commands\Server\rewrite.php(43): require_once('C:\\Users\\ASUS\\D...')
#10 {main}
ERROR - 2022-06-13 09:58:20 --> Unknown column 'users.id,' in 'where clause'
CRITICAL - 2022-06-13 09:58:20 --> Unknown column 'users.id,' in 'where clause'
#0 C:\Users\ASUS\Documents\tugas\tugas web framework\UAS2\system\Database\MySQLi\Connection.php(292): mysqli->query('SELECT `users`....', 0)
#1 C:\Users\ASUS\Documents\tugas\tugas web framework\UAS2\system\Database\BaseConnection.php(670): CodeIgniter\Database\MySQLi\Connection->execute('SELECT `users`....')
#2 C:\Users\ASUS\Documents\tugas\tugas web framework\UAS2\system\Database\BaseConnection.php(598): CodeIgniter\Database\BaseConnection->simpleQuery('SELECT `users`....')
#3 C:\Users\ASUS\Documents\tugas\tugas web framework\UAS2\system\Database\BaseBuilder.php(1455): CodeIgniter\Database\BaseConnection->query('SELECT `users`....', Array, false)
#4 C:\Users\ASUS\Documents\tugas\tugas web framework\UAS2\app\Controllers\Admin.php(51): CodeIgniter\Database\BaseBuilder->get()
#5 C:\Users\ASUS\Documents\tugas\tugas web framework\UAS2\system\CodeIgniter.php(832): App\Controllers\Admin->detail('18')
#6 C:\Users\ASUS\Documents\tugas\tugas web framework\UAS2\system\CodeIgniter.php(419): CodeIgniter\CodeIgniter->runController(Object(App\Controllers\Admin))
#7 C:\Users\ASUS\Documents\tugas\tugas web framework\UAS2\system\CodeIgniter.php(326): CodeIgniter\CodeIgniter->handleRequest(NULL, Object(Config\Cache), false)
#8 C:\Users\ASUS\Documents\tugas\tugas web framework\UAS2\public\index.php(37): CodeIgniter\CodeIgniter->run()
#9 C:\Users\ASUS\Documents\tugas\tugas web framework\UAS2\system\Commands\Server\rewrite.php(43): require_once('C:\\Users\\ASUS\\D...')
#10 {main}
ERROR - 2022-06-13 10:00:09 --> Unknown column 'users.id,' in 'where clause'
CRITICAL - 2022-06-13 10:00:09 --> Unknown column 'users.id,' in 'where clause'
#0 C:\Users\ASUS\Documents\tugas\tugas web framework\UAS2\system\Database\MySQLi\Connection.php(292): mysqli->query('SELECT `users`....', 0)
#1 C:\Users\ASUS\Documents\tugas\tugas web framework\UAS2\system\Database\BaseConnection.php(670): CodeIgniter\Database\MySQLi\Connection->execute('SELECT `users`....')
#2 C:\Users\ASUS\Documents\tugas\tugas web framework\UAS2\system\Database\BaseConnection.php(598): CodeIgniter\Database\BaseConnection->simpleQuery('SELECT `users`....')
#3 C:\Users\ASUS\Documents\tugas\tugas web framework\UAS2\system\Database\BaseBuilder.php(1455): CodeIgniter\Database\BaseConnection->query('SELECT `users`....', Array, false)
#4 C:\Users\ASUS\Documents\tugas\tugas web framework\UAS2\app\Controllers\Admin.php(51): CodeIgniter\Database\BaseBuilder->get()
#5 C:\Users\ASUS\Documents\tugas\tugas web framework\UAS2\system\CodeIgniter.php(832): App\Controllers\Admin->detail('18')
#6 C:\Users\ASUS\Documents\tugas\tugas web framework\UAS2\system\CodeIgniter.php(419): CodeIgniter\CodeIgniter->runController(Object(App\Controllers\Admin))
#7 C:\Users\ASUS\Documents\tugas\tugas web framework\UAS2\system\CodeIgniter.php(326): CodeIgniter\CodeIgniter->handleRequest(NULL, Object(Config\Cache), false)
#8 C:\Users\ASUS\Documents\tugas\tugas web framework\UAS2\public\index.php(37): CodeIgniter\CodeIgniter->run()
#9 C:\Users\ASUS\Documents\tugas\tugas web framework\UAS2\system\Commands\Server\rewrite.php(43): require_once('C:\\Users\\ASUS\\D...')
#10 {main}
ERROR - 2022-06-13 10:00:45 --> Unknown column 'users.id,' in 'where clause'
CRITICAL - 2022-06-13 10:00:45 --> Unknown column 'users.id,' in 'where clause'
#0 C:\Users\ASUS\Documents\tugas\tugas web framework\UAS2\system\Database\MySQLi\Connection.php(292): mysqli->query('SELECT `users`....', 0)
#1 C:\Users\ASUS\Documents\tugas\tugas web framework\UAS2\system\Database\BaseConnection.php(670): CodeIgniter\Database\MySQLi\Connection->execute('SELECT `users`....')
#2 C:\Users\ASUS\Documents\tugas\tugas web framework\UAS2\system\Database\BaseConnection.php(598): CodeIgniter\Database\BaseConnection->simpleQuery('SELECT `users`....')
#3 C:\Users\ASUS\Documents\tugas\tugas web framework\UAS2\system\Database\BaseBuilder.php(1455): CodeIgniter\Database\BaseConnection->query('SELECT `users`....', Array, false)
#4 C:\Users\ASUS\Documents\tugas\tugas web framework\UAS2\app\Controllers\Admin.php(51): CodeIgniter\Database\BaseBuilder->get()
#5 C:\Users\ASUS\Documents\tugas\tugas web framework\UAS2\system\CodeIgniter.php(832): App\Controllers\Admin->detail('18')
#6 C:\Users\ASUS\Documents\tugas\tugas web framework\UAS2\system\CodeIgniter.php(419): CodeIgniter\CodeIgniter->runController(Object(App\Controllers\Admin))
#7 C:\Users\ASUS\Documents\tugas\tugas web framework\UAS2\system\CodeIgniter.php(326): CodeIgniter\CodeIgniter->handleRequest(NULL, Object(Config\Cache), false)
#8 C:\Users\ASUS\Documents\tugas\tugas web framework\UAS2\public\index.php(37): CodeIgniter\CodeIgniter->run()
#9 C:\Users\ASUS\Documents\tugas\tugas web framework\UAS2\system\Commands\Server\rewrite.php(43): require_once('C:\\Users\\ASUS\\D...')
#10 {main}
ERROR - 2022-06-13 10:01:08 --> Unknown column 'users.id,' in 'where clause'
CRITICAL - 2022-06-13 10:01:08 --> Unknown column 'users.id,' in 'where clause'
#0 C:\Users\ASUS\Documents\tugas\tugas web framework\UAS2\system\Database\MySQLi\Connection.php(292): mysqli->query('SELECT `users`....', 0)
#1 C:\Users\ASUS\Documents\tugas\tugas web framework\UAS2\system\Database\BaseConnection.php(670): CodeIgniter\Database\MySQLi\Connection->execute('SELECT `users`....')
#2 C:\Users\ASUS\Documents\tugas\tugas web framework\UAS2\system\Database\BaseConnection.php(598): CodeIgniter\Database\BaseConnection->simpleQuery('SELECT `users`....')
#3 C:\Users\ASUS\Documents\tugas\tugas web framework\UAS2\system\Database\BaseBuilder.php(1455): CodeIgniter\Database\BaseConnection->query('SELECT `users`....', Array, false)
#4 C:\Users\ASUS\Documents\tugas\tugas web framework\UAS2\app\Controllers\Admin.php(51): CodeIgniter\Database\BaseBuilder->get()
#5 C:\Users\ASUS\Documents\tugas\tugas web framework\UAS2\system\CodeIgniter.php(832): App\Controllers\Admin->detail('18')
#6 C:\Users\ASUS\Documents\tugas\tugas web framework\UAS2\system\CodeIgniter.php(419): CodeIgniter\CodeIgniter->runController(Object(App\Controllers\Admin))
#7 C:\Users\ASUS\Documents\tugas\tugas web framework\UAS2\system\CodeIgniter.php(326): CodeIgniter\CodeIgniter->handleRequest(NULL, Object(Config\Cache), false)
#8 C:\Users\ASUS\Documents\tugas\tugas web framework\UAS2\public\index.php(37): CodeIgniter\CodeIgniter->run()
#9 C:\Users\ASUS\Documents\tugas\tugas web framework\UAS2\system\Commands\Server\rewrite.php(43): require_once('C:\\Users\\ASUS\\D...')
#10 {main}
ERROR - 2022-06-13 10:03:22 --> Unknown column 'users.id,' in 'where clause'
CRITICAL - 2022-06-13 10:03:22 --> Unknown column 'users.id,' in 'where clause'
#0 C:\Users\ASUS\Documents\tugas\tugas web framework\UAS2\system\Database\MySQLi\Connection.php(292): mysqli->query('SELECT `users`....', 0)
#1 C:\Users\ASUS\Documents\tugas\tugas web framework\UAS2\system\Database\BaseConnection.php(670): CodeIgniter\Database\MySQLi\Connection->execute('SELECT `users`....')
#2 C:\Users\ASUS\Documents\tugas\tugas web framework\UAS2\system\Database\BaseConnection.php(598): CodeIgniter\Database\BaseConnection->simpleQuery('SELECT `users`....')
#3 C:\Users\ASUS\Documents\tugas\tugas web framework\UAS2\system\Database\BaseBuilder.php(1455): CodeIgniter\Database\BaseConnection->query('SELECT `users`....', Array, false)
#4 C:\Users\ASUS\Documents\tugas\tugas web framework\UAS2\app\Controllers\Admin.php(51): CodeIgniter\Database\BaseBuilder->get()
#5 C:\Users\ASUS\Documents\tugas\tugas web framework\UAS2\system\CodeIgniter.php(832): App\Controllers\Admin->detail('18')
#6 C:\Users\ASUS\Documents\tugas\tugas web framework\UAS2\system\CodeIgniter.php(419): CodeIgniter\CodeIgniter->runController(Object(App\Controllers\Admin))
#7 C:\Users\ASUS\Documents\tugas\tugas web framework\UAS2\system\CodeIgniter.php(326): CodeIgniter\CodeIgniter->handleRequest(NULL, Object(Config\Cache), false)
#8 C:\Users\ASUS\Documents\tugas\tugas web framework\UAS2\public\index.php(37): CodeIgniter\CodeIgniter->run()
#9 C:\Users\ASUS\Documents\tugas\tugas web framework\UAS2\system\Commands\Server\rewrite.php(43): require_once('C:\\Users\\ASUS\\D...')
#10 {main}
ERROR - 2022-06-13 10:03:25 --> Unknown column 'users.id,' in 'where clause'
CRITICAL - 2022-06-13 10:03:25 --> Unknown column 'users.id,' in 'where clause'
#0 C:\Users\ASUS\Documents\tugas\tugas web framework\UAS2\system\Database\MySQLi\Connection.php(292): mysqli->query('SELECT `users`....', 0)
#1 C:\Users\ASUS\Documents\tugas\tugas web framework\UAS2\system\Database\BaseConnection.php(670): CodeIgniter\Database\MySQLi\Connection->execute('SELECT `users`....')
#2 C:\Users\ASUS\Documents\tugas\tugas web framework\UAS2\system\Database\BaseConnection.php(598): CodeIgniter\Database\BaseConnection->simpleQuery('SELECT `users`....')
#3 C:\Users\ASUS\Documents\tugas\tugas web framework\UAS2\system\Database\BaseBuilder.php(1455): CodeIgniter\Database\BaseConnection->query('SELECT `users`....', Array, false)
#4 C:\Users\ASUS\Documents\tugas\tugas web framework\UAS2\app\Controllers\Admin.php(51): CodeIgniter\Database\BaseBuilder->get()
#5 C:\Users\ASUS\Documents\tugas\tugas web framework\UAS2\system\CodeIgniter.php(832): App\Controllers\Admin->detail('29')
#6 C:\Users\ASUS\Documents\tugas\tugas web framework\UAS2\system\CodeIgniter.php(419): CodeIgniter\CodeIgniter->runController(Object(App\Controllers\Admin))
#7 C:\Users\ASUS\Documents\tugas\tugas web framework\UAS2\system\CodeIgniter.php(326): CodeIgniter\CodeIgniter->handleRequest(NULL, Object(Config\Cache), false)
#8 C:\Users\ASUS\Documents\tugas\tugas web framework\UAS2\public\index.php(37): CodeIgniter\CodeIgniter->run()
#9 C:\Users\ASUS\Documents\tugas\tugas web framework\UAS2\system\Commands\Server\rewrite.php(43): require_once('C:\\Users\\ASUS\\D...')
#10 {main}
ERROR - 2022-06-13 10:03:32 --> Unknown column 'users.id,' in 'where clause'
CRITICAL - 2022-06-13 10:03:32 --> Unknown column 'users.id,' in 'where clause'
#0 C:\Users\ASUS\Documents\tugas\tugas web framework\UAS2\system\Database\MySQLi\Connection.php(292): mysqli->query('SELECT `users`....', 0)
#1 C:\Users\ASUS\Documents\tugas\tugas web framework\UAS2\system\Database\BaseConnection.php(670): CodeIgniter\Database\MySQLi\Connection->execute('SELECT `users`....')
#2 C:\Users\ASUS\Documents\tugas\tugas web framework\UAS2\system\Database\BaseConnection.php(598): CodeIgniter\Database\BaseConnection->simpleQuery('SELECT `users`....')
#3 C:\Users\ASUS\Documents\tugas\tugas web framework\UAS2\system\Database\BaseBuilder.php(1455): CodeIgniter\Database\BaseConnection->query('SELECT `users`....', Array, false)
#4 C:\Users\ASUS\Documents\tugas\tugas web framework\UAS2\app\Controllers\Admin.php(51): CodeIgniter\Database\BaseBuilder->get()
#5 C:\Users\ASUS\Documents\tugas\tugas web framework\UAS2\system\CodeIgniter.php(832): App\Controllers\Admin->detail('18')
#6 C:\Users\ASUS\Documents\tugas\tugas web framework\UAS2\system\CodeIgniter.php(419): CodeIgniter\CodeIgniter->runController(Object(App\Controllers\Admin))
#7 C:\Users\ASUS\Documents\tugas\tugas web framework\UAS2\system\CodeIgniter.php(326): CodeIgniter\CodeIgniter->handleRequest(NULL, Object(Config\Cache), false)
#8 C:\Users\ASUS\Documents\tugas\tugas web framework\UAS2\public\index.php(37): CodeIgniter\CodeIgniter->run()
#9 C:\Users\ASUS\Documents\tugas\tugas web framework\UAS2\system\Commands\Server\rewrite.php(43): require_once('C:\\Users\\ASUS\\D...')
#10 {main}
ERROR - 2022-06-13 10:04:04 --> Unknown column 'user.id,' in 'where clause'
CRITICAL - 2022-06-13 10:04:04 --> Unknown column 'user.id,' in 'where clause'
#0 C:\Users\ASUS\Documents\tugas\tugas web framework\UAS2\system\Database\MySQLi\Connection.php(292): mysqli->query('SELECT `users`....', 0)
#1 C:\Users\ASUS\Documents\tugas\tugas web framework\UAS2\system\Database\BaseConnection.php(670): CodeIgniter\Database\MySQLi\Connection->execute('SELECT `users`....')
#2 C:\Users\ASUS\Documents\tugas\tugas web framework\UAS2\system\Database\BaseConnection.php(598): CodeIgniter\Database\BaseConnection->simpleQuery('SELECT `users`....')
#3 C:\Users\ASUS\Documents\tugas\tugas web framework\UAS2\system\Database\BaseBuilder.php(1455): CodeIgniter\Database\BaseConnection->query('SELECT `users`....', Array, false)
#4 C:\Users\ASUS\Documents\tugas\tugas web framework\UAS2\app\Controllers\Admin.php(51): CodeIgniter\Database\BaseBuilder->get()
#5 C:\Users\ASUS\Documents\tugas\tugas web framework\UAS2\system\CodeIgniter.php(832): App\Controllers\Admin->detail('18')
#6 C:\Users\ASUS\Documents\tugas\tugas web framework\UAS2\system\CodeIgniter.php(419): CodeIgniter\CodeIgniter->runController(Object(App\Controllers\Admin))
#7 C:\Users\ASUS\Documents\tugas\tugas web framework\UAS2\system\CodeIgniter.php(326): CodeIgniter\CodeIgniter->handleRequest(NULL, Object(Config\Cache), false)
#8 C:\Users\ASUS\Documents\tugas\tugas web framework\UAS2\public\index.php(37): CodeIgniter\CodeIgniter->run()
#9 C:\Users\ASUS\Documents\tugas\tugas web framework\UAS2\system\Commands\Server\rewrite.php(43): require_once('C:\\Users\\ASUS\\D...')
#10 {main}
CRITICAL - 2022-06-13 10:09:02 --> Invalid file: /admin/detail,$data.php
#0 C:\Users\ASUS\Documents\tugas\tugas web framework\UAS2\system\View\View.php(198): CodeIgniter\Exceptions\FrameworkException::forInvalidFile('/admin/detail,$...')
#1 C:\Users\ASUS\Documents\tugas\tugas web framework\UAS2\system\Common.php(1089): CodeIgniter\View\View->render('/admin/detail,$...', Array, true)
#2 C:\Users\ASUS\Documents\tugas\tugas web framework\UAS2\app\Controllers\Admin.php(54): view('/admin/detail,$...')
#3 C:\Users\ASUS\Documents\tugas\tugas web framework\UAS2\system\CodeIgniter.php(832): App\Controllers\Admin->detail('18')
#4 C:\Users\ASUS\Documents\tugas\tugas web framework\UAS2\system\CodeIgniter.php(419): CodeIgniter\CodeIgniter->runController(Object(App\Controllers\Admin))
#5 C:\Users\ASUS\Documents\tugas\tugas web framework\UAS2\system\CodeIgniter.php(326): CodeIgniter\CodeIgniter->handleRequest(NULL, Object(Config\Cache), false)
#6 C:\Users\ASUS\Documents\tugas\tugas web framework\UAS2\public\index.php(37): CodeIgniter\CodeIgniter->run()
#7 C:\Users\ASUS\Documents\tugas\tugas web framework\UAS2\system\Commands\Server\rewrite.php(43): require_once('C:\\Users\\ASUS\\D...')
#8 {main}
CRITICAL - 2022-06-13 10:09:04 --> Invalid file: /admin/detail,$data.php
#0 C:\Users\ASUS\Documents\tugas\tugas web framework\UAS2\system\View\View.php(198): CodeIgniter\Exceptions\FrameworkException::forInvalidFile('/admin/detail,$...')
#1 C:\Users\ASUS\Documents\tugas\tugas web framework\UAS2\system\Common.php(1089): CodeIgniter\View\View->render('/admin/detail,$...', Array, true)
#2 C:\Users\ASUS\Documents\tugas\tugas web framework\UAS2\app\Controllers\Admin.php(54): view('/admin/detail,$...')
#3 C:\Users\ASUS\Documents\tugas\tugas web framework\UAS2\system\CodeIgniter.php(832): App\Controllers\Admin->detail('18')
#4 C:\Users\ASUS\Documents\tugas\tugas web framework\UAS2\system\CodeIgniter.php(419): CodeIgniter\CodeIgniter->runController(Object(App\Controllers\Admin))
#5 C:\Users\ASUS\Documents\tugas\tugas web framework\UAS2\system\CodeIgniter.php(326): CodeIgniter\CodeIgniter->handleRequest(NULL, Object(Config\Cache), false)
#6 C:\Users\ASUS\Documents\tugas\tugas web framework\UAS2\public\index.php(37): CodeIgniter\CodeIgniter->run()
#7 C:\Users\ASUS\Documents\tugas\tugas web framework\UAS2\system\Commands\Server\rewrite.php(43): require_once('C:\\Users\\ASUS\\D...')
#8 {main}
CRITICAL - 2022-06-13 10:09:07 --> Invalid file: /admin/detail,$data.php
#0 C:\Users\ASUS\Documents\tugas\tugas web framework\UAS2\system\View\View.php(198): CodeIgniter\Exceptions\FrameworkException::forInvalidFile('/admin/detail,$...')
#1 C:\Users\ASUS\Documents\tugas\tugas web framework\UAS2\system\Common.php(1089): CodeIgniter\View\View->render('/admin/detail,$...', Array, true)
#2 C:\Users\ASUS\Documents\tugas\tugas web framework\UAS2\app\Controllers\Admin.php(54): view('/admin/detail,$...')
#3 C:\Users\ASUS\Documents\tugas\tugas web framework\UAS2\system\CodeIgniter.php(832): App\Controllers\Admin->detail('18')
#4 C:\Users\ASUS\Documents\tugas\tugas web framework\UAS2\system\CodeIgniter.php(419): CodeIgniter\CodeIgniter->runController(Object(App\Controllers\Admin))
#5 C:\Users\ASUS\Documents\tugas\tugas web framework\UAS2\system\CodeIgniter.php(326): CodeIgniter\CodeIgniter->handleRequest(NULL, Object(Config\Cache), false)
#6 C:\Users\ASUS\Documents\tugas\tugas web framework\UAS2\public\index.php(37): CodeIgniter\CodeIgniter->run()
#7 C:\Users\ASUS\Documents\tugas\tugas web framework\UAS2\system\Commands\Server\rewrite.php(43): require_once('C:\\Users\\ASUS\\D...')
#8 {main}
CRITICAL - 2022-06-13 10:11:14 --> Invalid file: /admin/detail,$data.php
#0 C:\Users\ASUS\Documents\tugas\tugas web framework\UAS2\system\View\View.php(198): CodeIgniter\Exceptions\FrameworkException::forInvalidFile('/admin/detail,$...')
#1 C:\Users\ASUS\Documents\tugas\tugas web framework\UAS2\system\Common.php(1089): CodeIgniter\View\View->render('/admin/detail,$...', Array, true)
#2 C:\Users\ASUS\Documents\tugas\tugas web framework\UAS2\app\Controllers\Admin.php(58): view('/admin/detail,$...')
#3 C:\Users\ASUS\Documents\tugas\tugas web framework\UAS2\system\CodeIgniter.php(832): App\Controllers\Admin->detail('18')
#4 C:\Users\ASUS\Documents\tugas\tugas web framework\UAS2\system\CodeIgniter.php(419): CodeIgniter\CodeIgniter->runController(Object(App\Controllers\Admin))
#5 C:\Users\ASUS\Documents\tugas\tugas web framework\UAS2\system\CodeIgniter.php(326): CodeIgniter\CodeIgniter->handleRequest(NULL, Object(Config\Cache), false)
#6 C:\Users\ASUS\Documents\tugas\tugas web framework\UAS2\public\index.php(37): CodeIgniter\CodeIgniter->run()
#7 C:\Users\ASUS\Documents\tugas\tugas web framework\UAS2\system\Commands\Server\rewrite.php(43): require_once('C:\\Users\\ASUS\\D...')
#8 {main}
CRITICAL - 2022-06-13 10:11:15 --> Invalid file: /admin/detail,$data.php
#0 C:\Users\ASUS\Documents\tugas\tugas web framework\UAS2\system\View\View.php(198): CodeIgniter\Exceptions\FrameworkException::forInvalidFile('/admin/detail,$...')
#1 C:\Users\ASUS\Documents\tugas\tugas web framework\UAS2\system\Common.php(1089): CodeIgniter\View\View->render('/admin/detail,$...', Array, true)
#2 C:\Users\ASUS\Documents\tugas\tugas web framework\UAS2\app\Controllers\Admin.php(58): view('/admin/detail,$...')
#3 C:\Users\ASUS\Documents\tugas\tugas web framework\UAS2\system\CodeIgniter.php(832): App\Controllers\Admin->detail('18')
#4 C:\Users\ASUS\Documents\tugas\tugas web framework\UAS2\system\CodeIgniter.php(419): CodeIgniter\CodeIgniter->runController(Object(App\Controllers\Admin))
#5 C:\Users\ASUS\Documents\tugas\tugas web framework\UAS2\system\CodeIgniter.php(326): CodeIgniter\CodeIgniter->handleRequest(NULL, Object(Config\Cache), false)
#6 C:\Users\ASUS\Documents\tugas\tugas web framework\UAS2\public\index.php(37): CodeIgniter\CodeIgniter->run()
#7 C:\Users\ASUS\Documents\tugas\tugas web framework\UAS2\system\Commands\Server\rewrite.php(43): require_once('C:\\Users\\ASUS\\D...')
#8 {main}
CRITICAL - 2022-06-13 10:12:00 --> Invalid file: /admin/detail,$data.php
#0 C:\Users\ASUS\Documents\tugas\tugas web framework\UAS2\system\View\View.php(198): CodeIgniter\Exceptions\FrameworkException::forInvalidFile('/admin/detail,$...')
#1 C:\Users\ASUS\Documents\tugas\tugas web framework\UAS2\system\Common.php(1089): CodeIgniter\View\View->render('/admin/detail,$...', Array, true)
#2 C:\Users\ASUS\Documents\tugas\tugas web framework\UAS2\app\Controllers\Admin.php(58): view('/admin/detail,$...')
#3 C:\Users\ASUS\Documents\tugas\tugas web framework\UAS2\system\CodeIgniter.php(832): App\Controllers\Admin->detail('18')
#4 C:\Users\ASUS\Documents\tugas\tugas web framework\UAS2\system\CodeIgniter.php(419): CodeIgniter\CodeIgniter->runController(Object(App\Controllers\Admin))
#5 C:\Users\ASUS\Documents\tugas\tugas web framework\UAS2\system\CodeIgniter.php(326): CodeIgniter\CodeIgniter->handleRequest(NULL, Object(Config\Cache), false)
#6 C:\Users\ASUS\Documents\tugas\tugas web framework\UAS2\public\index.php(37): CodeIgniter\CodeIgniter->run()
#7 C:\Users\ASUS\Documents\tugas\tugas web framework\UAS2\system\Commands\Server\rewrite.php(43): require_once('C:\\Users\\ASUS\\D...')
#8 {main}
CRITICAL - 2022-06-13 10:12:45 --> Undefined variable: users
#0 C:\Users\ASUS\Documents\tugas\tugas web framework\UAS2\app\Views\user\index.php(8): CodeIgniter\Debug\Exceptions->errorHandler(8, 'Undefined varia...', 'C:\\Users\\ASUS\\D...', 8, Array)
#1 C:\Users\ASUS\Documents\tugas\tugas web framework\UAS2\system\View\View.php(210): include('C:\\Users\\ASUS\\D...')
#2 C:\Users\ASUS\Documents\tugas\tugas web framework\UAS2\system\View\View.php(213): CodeIgniter\View\View->CodeIgniter\View\{closure}()
#3 C:\Users\ASUS\Documents\tugas\tugas web framework\UAS2\system\Common.php(1089): CodeIgniter\View\View->render('user/index', Array, true)
#4 C:\Users\ASUS\Documents\tugas\tugas web framework\UAS2\app\Controllers\User.php(37): view('user/index', Array)
#5 C:\Users\ASUS\Documents\tugas\tugas web framework\UAS2\system\CodeIgniter.php(832): App\Controllers\User->detail('index')
#6 C:\Users\ASUS\Documents\tugas\tugas web framework\UAS2\system\CodeIgniter.php(419): CodeIgniter\CodeIgniter->runController(Object(App\Controllers\User))
#7 C:\Users\ASUS\Documents\tugas\tugas web framework\UAS2\system\CodeIgniter.php(326): CodeIgniter\CodeIgniter->handleRequest(NULL, Object(Config\Cache), false)
#8 C:\Users\ASUS\Documents\tugas\tugas web framework\UAS2\public\index.php(37): CodeIgniter\CodeIgniter->run()
#9 C:\Users\ASUS\Documents\tugas\tugas web framework\UAS2\system\Commands\Server\rewrite.php(43): require_once('C:\\Users\\ASUS\\D...')
#10 {main}
CRITICAL - 2022-06-13 10:12:54 --> Invalid file: /admin/detail,$data.php
#0 C:\Users\ASUS\Documents\tugas\tugas web framework\UAS2\system\View\View.php(198): CodeIgniter\Exceptions\FrameworkException::forInvalidFile('/admin/detail,$...')
#1 C:\Users\ASUS\Documents\tugas\tugas web framework\UAS2\system\Common.php(1089): CodeIgniter\View\View->render('/admin/detail,$...', Array, true)
#2 C:\Users\ASUS\Documents\tugas\tugas web framework\UAS2\app\Controllers\Admin.php(58): view('/admin/detail,$...')
#3 C:\Users\ASUS\Documents\tugas\tugas web framework\UAS2\system\CodeIgniter.php(832): App\Controllers\Admin->detail('18')
#4 C:\Users\ASUS\Documents\tugas\tugas web framework\UAS2\system\CodeIgniter.php(419): CodeIgniter\CodeIgniter->runController(Object(App\Controllers\Admin))
#5 C:\Users\ASUS\Documents\tugas\tugas web framework\UAS2\system\CodeIgniter.php(326): CodeIgniter\CodeIgniter->handleRequest(NULL, Object(Config\Cache), false)
#6 C:\Users\ASUS\Documents\tugas\tugas web framework\UAS2\public\index.php(37): CodeIgniter\CodeIgniter->run()
#7 C:\Users\ASUS\Documents\tugas\tugas web framework\UAS2\system\Commands\Server\rewrite.php(43): require_once('C:\\Users\\ASUS\\D...')
#8 {main}
CRITICAL - 2022-06-13 10:13:04 --> Invalid file: /admin/detail,$data.php
#0 C:\Users\ASUS\Documents\tugas\tugas web framework\UAS2\system\View\View.php(198): CodeIgniter\Exceptions\FrameworkException::forInvalidFile('/admin/detail,$...')
#1 C:\Users\ASUS\Documents\tugas\tugas web framework\UAS2\system\Common.php(1089): CodeIgniter\View\View->render('/admin/detail,$...', Array, true)
#2 C:\Users\ASUS\Documents\tugas\tugas web framework\UAS2\app\Controllers\Admin.php(58): view('/admin/detail,$...')
#3 C:\Users\ASUS\Documents\tugas\tugas web framework\UAS2\system\CodeIgniter.php(832): App\Controllers\Admin->detail('18')
#4 C:\Users\ASUS\Documents\tugas\tugas web framework\UAS2\system\CodeIgniter.php(419): CodeIgniter\CodeIgniter->runController(Object(App\Controllers\Admin))
#5 C:\Users\ASUS\Documents\tugas\tugas web framework\UAS2\system\CodeIgniter.php(326): CodeIgniter\CodeIgniter->handleRequest(NULL, Object(Config\Cache), false)
#6 C:\Users\ASUS\Documents\tugas\tugas web framework\UAS2\public\index.php(37): CodeIgniter\CodeIgniter->run()
#7 C:\Users\ASUS\Documents\tugas\tugas web framework\UAS2\system\Commands\Server\rewrite.php(43): require_once('C:\\Users\\ASUS\\D...')
#8 {main}
CRITICAL - 2022-06-13 10:13:43 --> Undefined property: stdClass::$fullname
#0 C:\Users\ASUS\Documents\tugas\tugas web framework\UAS2\app\Views\admin\detail.php(18): CodeIgniter\Debug\Exceptions->errorHandler(8, 'Undefined prope...', 'C:\\Users\\ASUS\\D...', 18, Array)
#1 C:\Users\ASUS\Documents\tugas\tugas web framework\UAS2\system\View\View.php(210): include('C:\\Users\\ASUS\\D...')
#2 C:\Users\ASUS\Documents\tugas\tugas web framework\UAS2\system\View\View.php(213): CodeIgniter\View\View->CodeIgniter\View\{closure}()
#3 C:\Users\ASUS\Documents\tugas\tugas web framework\UAS2\system\Common.php(1089): CodeIgniter\View\View->render('/admin/detail', Array, true)
#4 C:\Users\ASUS\Documents\tugas\tugas web framework\UAS2\app\Controllers\Admin.php(58): view('/admin/detail', Array)
#5 C:\Users\ASUS\Documents\tugas\tugas web framework\UAS2\system\CodeIgniter.php(832): App\Controllers\Admin->detail('18')
#6 C:\Users\ASUS\Documents\tugas\tugas web framework\UAS2\system\CodeIgniter.php(419): CodeIgniter\CodeIgniter->runController(Object(App\Controllers\Admin))
#7 C:\Users\ASUS\Documents\tugas\tugas web framework\UAS2\system\CodeIgniter.php(326): CodeIgniter\CodeIgniter->handleRequest(NULL, Object(Config\Cache), false)
#8 C:\Users\ASUS\Documents\tugas\tugas web framework\UAS2\public\index.php(37): CodeIgniter\CodeIgniter->run()
#9 C:\Users\ASUS\Documents\tugas\tugas web framework\UAS2\system\Commands\Server\rewrite.php(43): require_once('C:\\Users\\ASUS\\D...')
#10 {main}
CRITICAL - 2022-06-13 10:13:45 --> Undefined property: stdClass::$fullname
#0 C:\Users\ASUS\Documents\tugas\tugas web framework\UAS2\app\Views\admin\detail.php(18): CodeIgniter\Debug\Exceptions->errorHandler(8, 'Undefined prope...', 'C:\\Users\\ASUS\\D...', 18, Array)
#1 C:\Users\ASUS\Documents\tugas\tugas web framework\UAS2\system\View\View.php(210): include('C:\\Users\\ASUS\\D...')
#2 C:\Users\ASUS\Documents\tugas\tugas web framework\UAS2\system\View\View.php(213): CodeIgniter\View\View->CodeIgniter\View\{closure}()
#3 C:\Users\ASUS\Documents\tugas\tugas web framework\UAS2\system\Common.php(1089): CodeIgniter\View\View->render('/admin/detail', Array, true)
#4 C:\Users\ASUS\Documents\tugas\tugas web framework\UAS2\app\Controllers\Admin.php(58): view('/admin/detail', Array)
#5 C:\Users\ASUS\Documents\tugas\tugas web framework\UAS2\system\CodeIgniter.php(832): App\Controllers\Admin->detail('18')
#6 C:\Users\ASUS\Documents\tugas\tugas web framework\UAS2\system\CodeIgniter.php(419): CodeIgniter\CodeIgniter->runController(Object(App\Controllers\Admin))
#7 C:\Users\ASUS\Documents\tugas\tugas web framework\UAS2\system\CodeIgniter.php(326): CodeIgniter\CodeIgniter->handleRequest(NULL, Object(Config\Cache), false)
#8 C:\Users\ASUS\Documents\tugas\tugas web framework\UAS2\public\index.php(37): CodeIgniter\CodeIgniter->run()
#9 C:\Users\ASUS\Documents\tugas\tugas web framework\UAS2\system\Commands\Server\rewrite.php(43): require_once('C:\\Users\\ASUS\\D...')
#10 {main}
CRITICAL - 2022-06-13 10:13:58 --> Undefined property: stdClass::$created_at
#0 C:\Users\ASUS\Documents\tugas\tugas web framework\UAS2\app\Views\admin\detail.php(42): CodeIgniter\Debug\Exceptions->errorHandler(8, 'Undefined prope...', 'C:\\Users\\ASUS\\D...', 42, Array)
#1 C:\Users\ASUS\Documents\tugas\tugas web framework\UAS2\system\View\View.php(210): include('C:\\Users\\ASUS\\D...')
#2 C:\Users\ASUS\Documents\tugas\tugas web framework\UAS2\system\View\View.php(213): CodeIgniter\View\View->CodeIgniter\View\{closure}()
#3 C:\Users\ASUS\Documents\tugas\tugas web framework\UAS2\system\Common.php(1089): CodeIgniter\View\View->render('/admin/detail', Array, true)
#4 C:\Users\ASUS\Documents\tugas\tugas web framework\UAS2\app\Controllers\Admin.php(58): view('/admin/detail', Array)
#5 C:\Users\ASUS\Documents\tugas\tugas web framework\UAS2\system\CodeIgniter.php(832): App\Controllers\Admin->detail('18')
#6 C:\Users\ASUS\Documents\tugas\tugas web framework\UAS2\system\CodeIgniter.php(419): CodeIgniter\CodeIgniter->runController(Object(App\Controllers\Admin))
#7 C:\Users\ASUS\Documents\tugas\tugas web framework\UAS2\system\CodeIgniter.php(326): CodeIgniter\CodeIgniter->handleRequest(NULL, Object(Config\Cache), false)
#8 C:\Users\ASUS\Documents\tugas\tugas web framework\UAS2\public\index.php(37): CodeIgniter\CodeIgniter->run()
#9 C:\Users\ASUS\Documents\tugas\tugas web framework\UAS2\system\Commands\Server\rewrite.php(43): require_once('C:\\Users\\ASUS\\D...')
#10 {main}
CRITICAL - 2022-06-13 10:14:01 --> Undefined property: stdClass::$created_at
#0 C:\Users\ASUS\Documents\tugas\tugas web framework\UAS2\app\Views\admin\detail.php(42): CodeIgniter\Debug\Exceptions->errorHandler(8, 'Undefined prope...', 'C:\\Users\\ASUS\\D...', 42, Array)
#1 C:\Users\ASUS\Documents\tugas\tugas web framework\UAS2\system\View\View.php(210): include('C:\\Users\\ASUS\\D...')
#2 C:\Users\ASUS\Documents\tugas\tugas web framework\UAS2\system\View\View.php(213): CodeIgniter\View\View->CodeIgniter\View\{closure}()
#3 C:\Users\ASUS\Documents\tugas\tugas web framework\UAS2\system\Common.php(1089): CodeIgniter\View\View->render('/admin/detail', Array, true)
#4 C:\Users\ASUS\Documents\tugas\tugas web framework\UAS2\app\Controllers\Admin.php(58): view('/admin/detail', Array)
#5 C:\Users\ASUS\Documents\tugas\tugas web framework\UAS2\system\CodeIgniter.php(832): App\Controllers\Admin->detail('18')
#6 C:\Users\ASUS\Documents\tugas\tugas web framework\UAS2\system\CodeIgniter.php(419): CodeIgniter\CodeIgniter->runController(Object(App\Controllers\Admin))
#7 C:\Users\ASUS\Documents\tugas\tugas web framework\UAS2\system\CodeIgniter.php(326): CodeIgniter\CodeIgniter->handleRequest(NULL, Object(Config\Cache), false)
#8 C:\Users\ASUS\Documents\tugas\tugas web framework\UAS2\public\index.php(37): CodeIgniter\CodeIgniter->run()
#9 C:\Users\ASUS\Documents\tugas\tugas web framework\UAS2\system\Commands\Server\rewrite.php(43): require_once('C:\\Users\\ASUS\\D...')
#10 {main}
