ERROR - 2022-06-08 00:27:18 --> Error connecting to the database: No connection could be made because the target machine actively refused it.

CRITICAL - 2022-06-08 00:27:18 --> Unable to connect to the database.
Main connection [MySQLi]: No connection could be made because the target machine actively refused it.

#0 C:\Users\ASUS\Documents\tugas\tugas web framework\UAS2\system\Database\BaseConnection.php(577): CodeIgniter\Database\BaseConnection->initialize()
#1 C:\Users\ASUS\Documents\tugas\tugas web framework\UAS2\system\Database\BaseBuilder.php(1455): CodeIgniter\Database\BaseConnection->query('SELECT 1\nFROM `...', Array, false)
#2 C:\Users\ASUS\Documents\tugas\tugas web framework\UAS2\system\Validation\Rules.php(142): CodeIgniter\Database\BaseBuilder->get()
#3 C:\Users\ASUS\Documents\tugas\tugas web framework\UAS2\system\Validation\Validation.php(292): CodeIgniter\Validation\Rules->is_unique('juniar@student....', 'email', Array, NULL)
#4 C:\Users\ASUS\Documents\tugas\tugas web framework\UAS2\system\Validation\Validation.php(157): CodeIgniter\Validation\Validation->processRules('email', 'Email', 'juniar@student....', Array, Array)
#5 C:\Users\ASUS\Documents\tugas\tugas web framework\UAS2\system\Controller.php(160): CodeIgniter\Validation\Validation->run()
#6 C:\Users\ASUS\Documents\tugas\tugas web framework\UAS2\vendor\myth\auth\src\Controllers\AuthController.php(190): CodeIgniter\Controller->validate(Array)
#7 C:\Users\ASUS\Documents\tugas\tugas web framework\UAS2\system\CodeIgniter.php(832): Myth\Auth\Controllers\AuthController->attemptRegister()
#8 C:\Users\ASUS\Documents\tugas\tugas web framework\UAS2\system\CodeIgniter.php(419): CodeIgniter\CodeIgniter->runController(Object(Myth\Auth\Controllers\AuthController))
#9 C:\Users\ASUS\Documents\tugas\tugas web framework\UAS2\system\CodeIgniter.php(326): CodeIgniter\CodeIgniter->handleRequest(NULL, Object(Config\Cache), false)
#10 C:\Users\ASUS\Documents\tugas\tugas web framework\UAS2\public\index.php(37): CodeIgniter\CodeIgniter->run()
#11 C:\Users\ASUS\Documents\tugas\tugas web framework\UAS2\system\Commands\Server\rewrite.php(43): require_once('C:\\Users\\ASUS\\D...')
#12 {main}
ERROR - 2022-06-08 00:27:38 --> Email: sendWithMail throwed mail(): Failed to connect to mailserver at &quot;localhost&quot; port 25, verify your &quot;SMTP&quot; and &quot;smtp_port&quot; setting in php.ini or use ini_set()
CRITICAL - 2022-06-08 01:04:26 --> Class name must be a valid object or a string
#0 C:\Users\ASUS\Documents\tugas\tugas web framework\UAS2\system\Config\BaseService.php(248): Myth\Auth\Config\Services::activator(Object(Myth\Auth\Config\Auth), false)
#1 C:\Users\ASUS\Documents\tugas\tugas web framework\UAS2\system\Config\BaseService.php(189): CodeIgniter\Config\BaseService::__callStatic('activator', Array)
#2 C:\Users\ASUS\Documents\tugas\tugas web framework\UAS2\vendor\myth\auth\src\Config\Services.php(86): CodeIgniter\Config\BaseService::getSharedInstance('activator', NULL)
#3 C:\Users\ASUS\Documents\tugas\tugas web framework\UAS2\system\Config\BaseService.php(248): Myth\Auth\Config\Services::activator()
#4 C:\Users\ASUS\Documents\tugas\tugas web framework\UAS2\system\Common.php(929): CodeIgniter\Config\BaseService::__callStatic('activator', Array)
#5 C:\Users\ASUS\Documents\tugas\tugas web framework\UAS2\vendor\myth\auth\src\Controllers\AuthController.php(220): service('activator')
#6 C:\Users\ASUS\Documents\tugas\tugas web framework\UAS2\system\CodeIgniter.php(832): Myth\Auth\Controllers\AuthController->attemptRegister()
#7 C:\Users\ASUS\Documents\tugas\tugas web framework\UAS2\system\CodeIgniter.php(419): CodeIgniter\CodeIgniter->runController(Object(Myth\Auth\Controllers\AuthController))
#8 C:\Users\ASUS\Documents\tugas\tugas web framework\UAS2\system\CodeIgniter.php(326): CodeIgniter\CodeIgniter->handleRequest(NULL, Object(Config\Cache), false)
#9 C:\Users\ASUS\Documents\tugas\tugas web framework\UAS2\public\index.php(37): CodeIgniter\CodeIgniter->run()
#10 C:\Users\ASUS\Documents\tugas\tugas web framework\UAS2\system\Commands\Server\rewrite.php(43): require_once('C:\\Users\\ASUS\\D...')
#11 {main}
CRITICAL - 2022-06-08 01:07:18 --> Class name must be a valid object or a string
#0 C:\Users\ASUS\Documents\tugas\tugas web framework\UAS2\system\Config\BaseService.php(248): Myth\Auth\Config\Services::activator(Object(Myth\Auth\Config\Auth), false)
#1 C:\Users\ASUS\Documents\tugas\tugas web framework\UAS2\system\Config\BaseService.php(189): CodeIgniter\Config\BaseService::__callStatic('activator', Array)
#2 C:\Users\ASUS\Documents\tugas\tugas web framework\UAS2\vendor\myth\auth\src\Config\Services.php(86): CodeIgniter\Config\BaseService::getSharedInstance('activator', NULL)
#3 C:\Users\ASUS\Documents\tugas\tugas web framework\UAS2\system\Config\BaseService.php(248): Myth\Auth\Config\Services::activator()
#4 C:\Users\ASUS\Documents\tugas\tugas web framework\UAS2\system\Common.php(929): CodeIgniter\Config\BaseService::__callStatic('activator', Array)
#5 C:\Users\ASUS\Documents\tugas\tugas web framework\UAS2\vendor\myth\auth\src\Controllers\AuthController.php(220): service('activator')
#6 C:\Users\ASUS\Documents\tugas\tugas web framework\UAS2\system\CodeIgniter.php(832): Myth\Auth\Controllers\AuthController->attemptRegister()
#7 C:\Users\ASUS\Documents\tugas\tugas web framework\UAS2\system\CodeIgniter.php(419): CodeIgniter\CodeIgniter->runController(Object(Myth\Auth\Controllers\AuthController))
#8 C:\Users\ASUS\Documents\tugas\tugas web framework\UAS2\system\CodeIgniter.php(326): CodeIgniter\CodeIgniter->handleRequest(NULL, Object(Config\Cache), false)
#9 C:\Users\ASUS\Documents\tugas\tugas web framework\UAS2\public\index.php(37): CodeIgniter\CodeIgniter->run()
#10 C:\Users\ASUS\Documents\tugas\tugas web framework\UAS2\system\Commands\Server\rewrite.php(43): require_once('C:\\Users\\ASUS\\D...')
#11 {main}
