ERROR - 2022-06-25 03:53:45 --> Error connecting to the database: No connection could be made because the target machine actively refused it
CRITICAL - 2022-06-25 03:53:45 --> Unable to connect to the database.
Main connection [MySQLi]: No connection could be made because the target machine actively refused it
#0 D:\Kuliah\Smt 6\pemweb framework\uas\uaswf\system\Database\BaseConnection.php(577): CodeIgniter\Database\BaseConnection->initialize()
#1 D:\Kuliah\Smt 6\pemweb framework\uas\uaswf\system\Database\BaseBuilder.php(1455): CodeIgniter\Database\BaseConnection->query('SELECT *\nFROM `...', Array, false)
#2 D:\Kuliah\Smt 6\pemweb framework\uas\uaswf\vendor\myth\auth\src\Models\LoginModel.php(61): CodeIgniter\Database\BaseBuilder->get()
#3 D:\Kuliah\Smt 6\pemweb framework\uas\uaswf\vendor\myth\auth\src\Authentication\LocalAuthenticator.php(93): Myth\Auth\Models\LoginModel->getRememberToken('7b4cdb8dd20695a...')
#4 D:\Kuliah\Smt 6\pemweb framework\uas\uaswf\vendor\myth\auth\src\Filters\LoginFilter.php(44): Myth\Auth\Authentication\LocalAuthenticator->check()
#5 D:\Kuliah\Smt 6\pemweb framework\uas\uaswf\system\Filters\Filters.php(173): Myth\Auth\Filters\LoginFilter->before(Object(CodeIgniter\HTTP\IncomingRequest), NULL)
#6 D:\Kuliah\Smt 6\pemweb framework\uas\uaswf\system\CodeIgniter.php(393): CodeIgniter\Filters\Filters->run('/', 'before')
#7 D:\Kuliah\Smt 6\pemweb framework\uas\uaswf\system\CodeIgniter.php(326): CodeIgniter\CodeIgniter->handleRequest(NULL, Object(Config\Cache), false)
#8 D:\Kuliah\Smt 6\pemweb framework\uas\uaswf\public\index.php(37): CodeIgniter\CodeIgniter->run()
#9 D:\Kuliah\Smt 6\pemweb framework\uas\uaswf\system\Commands\Server\rewrite.php(43): require_once('D:\\Kuliah\\Smt 6...')
#10 {main}
CRITICAL - 2022-06-25 03:55:02 --> explode(): Passing null to parameter #2 ($string) of type string is deprecated
#0 [internal function]: CodeIgniter\Debug\Exceptions->errorHandler(8192, 'explode(): Pass...', 'D:\\Kuliah\\Smt 6...', 117)
#1 D:\Kuliah\Smt 6\pemweb framework\uas\uaswf\app\Controllers\User.php(117): explode('|', NULL)
#2 D:\Kuliah\Smt 6\pemweb framework\uas\uaswf\system\CodeIgniter.php(832): App\Controllers\User->pesan()
#3 D:\Kuliah\Smt 6\pemweb framework\uas\uaswf\system\CodeIgniter.php(419): CodeIgniter\CodeIgniter->runController(Object(App\Controllers\User))
#4 D:\Kuliah\Smt 6\pemweb framework\uas\uaswf\system\CodeIgniter.php(326): CodeIgniter\CodeIgniter->handleRequest(NULL, Object(Config\Cache), false)
#5 D:\Kuliah\Smt 6\pemweb framework\uas\uaswf\public\index.php(37): CodeIgniter\CodeIgniter->run()
#6 D:\Kuliah\Smt 6\pemweb framework\uas\uaswf\system\Commands\Server\rewrite.php(43): require_once('D:\\Kuliah\\Smt 6...')
#7 {main}
CRITICAL - 2022-06-25 03:55:07 --> explode(): Passing null to parameter #2 ($string) of type string is deprecated
#0 [internal function]: CodeIgniter\Debug\Exceptions->errorHandler(8192, 'explode(): Pass...', 'D:\\Kuliah\\Smt 6...', 117)
#1 D:\Kuliah\Smt 6\pemweb framework\uas\uaswf\app\Controllers\User.php(117): explode('|', NULL)
#2 D:\Kuliah\Smt 6\pemweb framework\uas\uaswf\system\CodeIgniter.php(832): App\Controllers\User->pesan()
#3 D:\Kuliah\Smt 6\pemweb framework\uas\uaswf\system\CodeIgniter.php(419): CodeIgniter\CodeIgniter->runController(Object(App\Controllers\User))
#4 D:\Kuliah\Smt 6\pemweb framework\uas\uaswf\system\CodeIgniter.php(326): CodeIgniter\CodeIgniter->handleRequest(NULL, Object(Config\Cache), false)
#5 D:\Kuliah\Smt 6\pemweb framework\uas\uaswf\public\index.php(37): CodeIgniter\CodeIgniter->run()
#6 D:\Kuliah\Smt 6\pemweb framework\uas\uaswf\system\Commands\Server\rewrite.php(43): require_once('D:\\Kuliah\\Smt 6...')
#7 {main}
CRITICAL - 2022-06-25 03:55:11 --> explode(): Passing null to parameter #2 ($string) of type string is deprecated
#0 [internal function]: CodeIgniter\Debug\Exceptions->errorHandler(8192, 'explode(): Pass...', 'D:\\Kuliah\\Smt 6...', 117)
#1 D:\Kuliah\Smt 6\pemweb framework\uas\uaswf\app\Controllers\User.php(117): explode('|', NULL)
#2 D:\Kuliah\Smt 6\pemweb framework\uas\uaswf\system\CodeIgniter.php(832): App\Controllers\User->pesan()
#3 D:\Kuliah\Smt 6\pemweb framework\uas\uaswf\system\CodeIgniter.php(419): CodeIgniter\CodeIgniter->runController(Object(App\Controllers\User))
#4 D:\Kuliah\Smt 6\pemweb framework\uas\uaswf\system\CodeIgniter.php(326): CodeIgniter\CodeIgniter->handleRequest(NULL, Object(Config\Cache), false)
#5 D:\Kuliah\Smt 6\pemweb framework\uas\uaswf\public\index.php(37): CodeIgniter\CodeIgniter->run()
#6 D:\Kuliah\Smt 6\pemweb framework\uas\uaswf\system\Commands\Server\rewrite.php(43): require_once('D:\\Kuliah\\Smt 6...')
#7 {main}
CRITICAL - 2022-06-25 03:55:23 --> explode(): Passing null to parameter #2 ($string) of type string is deprecated
#0 [internal function]: CodeIgniter\Debug\Exceptions->errorHandler(8192, 'explode(): Pass...', 'D:\\Kuliah\\Smt 6...', 117)
#1 D:\Kuliah\Smt 6\pemweb framework\uas\uaswf\app\Controllers\User.php(117): explode('|', NULL)
#2 D:\Kuliah\Smt 6\pemweb framework\uas\uaswf\system\CodeIgniter.php(832): App\Controllers\User->pesan()
#3 D:\Kuliah\Smt 6\pemweb framework\uas\uaswf\system\CodeIgniter.php(419): CodeIgniter\CodeIgniter->runController(Object(App\Controllers\User))
#4 D:\Kuliah\Smt 6\pemweb framework\uas\uaswf\system\CodeIgniter.php(326): CodeIgniter\CodeIgniter->handleRequest(NULL, Object(Config\Cache), false)
#5 D:\Kuliah\Smt 6\pemweb framework\uas\uaswf\public\index.php(37): CodeIgniter\CodeIgniter->run()
#6 D:\Kuliah\Smt 6\pemweb framework\uas\uaswf\system\Commands\Server\rewrite.php(43): require_once('D:\\Kuliah\\Smt 6...')
#7 {main}
CRITICAL - 2022-06-25 03:55:24 --> explode(): Passing null to parameter #2 ($string) of type string is deprecated
#0 [internal function]: CodeIgniter\Debug\Exceptions->errorHandler(8192, 'explode(): Pass...', 'D:\\Kuliah\\Smt 6...', 117)
#1 D:\Kuliah\Smt 6\pemweb framework\uas\uaswf\app\Controllers\User.php(117): explode('|', NULL)
#2 D:\Kuliah\Smt 6\pemweb framework\uas\uaswf\system\CodeIgniter.php(832): App\Controllers\User->pesan()
#3 D:\Kuliah\Smt 6\pemweb framework\uas\uaswf\system\CodeIgniter.php(419): CodeIgniter\CodeIgniter->runController(Object(App\Controllers\User))
#4 D:\Kuliah\Smt 6\pemweb framework\uas\uaswf\system\CodeIgniter.php(326): CodeIgniter\CodeIgniter->handleRequest(NULL, Object(Config\Cache), false)
#5 D:\Kuliah\Smt 6\pemweb framework\uas\uaswf\public\index.php(37): CodeIgniter\CodeIgniter->run()
#6 D:\Kuliah\Smt 6\pemweb framework\uas\uaswf\system\Commands\Server\rewrite.php(43): require_once('D:\\Kuliah\\Smt 6...')
#7 {main}
CRITICAL - 2022-06-25 03:55:24 --> explode(): Passing null to parameter #2 ($string) of type string is deprecated
#0 [internal function]: CodeIgniter\Debug\Exceptions->errorHandler(8192, 'explode(): Pass...', 'D:\\Kuliah\\Smt 6...', 117)
#1 D:\Kuliah\Smt 6\pemweb framework\uas\uaswf\app\Controllers\User.php(117): explode('|', NULL)
#2 D:\Kuliah\Smt 6\pemweb framework\uas\uaswf\system\CodeIgniter.php(832): App\Controllers\User->pesan()
#3 D:\Kuliah\Smt 6\pemweb framework\uas\uaswf\system\CodeIgniter.php(419): CodeIgniter\CodeIgniter->runController(Object(App\Controllers\User))
#4 D:\Kuliah\Smt 6\pemweb framework\uas\uaswf\system\CodeIgniter.php(326): CodeIgniter\CodeIgniter->handleRequest(NULL, Object(Config\Cache), false)
#5 D:\Kuliah\Smt 6\pemweb framework\uas\uaswf\public\index.php(37): CodeIgniter\CodeIgniter->run()
#6 D:\Kuliah\Smt 6\pemweb framework\uas\uaswf\system\Commands\Server\rewrite.php(43): require_once('D:\\Kuliah\\Smt 6...')
#7 {main}
CRITICAL - 2022-06-25 03:55:25 --> explode(): Passing null to parameter #2 ($string) of type string is deprecated
#0 [internal function]: CodeIgniter\Debug\Exceptions->errorHandler(8192, 'explode(): Pass...', 'D:\\Kuliah\\Smt 6...', 117)
#1 D:\Kuliah\Smt 6\pemweb framework\uas\uaswf\app\Controllers\User.php(117): explode('|', NULL)
#2 D:\Kuliah\Smt 6\pemweb framework\uas\uaswf\system\CodeIgniter.php(832): App\Controllers\User->pesan()
#3 D:\Kuliah\Smt 6\pemweb framework\uas\uaswf\system\CodeIgniter.php(419): CodeIgniter\CodeIgniter->runController(Object(App\Controllers\User))
#4 D:\Kuliah\Smt 6\pemweb framework\uas\uaswf\system\CodeIgniter.php(326): CodeIgniter\CodeIgniter->handleRequest(NULL, Object(Config\Cache), false)
#5 D:\Kuliah\Smt 6\pemweb framework\uas\uaswf\public\index.php(37): CodeIgniter\CodeIgniter->run()
#6 D:\Kuliah\Smt 6\pemweb framework\uas\uaswf\system\Commands\Server\rewrite.php(43): require_once('D:\\Kuliah\\Smt 6...')
#7 {main}
CRITICAL - 2022-06-25 03:55:26 --> explode(): Passing null to parameter #2 ($string) of type string is deprecated
#0 [internal function]: CodeIgniter\Debug\Exceptions->errorHandler(8192, 'explode(): Pass...', 'D:\\Kuliah\\Smt 6...', 117)
#1 D:\Kuliah\Smt 6\pemweb framework\uas\uaswf\app\Controllers\User.php(117): explode('|', NULL)
#2 D:\Kuliah\Smt 6\pemweb framework\uas\uaswf\system\CodeIgniter.php(832): App\Controllers\User->pesan()
#3 D:\Kuliah\Smt 6\pemweb framework\uas\uaswf\system\CodeIgniter.php(419): CodeIgniter\CodeIgniter->runController(Object(App\Controllers\User))
#4 D:\Kuliah\Smt 6\pemweb framework\uas\uaswf\system\CodeIgniter.php(326): CodeIgniter\CodeIgniter->handleRequest(NULL, Object(Config\Cache), false)
#5 D:\Kuliah\Smt 6\pemweb framework\uas\uaswf\public\index.php(37): CodeIgniter\CodeIgniter->run()
#6 D:\Kuliah\Smt 6\pemweb framework\uas\uaswf\system\Commands\Server\rewrite.php(43): require_once('D:\\Kuliah\\Smt 6...')
#7 {main}
CRITICAL - 2022-06-25 03:55:27 --> explode(): Passing null to parameter #2 ($string) of type string is deprecated
#0 [internal function]: CodeIgniter\Debug\Exceptions->errorHandler(8192, 'explode(): Pass...', 'D:\\Kuliah\\Smt 6...', 117)
#1 D:\Kuliah\Smt 6\pemweb framework\uas\uaswf\app\Controllers\User.php(117): explode('|', NULL)
#2 D:\Kuliah\Smt 6\pemweb framework\uas\uaswf\system\CodeIgniter.php(832): App\Controllers\User->pesan()
#3 D:\Kuliah\Smt 6\pemweb framework\uas\uaswf\system\CodeIgniter.php(419): CodeIgniter\CodeIgniter->runController(Object(App\Controllers\User))
#4 D:\Kuliah\Smt 6\pemweb framework\uas\uaswf\system\CodeIgniter.php(326): CodeIgniter\CodeIgniter->handleRequest(NULL, Object(Config\Cache), false)
#5 D:\Kuliah\Smt 6\pemweb framework\uas\uaswf\public\index.php(37): CodeIgniter\CodeIgniter->run()
#6 D:\Kuliah\Smt 6\pemweb framework\uas\uaswf\system\Commands\Server\rewrite.php(43): require_once('D:\\Kuliah\\Smt 6...')
#7 {main}
CRITICAL - 2022-06-25 03:55:27 --> explode(): Passing null to parameter #2 ($string) of type string is deprecated
#0 [internal function]: CodeIgniter\Debug\Exceptions->errorHandler(8192, 'explode(): Pass...', 'D:\\Kuliah\\Smt 6...', 117)
#1 D:\Kuliah\Smt 6\pemweb framework\uas\uaswf\app\Controllers\User.php(117): explode('|', NULL)
#2 D:\Kuliah\Smt 6\pemweb framework\uas\uaswf\system\CodeIgniter.php(832): App\Controllers\User->pesan()
#3 D:\Kuliah\Smt 6\pemweb framework\uas\uaswf\system\CodeIgniter.php(419): CodeIgniter\CodeIgniter->runController(Object(App\Controllers\User))
#4 D:\Kuliah\Smt 6\pemweb framework\uas\uaswf\system\CodeIgniter.php(326): CodeIgniter\CodeIgniter->handleRequest(NULL, Object(Config\Cache), false)
#5 D:\Kuliah\Smt 6\pemweb framework\uas\uaswf\public\index.php(37): CodeIgniter\CodeIgniter->run()
#6 D:\Kuliah\Smt 6\pemweb framework\uas\uaswf\system\Commands\Server\rewrite.php(43): require_once('D:\\Kuliah\\Smt 6...')
#7 {main}
CRITICAL - 2022-06-25 03:57:58 --> Undefined property: stdClass::$status
#0 D:\Kuliah\Smt 6\pemweb framework\uas\uaswf\app\Views\admin\acc.php(33): CodeIgniter\Debug\Exceptions->errorHandler(2, 'Undefined prope...', 'D:\\Kuliah\\Smt 6...', 33)
#1 D:\Kuliah\Smt 6\pemweb framework\uas\uaswf\system\View\View.php(210): include('D:\\Kuliah\\Smt 6...')
#2 D:\Kuliah\Smt 6\pemweb framework\uas\uaswf\system\View\View.php(213): CodeIgniter\View\View->CodeIgniter\View\{closure}()
#3 D:\Kuliah\Smt 6\pemweb framework\uas\uaswf\system\Common.php(1089): CodeIgniter\View\View->render('/admin/acc', Array, true)
#4 D:\Kuliah\Smt 6\pemweb framework\uas\uaswf\app\Controllers\Admin.php(223): view('/admin/acc', Array)
#5 D:\Kuliah\Smt 6\pemweb framework\uas\uaswf\system\CodeIgniter.php(832): App\Controllers\Admin->acc()
#6 D:\Kuliah\Smt 6\pemweb framework\uas\uaswf\system\CodeIgniter.php(419): CodeIgniter\CodeIgniter->runController(Object(App\Controllers\Admin))
#7 D:\Kuliah\Smt 6\pemweb framework\uas\uaswf\system\CodeIgniter.php(326): CodeIgniter\CodeIgniter->handleRequest(NULL, Object(Config\Cache), false)
#8 D:\Kuliah\Smt 6\pemweb framework\uas\uaswf\public\index.php(37): CodeIgniter\CodeIgniter->run()
#9 D:\Kuliah\Smt 6\pemweb framework\uas\uaswf\system\Commands\Server\rewrite.php(43): require_once('D:\\Kuliah\\Smt 6...')
#10 {main}
CRITICAL - 2022-06-25 04:37:16 --> Undefined property: stdClass::$status
#0 D:\Kuliah\Smt 6\pemweb framework\uas\uaswf\app\Views\admin\acc.php(33): CodeIgniter\Debug\Exceptions->errorHandler(2, 'Undefined prope...', 'D:\\Kuliah\\Smt 6...', 33)
#1 D:\Kuliah\Smt 6\pemweb framework\uas\uaswf\system\View\View.php(210): include('D:\\Kuliah\\Smt 6...')
#2 D:\Kuliah\Smt 6\pemweb framework\uas\uaswf\system\View\View.php(213): CodeIgniter\View\View->CodeIgniter\View\{closure}()
#3 D:\Kuliah\Smt 6\pemweb framework\uas\uaswf\system\Common.php(1089): CodeIgniter\View\View->render('/admin/acc', Array, true)
#4 D:\Kuliah\Smt 6\pemweb framework\uas\uaswf\app\Controllers\Admin.php(223): view('/admin/acc', Array)
#5 D:\Kuliah\Smt 6\pemweb framework\uas\uaswf\system\CodeIgniter.php(832): App\Controllers\Admin->acc()
#6 D:\Kuliah\Smt 6\pemweb framework\uas\uaswf\system\CodeIgniter.php(419): CodeIgniter\CodeIgniter->runController(Object(App\Controllers\Admin))
#7 D:\Kuliah\Smt 6\pemweb framework\uas\uaswf\system\CodeIgniter.php(326): CodeIgniter\CodeIgniter->handleRequest(NULL, Object(Config\Cache), false)
#8 D:\Kuliah\Smt 6\pemweb framework\uas\uaswf\public\index.php(37): CodeIgniter\CodeIgniter->run()
#9 D:\Kuliah\Smt 6\pemweb framework\uas\uaswf\system\Commands\Server\rewrite.php(43): require_once('D:\\Kuliah\\Smt 6...')
#10 {main}
CRITICAL - 2022-06-25 04:37:27 --> Undefined property: stdClass::$status
#0 D:\Kuliah\Smt 6\pemweb framework\uas\uaswf\app\Views\admin\acc.php(33): CodeIgniter\Debug\Exceptions->errorHandler(2, 'Undefined prope...', 'D:\\Kuliah\\Smt 6...', 33)
#1 D:\Kuliah\Smt 6\pemweb framework\uas\uaswf\system\View\View.php(210): include('D:\\Kuliah\\Smt 6...')
#2 D:\Kuliah\Smt 6\pemweb framework\uas\uaswf\system\View\View.php(213): CodeIgniter\View\View->CodeIgniter\View\{closure}()
#3 D:\Kuliah\Smt 6\pemweb framework\uas\uaswf\system\Common.php(1089): CodeIgniter\View\View->render('/admin/acc', Array, true)
#4 D:\Kuliah\Smt 6\pemweb framework\uas\uaswf\app\Controllers\Admin.php(223): view('/admin/acc', Array)
#5 D:\Kuliah\Smt 6\pemweb framework\uas\uaswf\system\CodeIgniter.php(832): App\Controllers\Admin->acc()
#6 D:\Kuliah\Smt 6\pemweb framework\uas\uaswf\system\CodeIgniter.php(419): CodeIgniter\CodeIgniter->runController(Object(App\Controllers\Admin))
#7 D:\Kuliah\Smt 6\pemweb framework\uas\uaswf\system\CodeIgniter.php(326): CodeIgniter\CodeIgniter->handleRequest(NULL, Object(Config\Cache), false)
#8 D:\Kuliah\Smt 6\pemweb framework\uas\uaswf\public\index.php(37): CodeIgniter\CodeIgniter->run()
#9 D:\Kuliah\Smt 6\pemweb framework\uas\uaswf\system\Commands\Server\rewrite.php(43): require_once('D:\\Kuliah\\Smt 6...')
#10 {main}
CRITICAL - 2022-06-25 04:44:52 --> Undefined property: stdClass::$status
#0 D:\Kuliah\Smt 6\pemweb framework\uas\uaswf\app\Views\admin\acc.php(33): CodeIgniter\Debug\Exceptions->errorHandler(2, 'Undefined prope...', 'D:\\Kuliah\\Smt 6...', 33)
#1 D:\Kuliah\Smt 6\pemweb framework\uas\uaswf\system\View\View.php(210): include('D:\\Kuliah\\Smt 6...')
#2 D:\Kuliah\Smt 6\pemweb framework\uas\uaswf\system\View\View.php(213): CodeIgniter\View\View->CodeIgniter\View\{closure}()
#3 D:\Kuliah\Smt 6\pemweb framework\uas\uaswf\system\Common.php(1089): CodeIgniter\View\View->render('/admin/acc', Array, true)
#4 D:\Kuliah\Smt 6\pemweb framework\uas\uaswf\app\Controllers\Admin.php(223): view('/admin/acc', Array)
#5 D:\Kuliah\Smt 6\pemweb framework\uas\uaswf\system\CodeIgniter.php(832): App\Controllers\Admin->acc()
#6 D:\Kuliah\Smt 6\pemweb framework\uas\uaswf\system\CodeIgniter.php(419): CodeIgniter\CodeIgniter->runController(Object(App\Controllers\Admin))
#7 D:\Kuliah\Smt 6\pemweb framework\uas\uaswf\system\CodeIgniter.php(326): CodeIgniter\CodeIgniter->handleRequest(NULL, Object(Config\Cache), false)
#8 D:\Kuliah\Smt 6\pemweb framework\uas\uaswf\public\index.php(37): CodeIgniter\CodeIgniter->run()
#9 D:\Kuliah\Smt 6\pemweb framework\uas\uaswf\system\Commands\Server\rewrite.php(43): require_once('D:\\Kuliah\\Smt 6...')
#10 {main}
CRITICAL - 2022-06-25 04:48:21 --> Undefined property: stdClass::$status
#0 D:\Kuliah\Smt 6\pemweb framework\uas\uaswf\app\Views\admin\acc.php(33): CodeIgniter\Debug\Exceptions->errorHandler(2, 'Undefined prope...', 'D:\\Kuliah\\Smt 6...', 33)
#1 D:\Kuliah\Smt 6\pemweb framework\uas\uaswf\system\View\View.php(210): include('D:\\Kuliah\\Smt 6...')
#2 D:\Kuliah\Smt 6\pemweb framework\uas\uaswf\system\View\View.php(213): CodeIgniter\View\View->CodeIgniter\View\{closure}()
#3 D:\Kuliah\Smt 6\pemweb framework\uas\uaswf\system\Common.php(1089): CodeIgniter\View\View->render('/admin/acc', Array, true)
#4 D:\Kuliah\Smt 6\pemweb framework\uas\uaswf\app\Controllers\Admin.php(221): view('/admin/acc', Array)
#5 D:\Kuliah\Smt 6\pemweb framework\uas\uaswf\system\CodeIgniter.php(832): App\Controllers\Admin->acc()
#6 D:\Kuliah\Smt 6\pemweb framework\uas\uaswf\system\CodeIgniter.php(419): CodeIgniter\CodeIgniter->runController(Object(App\Controllers\Admin))
#7 D:\Kuliah\Smt 6\pemweb framework\uas\uaswf\system\CodeIgniter.php(326): CodeIgniter\CodeIgniter->handleRequest(NULL, Object(Config\Cache), false)
#8 D:\Kuliah\Smt 6\pemweb framework\uas\uaswf\public\index.php(37): CodeIgniter\CodeIgniter->run()
#9 D:\Kuliah\Smt 6\pemweb framework\uas\uaswf\system\Commands\Server\rewrite.php(43): require_once('D:\\Kuliah\\Smt 6...')
#10 {main}
CRITICAL - 2022-06-25 04:49:23 --> Undefined variable $status
#0 D:\Kuliah\Smt 6\pemweb framework\uas\uaswf\app\Views\admin\acc.php(32): CodeIgniter\Debug\Exceptions->errorHandler(2, 'Undefined varia...', 'D:\\Kuliah\\Smt 6...', 32)
#1 D:\Kuliah\Smt 6\pemweb framework\uas\uaswf\system\View\View.php(210): include('D:\\Kuliah\\Smt 6...')
#2 D:\Kuliah\Smt 6\pemweb framework\uas\uaswf\system\View\View.php(213): CodeIgniter\View\View->CodeIgniter\View\{closure}()
#3 D:\Kuliah\Smt 6\pemweb framework\uas\uaswf\system\Common.php(1089): CodeIgniter\View\View->render('/admin/acc', Array, true)
#4 D:\Kuliah\Smt 6\pemweb framework\uas\uaswf\app\Controllers\Admin.php(221): view('/admin/acc', Array)
#5 D:\Kuliah\Smt 6\pemweb framework\uas\uaswf\system\CodeIgniter.php(832): App\Controllers\Admin->acc()
#6 D:\Kuliah\Smt 6\pemweb framework\uas\uaswf\system\CodeIgniter.php(419): CodeIgniter\CodeIgniter->runController(Object(App\Controllers\Admin))
#7 D:\Kuliah\Smt 6\pemweb framework\uas\uaswf\system\CodeIgniter.php(326): CodeIgniter\CodeIgniter->handleRequest(NULL, Object(Config\Cache), false)
#8 D:\Kuliah\Smt 6\pemweb framework\uas\uaswf\public\index.php(37): CodeIgniter\CodeIgniter->run()
#9 D:\Kuliah\Smt 6\pemweb framework\uas\uaswf\system\Commands\Server\rewrite.php(43): require_once('D:\\Kuliah\\Smt 6...')
#10 {main}
CRITICAL - 2022-06-25 04:49:53 --> Attempt to read property "status" on string
#0 D:\Kuliah\Smt 6\pemweb framework\uas\uaswf\app\Views\admin\acc.php(33): CodeIgniter\Debug\Exceptions->errorHandler(2, 'Attempt to read...', 'D:\\Kuliah\\Smt 6...', 33)
#1 D:\Kuliah\Smt 6\pemweb framework\uas\uaswf\system\View\View.php(210): include('D:\\Kuliah\\Smt 6...')
#2 D:\Kuliah\Smt 6\pemweb framework\uas\uaswf\system\View\View.php(213): CodeIgniter\View\View->CodeIgniter\View\{closure}()
#3 D:\Kuliah\Smt 6\pemweb framework\uas\uaswf\system\Common.php(1089): CodeIgniter\View\View->render('/admin/acc', Array, true)
#4 D:\Kuliah\Smt 6\pemweb framework\uas\uaswf\app\Controllers\Admin.php(221): view('/admin/acc', Array)
#5 D:\Kuliah\Smt 6\pemweb framework\uas\uaswf\system\CodeIgniter.php(832): App\Controllers\Admin->acc()
#6 D:\Kuliah\Smt 6\pemweb framework\uas\uaswf\system\CodeIgniter.php(419): CodeIgniter\CodeIgniter->runController(Object(App\Controllers\Admin))
#7 D:\Kuliah\Smt 6\pemweb framework\uas\uaswf\system\CodeIgniter.php(326): CodeIgniter\CodeIgniter->handleRequest(NULL, Object(Config\Cache), false)
#8 D:\Kuliah\Smt 6\pemweb framework\uas\uaswf\public\index.php(37): CodeIgniter\CodeIgniter->run()
#9 D:\Kuliah\Smt 6\pemweb framework\uas\uaswf\system\Commands\Server\rewrite.php(43): require_once('D:\\Kuliah\\Smt 6...')
#10 {main}
CRITICAL - 2022-06-25 04:50:12 --> Undefined property: stdClass::$status
#0 D:\Kuliah\Smt 6\pemweb framework\uas\uaswf\app\Views\admin\acc.php(33): CodeIgniter\Debug\Exceptions->errorHandler(2, 'Undefined prope...', 'D:\\Kuliah\\Smt 6...', 33)
#1 D:\Kuliah\Smt 6\pemweb framework\uas\uaswf\system\View\View.php(210): include('D:\\Kuliah\\Smt 6...')
#2 D:\Kuliah\Smt 6\pemweb framework\uas\uaswf\system\View\View.php(213): CodeIgniter\View\View->CodeIgniter\View\{closure}()
#3 D:\Kuliah\Smt 6\pemweb framework\uas\uaswf\system\Common.php(1089): CodeIgniter\View\View->render('/admin/acc', Array, true)
#4 D:\Kuliah\Smt 6\pemweb framework\uas\uaswf\app\Controllers\Admin.php(221): view('/admin/acc', Array)
#5 D:\Kuliah\Smt 6\pemweb framework\uas\uaswf\system\CodeIgniter.php(832): App\Controllers\Admin->acc()
#6 D:\Kuliah\Smt 6\pemweb framework\uas\uaswf\system\CodeIgniter.php(419): CodeIgniter\CodeIgniter->runController(Object(App\Controllers\Admin))
#7 D:\Kuliah\Smt 6\pemweb framework\uas\uaswf\system\CodeIgniter.php(326): CodeIgniter\CodeIgniter->handleRequest(NULL, Object(Config\Cache), false)
#8 D:\Kuliah\Smt 6\pemweb framework\uas\uaswf\public\index.php(37): CodeIgniter\CodeIgniter->run()
#9 D:\Kuliah\Smt 6\pemweb framework\uas\uaswf\system\Commands\Server\rewrite.php(43): require_once('D:\\Kuliah\\Smt 6...')
#10 {main}
CRITICAL - 2022-06-25 04:51:05 --> Undefined property: stdClass::$status
#0 D:\Kuliah\Smt 6\pemweb framework\uas\uaswf\app\Views\admin\acc.php(34): CodeIgniter\Debug\Exceptions->errorHandler(2, 'Undefined prope...', 'D:\\Kuliah\\Smt 6...', 34)
#1 D:\Kuliah\Smt 6\pemweb framework\uas\uaswf\system\View\View.php(210): include('D:\\Kuliah\\Smt 6...')
#2 D:\Kuliah\Smt 6\pemweb framework\uas\uaswf\system\View\View.php(213): CodeIgniter\View\View->CodeIgniter\View\{closure}()
#3 D:\Kuliah\Smt 6\pemweb framework\uas\uaswf\system\Common.php(1089): CodeIgniter\View\View->render('/admin/acc', Array, true)
#4 D:\Kuliah\Smt 6\pemweb framework\uas\uaswf\app\Controllers\Admin.php(221): view('/admin/acc', Array)
#5 D:\Kuliah\Smt 6\pemweb framework\uas\uaswf\system\CodeIgniter.php(832): App\Controllers\Admin->acc()
#6 D:\Kuliah\Smt 6\pemweb framework\uas\uaswf\system\CodeIgniter.php(419): CodeIgniter\CodeIgniter->runController(Object(App\Controllers\Admin))
#7 D:\Kuliah\Smt 6\pemweb framework\uas\uaswf\system\CodeIgniter.php(326): CodeIgniter\CodeIgniter->handleRequest(NULL, Object(Config\Cache), false)
#8 D:\Kuliah\Smt 6\pemweb framework\uas\uaswf\public\index.php(37): CodeIgniter\CodeIgniter->run()
#9 D:\Kuliah\Smt 6\pemweb framework\uas\uaswf\system\Commands\Server\rewrite.php(43): require_once('D:\\Kuliah\\Smt 6...')
#10 {main}
CRITICAL - 2022-06-25 04:51:22 --> Undefined property: stdClass::$status
#0 D:\Kuliah\Smt 6\pemweb framework\uas\uaswf\app\Views\admin\acc.php(34): CodeIgniter\Debug\Exceptions->errorHandler(2, 'Undefined prope...', 'D:\\Kuliah\\Smt 6...', 34)
#1 D:\Kuliah\Smt 6\pemweb framework\uas\uaswf\system\View\View.php(210): include('D:\\Kuliah\\Smt 6...')
#2 D:\Kuliah\Smt 6\pemweb framework\uas\uaswf\system\View\View.php(213): CodeIgniter\View\View->CodeIgniter\View\{closure}()
#3 D:\Kuliah\Smt 6\pemweb framework\uas\uaswf\system\Common.php(1089): CodeIgniter\View\View->render('/admin/acc', Array, true)
#4 D:\Kuliah\Smt 6\pemweb framework\uas\uaswf\app\Controllers\Admin.php(221): view('/admin/acc', Array)
#5 D:\Kuliah\Smt 6\pemweb framework\uas\uaswf\system\CodeIgniter.php(832): App\Controllers\Admin->acc()
#6 D:\Kuliah\Smt 6\pemweb framework\uas\uaswf\system\CodeIgniter.php(419): CodeIgniter\CodeIgniter->runController(Object(App\Controllers\Admin))
#7 D:\Kuliah\Smt 6\pemweb framework\uas\uaswf\system\CodeIgniter.php(326): CodeIgniter\CodeIgniter->handleRequest(NULL, Object(Config\Cache), false)
#8 D:\Kuliah\Smt 6\pemweb framework\uas\uaswf\public\index.php(37): CodeIgniter\CodeIgniter->run()
#9 D:\Kuliah\Smt 6\pemweb framework\uas\uaswf\system\Commands\Server\rewrite.php(43): require_once('D:\\Kuliah\\Smt 6...')
#10 {main}
CRITICAL - 2022-06-25 04:51:41 --> Undefined property: stdClass::$status
#0 D:\Kuliah\Smt 6\pemweb framework\uas\uaswf\app\Views\admin\acc.php(35): CodeIgniter\Debug\Exceptions->errorHandler(2, 'Undefined prope...', 'D:\\Kuliah\\Smt 6...', 35)
#1 D:\Kuliah\Smt 6\pemweb framework\uas\uaswf\system\View\View.php(210): include('D:\\Kuliah\\Smt 6...')
#2 D:\Kuliah\Smt 6\pemweb framework\uas\uaswf\system\View\View.php(213): CodeIgniter\View\View->CodeIgniter\View\{closure}()
#3 D:\Kuliah\Smt 6\pemweb framework\uas\uaswf\system\Common.php(1089): CodeIgniter\View\View->render('/admin/acc', Array, true)
#4 D:\Kuliah\Smt 6\pemweb framework\uas\uaswf\app\Controllers\Admin.php(221): view('/admin/acc', Array)
#5 D:\Kuliah\Smt 6\pemweb framework\uas\uaswf\system\CodeIgniter.php(832): App\Controllers\Admin->acc()
#6 D:\Kuliah\Smt 6\pemweb framework\uas\uaswf\system\CodeIgniter.php(419): CodeIgniter\CodeIgniter->runController(Object(App\Controllers\Admin))
#7 D:\Kuliah\Smt 6\pemweb framework\uas\uaswf\system\CodeIgniter.php(326): CodeIgniter\CodeIgniter->handleRequest(NULL, Object(Config\Cache), false)
#8 D:\Kuliah\Smt 6\pemweb framework\uas\uaswf\public\index.php(37): CodeIgniter\CodeIgniter->run()
#9 D:\Kuliah\Smt 6\pemweb framework\uas\uaswf\system\Commands\Server\rewrite.php(43): require_once('D:\\Kuliah\\Smt 6...')
#10 {main}
CRITICAL - 2022-06-25 04:53:45 --> syntax error, unexpected token "<", expecting end of file
#0 D:\Kuliah\Smt 6\pemweb framework\uas\uaswf\system\View\View.php(213): CodeIgniter\View\View->CodeIgniter\View\{closure}()
#1 D:\Kuliah\Smt 6\pemweb framework\uas\uaswf\system\Common.php(1089): CodeIgniter\View\View->render('/admin/acc', Array, true)
#2 D:\Kuliah\Smt 6\pemweb framework\uas\uaswf\app\Controllers\Admin.php(221): view('/admin/acc', Array)
#3 D:\Kuliah\Smt 6\pemweb framework\uas\uaswf\system\CodeIgniter.php(832): App\Controllers\Admin->acc()
#4 D:\Kuliah\Smt 6\pemweb framework\uas\uaswf\system\CodeIgniter.php(419): CodeIgniter\CodeIgniter->runController(Object(App\Controllers\Admin))
#5 D:\Kuliah\Smt 6\pemweb framework\uas\uaswf\system\CodeIgniter.php(326): CodeIgniter\CodeIgniter->handleRequest(NULL, Object(Config\Cache), false)
#6 D:\Kuliah\Smt 6\pemweb framework\uas\uaswf\public\index.php(37): CodeIgniter\CodeIgniter->run()
#7 D:\Kuliah\Smt 6\pemweb framework\uas\uaswf\system\Commands\Server\rewrite.php(43): require_once('D:\\Kuliah\\Smt 6...')
#8 {main}
CRITICAL - 2022-06-25 04:54:11 --> Undefined property: stdClass::$status
#0 D:\Kuliah\Smt 6\pemweb framework\uas\uaswf\app\Views\admin\acc.php(34): CodeIgniter\Debug\Exceptions->errorHandler(2, 'Undefined prope...', 'D:\\Kuliah\\Smt 6...', 34)
#1 D:\Kuliah\Smt 6\pemweb framework\uas\uaswf\system\View\View.php(210): include('D:\\Kuliah\\Smt 6...')
#2 D:\Kuliah\Smt 6\pemweb framework\uas\uaswf\system\View\View.php(213): CodeIgniter\View\View->CodeIgniter\View\{closure}()
#3 D:\Kuliah\Smt 6\pemweb framework\uas\uaswf\system\Common.php(1089): CodeIgniter\View\View->render('/admin/acc', Array, true)
#4 D:\Kuliah\Smt 6\pemweb framework\uas\uaswf\app\Controllers\Admin.php(221): view('/admin/acc', Array)
#5 D:\Kuliah\Smt 6\pemweb framework\uas\uaswf\system\CodeIgniter.php(832): App\Controllers\Admin->acc()
#6 D:\Kuliah\Smt 6\pemweb framework\uas\uaswf\system\CodeIgniter.php(419): CodeIgniter\CodeIgniter->runController(Object(App\Controllers\Admin))
#7 D:\Kuliah\Smt 6\pemweb framework\uas\uaswf\system\CodeIgniter.php(326): CodeIgniter\CodeIgniter->handleRequest(NULL, Object(Config\Cache), false)
#8 D:\Kuliah\Smt 6\pemweb framework\uas\uaswf\public\index.php(37): CodeIgniter\CodeIgniter->run()
#9 D:\Kuliah\Smt 6\pemweb framework\uas\uaswf\system\Commands\Server\rewrite.php(43): require_once('D:\\Kuliah\\Smt 6...')
#10 {main}
CRITICAL - 2022-06-25 04:55:41 --> Undefined property: stdClass::$status
#0 D:\Kuliah\Smt 6\pemweb framework\uas\uaswf\app\Views\admin\acc.php(33): CodeIgniter\Debug\Exceptions->errorHandler(2, 'Undefined prope...', 'D:\\Kuliah\\Smt 6...', 33)
#1 D:\Kuliah\Smt 6\pemweb framework\uas\uaswf\system\View\View.php(210): include('D:\\Kuliah\\Smt 6...')
#2 D:\Kuliah\Smt 6\pemweb framework\uas\uaswf\system\View\View.php(213): CodeIgniter\View\View->CodeIgniter\View\{closure}()
#3 D:\Kuliah\Smt 6\pemweb framework\uas\uaswf\system\Common.php(1089): CodeIgniter\View\View->render('/admin/acc', Array, true)
#4 D:\Kuliah\Smt 6\pemweb framework\uas\uaswf\app\Controllers\Admin.php(221): view('/admin/acc', Array)
#5 D:\Kuliah\Smt 6\pemweb framework\uas\uaswf\system\CodeIgniter.php(832): App\Controllers\Admin->acc()
#6 D:\Kuliah\Smt 6\pemweb framework\uas\uaswf\system\CodeIgniter.php(419): CodeIgniter\CodeIgniter->runController(Object(App\Controllers\Admin))
#7 D:\Kuliah\Smt 6\pemweb framework\uas\uaswf\system\CodeIgniter.php(326): CodeIgniter\CodeIgniter->handleRequest(NULL, Object(Config\Cache), false)
#8 D:\Kuliah\Smt 6\pemweb framework\uas\uaswf\public\index.php(37): CodeIgniter\CodeIgniter->run()
#9 D:\Kuliah\Smt 6\pemweb framework\uas\uaswf\system\Commands\Server\rewrite.php(43): require_once('D:\\Kuliah\\Smt 6...')
#10 {main}
CRITICAL - 2022-06-25 04:59:37 --> Undefined property: stdClass::$status
#0 D:\Kuliah\Smt 6\pemweb framework\uas\uaswf\app\Views\admin\acc.php(33): CodeIgniter\Debug\Exceptions->errorHandler(2, 'Undefined prope...', 'D:\\Kuliah\\Smt 6...', 33)
#1 D:\Kuliah\Smt 6\pemweb framework\uas\uaswf\system\View\View.php(210): include('D:\\Kuliah\\Smt 6...')
#2 D:\Kuliah\Smt 6\pemweb framework\uas\uaswf\system\View\View.php(213): CodeIgniter\View\View->CodeIgniter\View\{closure}()
#3 D:\Kuliah\Smt 6\pemweb framework\uas\uaswf\system\Common.php(1089): CodeIgniter\View\View->render('/admin/acc', Array, true)
#4 D:\Kuliah\Smt 6\pemweb framework\uas\uaswf\app\Controllers\Admin.php(223): view('/admin/acc', Array)
#5 D:\Kuliah\Smt 6\pemweb framework\uas\uaswf\system\CodeIgniter.php(832): App\Controllers\Admin->acc()
#6 D:\Kuliah\Smt 6\pemweb framework\uas\uaswf\system\CodeIgniter.php(419): CodeIgniter\CodeIgniter->runController(Object(App\Controllers\Admin))
#7 D:\Kuliah\Smt 6\pemweb framework\uas\uaswf\system\CodeIgniter.php(326): CodeIgniter\CodeIgniter->handleRequest(NULL, Object(Config\Cache), false)
#8 D:\Kuliah\Smt 6\pemweb framework\uas\uaswf\public\index.php(37): CodeIgniter\CodeIgniter->run()
#9 D:\Kuliah\Smt 6\pemweb framework\uas\uaswf\system\Commands\Server\rewrite.php(43): require_once('D:\\Kuliah\\Smt 6...')
#10 {main}
CRITICAL - 2022-06-25 05:00:12 --> Undefined property: stdClass::$status
#0 D:\Kuliah\Smt 6\pemweb framework\uas\uaswf\app\Views\admin\acc.php(33): CodeIgniter\Debug\Exceptions->errorHandler(2, 'Undefined prope...', 'D:\\Kuliah\\Smt 6...', 33)
#1 D:\Kuliah\Smt 6\pemweb framework\uas\uaswf\system\View\View.php(210): include('D:\\Kuliah\\Smt 6...')
#2 D:\Kuliah\Smt 6\pemweb framework\uas\uaswf\system\View\View.php(213): CodeIgniter\View\View->CodeIgniter\View\{closure}()
#3 D:\Kuliah\Smt 6\pemweb framework\uas\uaswf\system\Common.php(1089): CodeIgniter\View\View->render('/admin/acc', Array, true)
#4 D:\Kuliah\Smt 6\pemweb framework\uas\uaswf\app\Controllers\Admin.php(223): view('/admin/acc', Array)
#5 D:\Kuliah\Smt 6\pemweb framework\uas\uaswf\system\CodeIgniter.php(832): App\Controllers\Admin->acc()
#6 D:\Kuliah\Smt 6\pemweb framework\uas\uaswf\system\CodeIgniter.php(419): CodeIgniter\CodeIgniter->runController(Object(App\Controllers\Admin))
#7 D:\Kuliah\Smt 6\pemweb framework\uas\uaswf\system\CodeIgniter.php(326): CodeIgniter\CodeIgniter->handleRequest(NULL, Object(Config\Cache), false)
#8 D:\Kuliah\Smt 6\pemweb framework\uas\uaswf\public\index.php(37): CodeIgniter\CodeIgniter->run()
#9 D:\Kuliah\Smt 6\pemweb framework\uas\uaswf\system\Commands\Server\rewrite.php(43): require_once('D:\\Kuliah\\Smt 6...')
#10 {main}
CRITICAL - 2022-06-25 05:01:03 --> Array to string conversion
#0 D:\Kuliah\Smt 6\pemweb framework\uas\uaswf\app\Controllers\Admin.php(222): CodeIgniter\Debug\Exceptions->errorHandler(2, 'Array to string...', 'D:\\Kuliah\\Smt 6...', 222)
#1 D:\Kuliah\Smt 6\pemweb framework\uas\uaswf\system\CodeIgniter.php(832): App\Controllers\Admin->acc()
#2 D:\Kuliah\Smt 6\pemweb framework\uas\uaswf\system\CodeIgniter.php(419): CodeIgniter\CodeIgniter->runController(Object(App\Controllers\Admin))
#3 D:\Kuliah\Smt 6\pemweb framework\uas\uaswf\system\CodeIgniter.php(326): CodeIgniter\CodeIgniter->handleRequest(NULL, Object(Config\Cache), false)
#4 D:\Kuliah\Smt 6\pemweb framework\uas\uaswf\public\index.php(37): CodeIgniter\CodeIgniter->run()
#5 D:\Kuliah\Smt 6\pemweb framework\uas\uaswf\system\Commands\Server\rewrite.php(43): require_once('D:\\Kuliah\\Smt 6...')
#6 {main}
CRITICAL - 2022-06-25 05:01:20 --> Undefined property: stdClass::$status
#0 D:\Kuliah\Smt 6\pemweb framework\uas\uaswf\app\Views\admin\acc.php(33): CodeIgniter\Debug\Exceptions->errorHandler(2, 'Undefined prope...', 'D:\\Kuliah\\Smt 6...', 33)
#1 D:\Kuliah\Smt 6\pemweb framework\uas\uaswf\system\View\View.php(210): include('D:\\Kuliah\\Smt 6...')
#2 D:\Kuliah\Smt 6\pemweb framework\uas\uaswf\system\View\View.php(213): CodeIgniter\View\View->CodeIgniter\View\{closure}()
#3 D:\Kuliah\Smt 6\pemweb framework\uas\uaswf\system\Common.php(1089): CodeIgniter\View\View->render('/admin/acc', Array, true)
#4 D:\Kuliah\Smt 6\pemweb framework\uas\uaswf\app\Controllers\Admin.php(224): view('/admin/acc', Array)
#5 D:\Kuliah\Smt 6\pemweb framework\uas\uaswf\system\CodeIgniter.php(832): App\Controllers\Admin->acc()
#6 D:\Kuliah\Smt 6\pemweb framework\uas\uaswf\system\CodeIgniter.php(419): CodeIgniter\CodeIgniter->runController(Object(App\Controllers\Admin))
#7 D:\Kuliah\Smt 6\pemweb framework\uas\uaswf\system\CodeIgniter.php(326): CodeIgniter\CodeIgniter->handleRequest(NULL, Object(Config\Cache), false)
#8 D:\Kuliah\Smt 6\pemweb framework\uas\uaswf\public\index.php(37): CodeIgniter\CodeIgniter->run()
#9 D:\Kuliah\Smt 6\pemweb framework\uas\uaswf\system\Commands\Server\rewrite.php(43): require_once('D:\\Kuliah\\Smt 6...')
#10 {main}
CRITICAL - 2022-06-25 05:02:07 --> Undefined property: stdClass::$status
#0 D:\Kuliah\Smt 6\pemweb framework\uas\uaswf\app\Views\admin\acc.php(33): CodeIgniter\Debug\Exceptions->errorHandler(2, 'Undefined prope...', 'D:\\Kuliah\\Smt 6...', 33)
#1 D:\Kuliah\Smt 6\pemweb framework\uas\uaswf\system\View\View.php(210): include('D:\\Kuliah\\Smt 6...')
#2 D:\Kuliah\Smt 6\pemweb framework\uas\uaswf\system\View\View.php(213): CodeIgniter\View\View->CodeIgniter\View\{closure}()
#3 D:\Kuliah\Smt 6\pemweb framework\uas\uaswf\system\Common.php(1089): CodeIgniter\View\View->render('/admin/acc', Array, true)
#4 D:\Kuliah\Smt 6\pemweb framework\uas\uaswf\app\Controllers\Admin.php(224): view('/admin/acc', Array)
#5 D:\Kuliah\Smt 6\pemweb framework\uas\uaswf\system\CodeIgniter.php(832): App\Controllers\Admin->acc()
#6 D:\Kuliah\Smt 6\pemweb framework\uas\uaswf\system\CodeIgniter.php(419): CodeIgniter\CodeIgniter->runController(Object(App\Controllers\Admin))
#7 D:\Kuliah\Smt 6\pemweb framework\uas\uaswf\system\CodeIgniter.php(326): CodeIgniter\CodeIgniter->handleRequest(NULL, Object(Config\Cache), false)
#8 D:\Kuliah\Smt 6\pemweb framework\uas\uaswf\public\index.php(37): CodeIgniter\CodeIgniter->run()
#9 D:\Kuliah\Smt 6\pemweb framework\uas\uaswf\system\Commands\Server\rewrite.php(43): require_once('D:\\Kuliah\\Smt 6...')
#10 {main}
CRITICAL - 2022-06-25 05:02:11 --> Undefined property: stdClass::$status
#0 D:\Kuliah\Smt 6\pemweb framework\uas\uaswf\app\Views\admin\acc.php(33): CodeIgniter\Debug\Exceptions->errorHandler(2, 'Undefined prope...', 'D:\\Kuliah\\Smt 6...', 33)
#1 D:\Kuliah\Smt 6\pemweb framework\uas\uaswf\system\View\View.php(210): include('D:\\Kuliah\\Smt 6...')
#2 D:\Kuliah\Smt 6\pemweb framework\uas\uaswf\system\View\View.php(213): CodeIgniter\View\View->CodeIgniter\View\{closure}()
#3 D:\Kuliah\Smt 6\pemweb framework\uas\uaswf\system\Common.php(1089): CodeIgniter\View\View->render('/admin/acc', Array, true)
#4 D:\Kuliah\Smt 6\pemweb framework\uas\uaswf\app\Controllers\Admin.php(224): view('/admin/acc', Array)
#5 D:\Kuliah\Smt 6\pemweb framework\uas\uaswf\system\CodeIgniter.php(832): App\Controllers\Admin->acc()
#6 D:\Kuliah\Smt 6\pemweb framework\uas\uaswf\system\CodeIgniter.php(419): CodeIgniter\CodeIgniter->runController(Object(App\Controllers\Admin))
#7 D:\Kuliah\Smt 6\pemweb framework\uas\uaswf\system\CodeIgniter.php(326): CodeIgniter\CodeIgniter->handleRequest(NULL, Object(Config\Cache), false)
#8 D:\Kuliah\Smt 6\pemweb framework\uas\uaswf\public\index.php(37): CodeIgniter\CodeIgniter->run()
#9 D:\Kuliah\Smt 6\pemweb framework\uas\uaswf\system\Commands\Server\rewrite.php(43): require_once('D:\\Kuliah\\Smt 6...')
#10 {main}
CRITICAL - 2022-06-25 05:03:05 --> Undefined property: stdClass::$status
#0 D:\Kuliah\Smt 6\pemweb framework\uas\uaswf\app\Views\admin\acc.php(33): CodeIgniter\Debug\Exceptions->errorHandler(2, 'Undefined prope...', 'D:\\Kuliah\\Smt 6...', 33)
#1 D:\Kuliah\Smt 6\pemweb framework\uas\uaswf\system\View\View.php(210): include('D:\\Kuliah\\Smt 6...')
#2 D:\Kuliah\Smt 6\pemweb framework\uas\uaswf\system\View\View.php(213): CodeIgniter\View\View->CodeIgniter\View\{closure}()
#3 D:\Kuliah\Smt 6\pemweb framework\uas\uaswf\system\Common.php(1089): CodeIgniter\View\View->render('/admin/acc', Array, true)
#4 D:\Kuliah\Smt 6\pemweb framework\uas\uaswf\app\Controllers\Admin.php(224): view('/admin/acc', Array)
#5 D:\Kuliah\Smt 6\pemweb framework\uas\uaswf\system\CodeIgniter.php(832): App\Controllers\Admin->acc()
#6 D:\Kuliah\Smt 6\pemweb framework\uas\uaswf\system\CodeIgniter.php(419): CodeIgniter\CodeIgniter->runController(Object(App\Controllers\Admin))
#7 D:\Kuliah\Smt 6\pemweb framework\uas\uaswf\system\CodeIgniter.php(326): CodeIgniter\CodeIgniter->handleRequest(NULL, Object(Config\Cache), false)
#8 D:\Kuliah\Smt 6\pemweb framework\uas\uaswf\public\index.php(37): CodeIgniter\CodeIgniter->run()
#9 D:\Kuliah\Smt 6\pemweb framework\uas\uaswf\system\Commands\Server\rewrite.php(43): require_once('D:\\Kuliah\\Smt 6...')
#10 {main}
ERROR - 2022-06-25 05:03:20 --> Error connecting to the database: No connection could be made because the target machine actively refused it
CRITICAL - 2022-06-25 05:03:20 --> Unable to connect to the database.
Main connection [MySQLi]: No connection could be made because the target machine actively refused it
#0 D:\Kuliah\Smt 6\pemweb framework\uas\uaswf\system\Database\BaseConnection.php(577): CodeIgniter\Database\BaseConnection->initialize()
#1 D:\Kuliah\Smt 6\pemweb framework\uas\uaswf\system\Database\BaseBuilder.php(1455): CodeIgniter\Database\BaseConnection->query('SELECT *\nFROM `...', Array, false)
#2 D:\Kuliah\Smt 6\pemweb framework\uas\uaswf\system\Model.php(142): CodeIgniter\Database\BaseBuilder->get()
#3 D:\Kuliah\Smt 6\pemweb framework\uas\uaswf\system\BaseModel.php(523): CodeIgniter\Model->doFind(true, '44')
#4 D:\Kuliah\Smt 6\pemweb framework\uas\uaswf\vendor\myth\auth\src\Authentication\AuthenticationBase.php(137): CodeIgniter\BaseModel->find('44')
#5 D:\Kuliah\Smt 6\pemweb framework\uas\uaswf\vendor\myth\auth\src\Authentication\LocalAuthenticator.php(70): Myth\Auth\Authentication\AuthenticationBase->isLoggedIn()
#6 D:\Kuliah\Smt 6\pemweb framework\uas\uaswf\vendor\myth\auth\src\Filters\LoginFilter.php(44): Myth\Auth\Authentication\LocalAuthenticator->check()
#7 D:\Kuliah\Smt 6\pemweb framework\uas\uaswf\system\Filters\Filters.php(173): Myth\Auth\Filters\LoginFilter->before(Object(CodeIgniter\HTTP\IncomingRequest), NULL)
#8 D:\Kuliah\Smt 6\pemweb framework\uas\uaswf\system\CodeIgniter.php(393): CodeIgniter\Filters\Filters->run('admin/acc', 'before')
#9 D:\Kuliah\Smt 6\pemweb framework\uas\uaswf\system\CodeIgniter.php(326): CodeIgniter\CodeIgniter->handleRequest(NULL, Object(Config\Cache), false)
#10 D:\Kuliah\Smt 6\pemweb framework\uas\uaswf\public\index.php(37): CodeIgniter\CodeIgniter->run()
#11 D:\Kuliah\Smt 6\pemweb framework\uas\uaswf\system\Commands\Server\rewrite.php(43): require_once('D:\\Kuliah\\Smt 6...')
#12 {main}
ERROR - 2022-06-25 05:06:28 --> Error connecting to the database: No connection could be made because the target machine actively refused it
CRITICAL - 2022-06-25 05:06:28 --> Unable to connect to the database.
Main connection [MySQLi]: No connection could be made because the target machine actively refused it
#0 D:\Kuliah\Smt 6\pemweb framework\uas\uaswf\system\Database\BaseConnection.php(577): CodeIgniter\Database\BaseConnection->initialize()
#1 D:\Kuliah\Smt 6\pemweb framework\uas\uaswf\system\Database\BaseBuilder.php(1455): CodeIgniter\Database\BaseConnection->query('SELECT *\nFROM `...', Array, false)
#2 D:\Kuliah\Smt 6\pemweb framework\uas\uaswf\system\Model.php(142): CodeIgniter\Database\BaseBuilder->get()
#3 D:\Kuliah\Smt 6\pemweb framework\uas\uaswf\system\BaseModel.php(523): CodeIgniter\Model->doFind(true, '44')
#4 D:\Kuliah\Smt 6\pemweb framework\uas\uaswf\vendor\myth\auth\src\Authentication\AuthenticationBase.php(137): CodeIgniter\BaseModel->find('44')
#5 D:\Kuliah\Smt 6\pemweb framework\uas\uaswf\vendor\myth\auth\src\Authentication\LocalAuthenticator.php(70): Myth\Auth\Authentication\AuthenticationBase->isLoggedIn()
#6 D:\Kuliah\Smt 6\pemweb framework\uas\uaswf\vendor\myth\auth\src\Filters\LoginFilter.php(44): Myth\Auth\Authentication\LocalAuthenticator->check()
#7 D:\Kuliah\Smt 6\pemweb framework\uas\uaswf\system\Filters\Filters.php(173): Myth\Auth\Filters\LoginFilter->before(Object(CodeIgniter\HTTP\IncomingRequest), NULL)
#8 D:\Kuliah\Smt 6\pemweb framework\uas\uaswf\system\CodeIgniter.php(393): CodeIgniter\Filters\Filters->run('admin/acc', 'before')
#9 D:\Kuliah\Smt 6\pemweb framework\uas\uaswf\system\CodeIgniter.php(326): CodeIgniter\CodeIgniter->handleRequest(NULL, Object(Config\Cache), false)
#10 D:\Kuliah\Smt 6\pemweb framework\uas\uaswf\public\index.php(37): CodeIgniter\CodeIgniter->run()
#11 D:\Kuliah\Smt 6\pemweb framework\uas\uaswf\system\Commands\Server\rewrite.php(43): require_once('D:\\Kuliah\\Smt 6...')
#12 {main}
ERROR - 2022-06-25 05:06:52 --> Error connecting to the database: No connection could be made because the target machine actively refused it
CRITICAL - 2022-06-25 05:06:52 --> Unable to connect to the database.
Main connection [MySQLi]: No connection could be made because the target machine actively refused it
#0 D:\Kuliah\Smt 6\pemweb framework\uas\uaswf\system\Database\BaseConnection.php(577): CodeIgniter\Database\BaseConnection->initialize()
#1 D:\Kuliah\Smt 6\pemweb framework\uas\uaswf\system\Database\BaseBuilder.php(1455): CodeIgniter\Database\BaseConnection->query('SELECT *\nFROM `...', Array, false)
#2 D:\Kuliah\Smt 6\pemweb framework\uas\uaswf\system\Model.php(142): CodeIgniter\Database\BaseBuilder->get()
#3 D:\Kuliah\Smt 6\pemweb framework\uas\uaswf\system\BaseModel.php(523): CodeIgniter\Model->doFind(true, '44')
#4 D:\Kuliah\Smt 6\pemweb framework\uas\uaswf\vendor\myth\auth\src\Authentication\AuthenticationBase.php(137): CodeIgniter\BaseModel->find('44')
#5 D:\Kuliah\Smt 6\pemweb framework\uas\uaswf\vendor\myth\auth\src\Authentication\LocalAuthenticator.php(70): Myth\Auth\Authentication\AuthenticationBase->isLoggedIn()
#6 D:\Kuliah\Smt 6\pemweb framework\uas\uaswf\vendor\myth\auth\src\Filters\LoginFilter.php(44): Myth\Auth\Authentication\LocalAuthenticator->check()
#7 D:\Kuliah\Smt 6\pemweb framework\uas\uaswf\system\Filters\Filters.php(173): Myth\Auth\Filters\LoginFilter->before(Object(CodeIgniter\HTTP\IncomingRequest), NULL)
#8 D:\Kuliah\Smt 6\pemweb framework\uas\uaswf\system\CodeIgniter.php(393): CodeIgniter\Filters\Filters->run('admin/acc', 'before')
#9 D:\Kuliah\Smt 6\pemweb framework\uas\uaswf\system\CodeIgniter.php(326): CodeIgniter\CodeIgniter->handleRequest(NULL, Object(Config\Cache), false)
#10 D:\Kuliah\Smt 6\pemweb framework\uas\uaswf\public\index.php(37): CodeIgniter\CodeIgniter->run()
#11 D:\Kuliah\Smt 6\pemweb framework\uas\uaswf\system\Commands\Server\rewrite.php(43): require_once('D:\\Kuliah\\Smt 6...')
#12 {main}
ERROR - 2022-06-25 05:08:31 --> Error connecting to the database: No connection could be made because the target machine actively refused it
CRITICAL - 2022-06-25 05:08:31 --> Unable to connect to the database.
Main connection [MySQLi]: No connection could be made because the target machine actively refused it
#0 D:\Kuliah\Smt 6\pemweb framework\uas\uaswf\system\Database\BaseConnection.php(577): CodeIgniter\Database\BaseConnection->initialize()
#1 D:\Kuliah\Smt 6\pemweb framework\uas\uaswf\system\Database\BaseBuilder.php(1455): CodeIgniter\Database\BaseConnection->query('SELECT *\nFROM `...', Array, false)
#2 D:\Kuliah\Smt 6\pemweb framework\uas\uaswf\system\Model.php(142): CodeIgniter\Database\BaseBuilder->get()
#3 D:\Kuliah\Smt 6\pemweb framework\uas\uaswf\system\BaseModel.php(523): CodeIgniter\Model->doFind(true, '44')
#4 D:\Kuliah\Smt 6\pemweb framework\uas\uaswf\vendor\myth\auth\src\Authentication\AuthenticationBase.php(137): CodeIgniter\BaseModel->find('44')
#5 D:\Kuliah\Smt 6\pemweb framework\uas\uaswf\vendor\myth\auth\src\Authentication\LocalAuthenticator.php(70): Myth\Auth\Authentication\AuthenticationBase->isLoggedIn()
#6 D:\Kuliah\Smt 6\pemweb framework\uas\uaswf\vendor\myth\auth\src\Filters\LoginFilter.php(44): Myth\Auth\Authentication\LocalAuthenticator->check()
#7 D:\Kuliah\Smt 6\pemweb framework\uas\uaswf\system\Filters\Filters.php(173): Myth\Auth\Filters\LoginFilter->before(Object(CodeIgniter\HTTP\IncomingRequest), NULL)
#8 D:\Kuliah\Smt 6\pemweb framework\uas\uaswf\system\CodeIgniter.php(393): CodeIgniter\Filters\Filters->run('admin/acc', 'before')
#9 D:\Kuliah\Smt 6\pemweb framework\uas\uaswf\system\CodeIgniter.php(326): CodeIgniter\CodeIgniter->handleRequest(NULL, Object(Config\Cache), false)
#10 D:\Kuliah\Smt 6\pemweb framework\uas\uaswf\public\index.php(37): CodeIgniter\CodeIgniter->run()
#11 D:\Kuliah\Smt 6\pemweb framework\uas\uaswf\system\Commands\Server\rewrite.php(43): require_once('D:\\Kuliah\\Smt 6...')
#12 {main}
ERROR - 2022-06-25 05:09:14 --> Error connecting to the database: No connection could be made because the target machine actively refused it
CRITICAL - 2022-06-25 05:09:14 --> Unable to connect to the database.
Main connection [MySQLi]: No connection could be made because the target machine actively refused it
#0 D:\Kuliah\Smt 6\pemweb framework\uas\uaswf\system\Database\BaseConnection.php(577): CodeIgniter\Database\BaseConnection->initialize()
#1 D:\Kuliah\Smt 6\pemweb framework\uas\uaswf\system\Database\BaseBuilder.php(1455): CodeIgniter\Database\BaseConnection->query('SELECT *\nFROM `...', Array, false)
#2 D:\Kuliah\Smt 6\pemweb framework\uas\uaswf\system\Model.php(142): CodeIgniter\Database\BaseBuilder->get()
#3 D:\Kuliah\Smt 6\pemweb framework\uas\uaswf\system\BaseModel.php(523): CodeIgniter\Model->doFind(true, '44')
#4 D:\Kuliah\Smt 6\pemweb framework\uas\uaswf\vendor\myth\auth\src\Authentication\AuthenticationBase.php(137): CodeIgniter\BaseModel->find('44')
#5 D:\Kuliah\Smt 6\pemweb framework\uas\uaswf\vendor\myth\auth\src\Authentication\LocalAuthenticator.php(70): Myth\Auth\Authentication\AuthenticationBase->isLoggedIn()
#6 D:\Kuliah\Smt 6\pemweb framework\uas\uaswf\vendor\myth\auth\src\Filters\LoginFilter.php(44): Myth\Auth\Authentication\LocalAuthenticator->check()
#7 D:\Kuliah\Smt 6\pemweb framework\uas\uaswf\system\Filters\Filters.php(173): Myth\Auth\Filters\LoginFilter->before(Object(CodeIgniter\HTTP\IncomingRequest), NULL)
#8 D:\Kuliah\Smt 6\pemweb framework\uas\uaswf\system\CodeIgniter.php(393): CodeIgniter\Filters\Filters->run('admin/acc', 'before')
#9 D:\Kuliah\Smt 6\pemweb framework\uas\uaswf\system\CodeIgniter.php(326): CodeIgniter\CodeIgniter->handleRequest(NULL, Object(Config\Cache), false)
#10 D:\Kuliah\Smt 6\pemweb framework\uas\uaswf\public\index.php(37): CodeIgniter\CodeIgniter->run()
#11 D:\Kuliah\Smt 6\pemweb framework\uas\uaswf\system\Commands\Server\rewrite.php(43): require_once('D:\\Kuliah\\Smt 6...')
#12 {main}
ERROR - 2022-06-25 05:11:37 --> Error connecting to the database: No connection could be made because the target machine actively refused it
CRITICAL - 2022-06-25 05:11:37 --> Unable to connect to the database.
Main connection [MySQLi]: No connection could be made because the target machine actively refused it
#0 D:\Kuliah\Smt 6\pemweb framework\uas\uaswf\system\Database\BaseConnection.php(577): CodeIgniter\Database\BaseConnection->initialize()
#1 D:\Kuliah\Smt 6\pemweb framework\uas\uaswf\system\Database\BaseBuilder.php(1455): CodeIgniter\Database\BaseConnection->query('SELECT *\nFROM `...', Array, false)
#2 D:\Kuliah\Smt 6\pemweb framework\uas\uaswf\system\Model.php(142): CodeIgniter\Database\BaseBuilder->get()
#3 D:\Kuliah\Smt 6\pemweb framework\uas\uaswf\system\BaseModel.php(523): CodeIgniter\Model->doFind(true, '44')
#4 D:\Kuliah\Smt 6\pemweb framework\uas\uaswf\vendor\myth\auth\src\Authentication\AuthenticationBase.php(137): CodeIgniter\BaseModel->find('44')
#5 D:\Kuliah\Smt 6\pemweb framework\uas\uaswf\vendor\myth\auth\src\Authentication\LocalAuthenticator.php(70): Myth\Auth\Authentication\AuthenticationBase->isLoggedIn()
#6 D:\Kuliah\Smt 6\pemweb framework\uas\uaswf\vendor\myth\auth\src\Filters\LoginFilter.php(44): Myth\Auth\Authentication\LocalAuthenticator->check()
#7 D:\Kuliah\Smt 6\pemweb framework\uas\uaswf\system\Filters\Filters.php(173): Myth\Auth\Filters\LoginFilter->before(Object(CodeIgniter\HTTP\IncomingRequest), NULL)
#8 D:\Kuliah\Smt 6\pemweb framework\uas\uaswf\system\CodeIgniter.php(393): CodeIgniter\Filters\Filters->run('admin/acc', 'before')
#9 D:\Kuliah\Smt 6\pemweb framework\uas\uaswf\system\CodeIgniter.php(326): CodeIgniter\CodeIgniter->handleRequest(NULL, Object(Config\Cache), false)
#10 D:\Kuliah\Smt 6\pemweb framework\uas\uaswf\public\index.php(37): CodeIgniter\CodeIgniter->run()
#11 D:\Kuliah\Smt 6\pemweb framework\uas\uaswf\system\Commands\Server\rewrite.php(43): require_once('D:\\Kuliah\\Smt 6...')
#12 {main}
CRITICAL - 2022-06-25 05:37:02 --> Undefined property: stdClass::$status
#0 D:\Kuliah\Smt 6\pemweb framework\uas\uaswf\app\Views\admin\acc.php(33): CodeIgniter\Debug\Exceptions->errorHandler(2, 'Undefined prope...', 'D:\\Kuliah\\Smt 6...', 33)
#1 D:\Kuliah\Smt 6\pemweb framework\uas\uaswf\system\View\View.php(210): include('D:\\Kuliah\\Smt 6...')
#2 D:\Kuliah\Smt 6\pemweb framework\uas\uaswf\system\View\View.php(213): CodeIgniter\View\View->CodeIgniter\View\{closure}()
#3 D:\Kuliah\Smt 6\pemweb framework\uas\uaswf\system\Common.php(1089): CodeIgniter\View\View->render('/admin/acc', Array, true)
#4 D:\Kuliah\Smt 6\pemweb framework\uas\uaswf\app\Controllers\Admin.php(224): view('/admin/acc', Array)
#5 D:\Kuliah\Smt 6\pemweb framework\uas\uaswf\system\CodeIgniter.php(832): App\Controllers\Admin->acc()
#6 D:\Kuliah\Smt 6\pemweb framework\uas\uaswf\system\CodeIgniter.php(419): CodeIgniter\CodeIgniter->runController(Object(App\Controllers\Admin))
#7 D:\Kuliah\Smt 6\pemweb framework\uas\uaswf\system\CodeIgniter.php(326): CodeIgniter\CodeIgniter->handleRequest(NULL, Object(Config\Cache), false)
#8 D:\Kuliah\Smt 6\pemweb framework\uas\uaswf\public\index.php(37): CodeIgniter\CodeIgniter->run()
#9 D:\Kuliah\Smt 6\pemweb framework\uas\uaswf\system\Commands\Server\rewrite.php(43): require_once('D:\\Kuliah\\Smt 6...')
#10 {main}
CRITICAL - 2022-06-25 05:37:27 --> Undefined property: stdClass::$status
#0 D:\Kuliah\Smt 6\pemweb framework\uas\uaswf\app\Views\admin\acc.php(33): CodeIgniter\Debug\Exceptions->errorHandler(2, 'Undefined prope...', 'D:\\Kuliah\\Smt 6...', 33)
#1 D:\Kuliah\Smt 6\pemweb framework\uas\uaswf\system\View\View.php(210): include('D:\\Kuliah\\Smt 6...')
#2 D:\Kuliah\Smt 6\pemweb framework\uas\uaswf\system\View\View.php(213): CodeIgniter\View\View->CodeIgniter\View\{closure}()
#3 D:\Kuliah\Smt 6\pemweb framework\uas\uaswf\system\Common.php(1089): CodeIgniter\View\View->render('/admin/acc', Array, true)
#4 D:\Kuliah\Smt 6\pemweb framework\uas\uaswf\app\Controllers\Admin.php(224): view('/admin/acc', Array)
#5 D:\Kuliah\Smt 6\pemweb framework\uas\uaswf\system\CodeIgniter.php(832): App\Controllers\Admin->acc()
#6 D:\Kuliah\Smt 6\pemweb framework\uas\uaswf\system\CodeIgniter.php(419): CodeIgniter\CodeIgniter->runController(Object(App\Controllers\Admin))
#7 D:\Kuliah\Smt 6\pemweb framework\uas\uaswf\system\CodeIgniter.php(326): CodeIgniter\CodeIgniter->handleRequest(NULL, Object(Config\Cache), false)
#8 D:\Kuliah\Smt 6\pemweb framework\uas\uaswf\public\index.php(37): CodeIgniter\CodeIgniter->run()
#9 D:\Kuliah\Smt 6\pemweb framework\uas\uaswf\system\Commands\Server\rewrite.php(43): require_once('D:\\Kuliah\\Smt 6...')
#10 {main}
CRITICAL - 2022-06-25 05:40:03 --> Undefined property: stdClass::$status
#0 D:\Kuliah\Smt 6\pemweb framework\uas\uaswf\app\Views\admin\acc.php(33): CodeIgniter\Debug\Exceptions->errorHandler(2, 'Undefined prope...', 'D:\\Kuliah\\Smt 6...', 33)
#1 D:\Kuliah\Smt 6\pemweb framework\uas\uaswf\system\View\View.php(210): include('D:\\Kuliah\\Smt 6...')
#2 D:\Kuliah\Smt 6\pemweb framework\uas\uaswf\system\View\View.php(213): CodeIgniter\View\View->CodeIgniter\View\{closure}()
#3 D:\Kuliah\Smt 6\pemweb framework\uas\uaswf\system\Common.php(1089): CodeIgniter\View\View->render('/admin/acc', Array, true)
#4 D:\Kuliah\Smt 6\pemweb framework\uas\uaswf\app\Controllers\Admin.php(224): view('/admin/acc', Array)
#5 D:\Kuliah\Smt 6\pemweb framework\uas\uaswf\system\CodeIgniter.php(832): App\Controllers\Admin->acc()
#6 D:\Kuliah\Smt 6\pemweb framework\uas\uaswf\system\CodeIgniter.php(419): CodeIgniter\CodeIgniter->runController(Object(App\Controllers\Admin))
#7 D:\Kuliah\Smt 6\pemweb framework\uas\uaswf\system\CodeIgniter.php(326): CodeIgniter\CodeIgniter->handleRequest(NULL, Object(Config\Cache), false)
#8 D:\Kuliah\Smt 6\pemweb framework\uas\uaswf\public\index.php(37): CodeIgniter\CodeIgniter->run()
#9 D:\Kuliah\Smt 6\pemweb framework\uas\uaswf\system\Commands\Server\rewrite.php(43): require_once('D:\\Kuliah\\Smt 6...')
#10 {main}
CRITICAL - 2022-06-25 10:12:54 --> Undefined property: App\Controllers\Admin::$status
#0 D:\Kuliah\Smt 6\pemweb framework\uas\uaswf\app\Controllers\Admin.php(228): CodeIgniter\Debug\Exceptions->errorHandler(2, 'Undefined prope...', 'D:\\Kuliah\\Smt 6...', 228)
#1 D:\Kuliah\Smt 6\pemweb framework\uas\uaswf\system\CodeIgniter.php(832): App\Controllers\Admin->accept('24')
#2 D:\Kuliah\Smt 6\pemweb framework\uas\uaswf\system\CodeIgniter.php(419): CodeIgniter\CodeIgniter->runController(Object(App\Controllers\Admin))
#3 D:\Kuliah\Smt 6\pemweb framework\uas\uaswf\system\CodeIgniter.php(326): CodeIgniter\CodeIgniter->handleRequest(NULL, Object(Config\Cache), false)
#4 D:\Kuliah\Smt 6\pemweb framework\uas\uaswf\public\index.php(37): CodeIgniter\CodeIgniter->run()
#5 D:\Kuliah\Smt 6\pemweb framework\uas\uaswf\system\Commands\Server\rewrite.php(43): require_once('D:\\Kuliah\\Smt 6...')
#6 {main}
CRITICAL - 2022-06-25 10:13:15 --> Undefined property: App\Controllers\Admin::$status
#0 D:\Kuliah\Smt 6\pemweb framework\uas\uaswf\app\Controllers\Admin.php(228): CodeIgniter\Debug\Exceptions->errorHandler(2, 'Undefined prope...', 'D:\\Kuliah\\Smt 6...', 228)
#1 D:\Kuliah\Smt 6\pemweb framework\uas\uaswf\system\CodeIgniter.php(832): App\Controllers\Admin->accept('24')
#2 D:\Kuliah\Smt 6\pemweb framework\uas\uaswf\system\CodeIgniter.php(419): CodeIgniter\CodeIgniter->runController(Object(App\Controllers\Admin))
#3 D:\Kuliah\Smt 6\pemweb framework\uas\uaswf\system\CodeIgniter.php(326): CodeIgniter\CodeIgniter->handleRequest(NULL, Object(Config\Cache), false)
#4 D:\Kuliah\Smt 6\pemweb framework\uas\uaswf\public\index.php(37): CodeIgniter\CodeIgniter->run()
#5 D:\Kuliah\Smt 6\pemweb framework\uas\uaswf\system\Commands\Server\rewrite.php(43): require_once('D:\\Kuliah\\Smt 6...')
#6 {main}
CRITICAL - 2022-06-25 10:13:25 --> Undefined variable $status
#0 D:\Kuliah\Smt 6\pemweb framework\uas\uaswf\app\Views\admin\acc.php(32): CodeIgniter\Debug\Exceptions->errorHandler(2, 'Undefined varia...', 'D:\\Kuliah\\Smt 6...', 32)
#1 D:\Kuliah\Smt 6\pemweb framework\uas\uaswf\system\View\View.php(210): include('D:\\Kuliah\\Smt 6...')
#2 D:\Kuliah\Smt 6\pemweb framework\uas\uaswf\system\View\View.php(213): CodeIgniter\View\View->CodeIgniter\View\{closure}()
#3 D:\Kuliah\Smt 6\pemweb framework\uas\uaswf\system\Common.php(1089): CodeIgniter\View\View->render('/admin/acc', Array, true)
#4 D:\Kuliah\Smt 6\pemweb framework\uas\uaswf\app\Controllers\Admin.php(223): view('/admin/acc', Array)
#5 D:\Kuliah\Smt 6\pemweb framework\uas\uaswf\system\CodeIgniter.php(832): App\Controllers\Admin->acc()
#6 D:\Kuliah\Smt 6\pemweb framework\uas\uaswf\system\CodeIgniter.php(419): CodeIgniter\CodeIgniter->runController(Object(App\Controllers\Admin))
#7 D:\Kuliah\Smt 6\pemweb framework\uas\uaswf\system\CodeIgniter.php(326): CodeIgniter\CodeIgniter->handleRequest(NULL, Object(Config\Cache), false)
#8 D:\Kuliah\Smt 6\pemweb framework\uas\uaswf\public\index.php(37): CodeIgniter\CodeIgniter->run()
#9 D:\Kuliah\Smt 6\pemweb framework\uas\uaswf\system\Commands\Server\rewrite.php(43): require_once('D:\\Kuliah\\Smt 6...')
#10 {main}
