CRITICAL - 2022-06-09 00:21:02 --> Invalid file: login.php
#0 C:\Users\ASUS\Documents\tugas\tugas web framework\UAS2\system\View\View.php(198): CodeIgniter\Exceptions\FrameworkException::forInvalidFile('login.php')
#1 C:\Users\ASUS\Documents\tugas\tugas web framework\UAS2\system\Common.php(1089): CodeIgniter\View\View->render('login', Array, true)
#2 C:\Users\ASUS\Documents\tugas\tugas web framework\UAS2\app\Controllers\Home.php(9): view('login')
#3 C:\Users\ASUS\Documents\tugas\tugas web framework\UAS2\system\CodeIgniter.php(832): App\Controllers\Home->index()
#4 C:\Users\ASUS\Documents\tugas\tugas web framework\UAS2\system\CodeIgniter.php(419): CodeIgniter\CodeIgniter->runController(Object(App\Controllers\Home))
#5 C:\Users\ASUS\Documents\tugas\tugas web framework\UAS2\system\CodeIgniter.php(326): CodeIgniter\CodeIgniter->handleRequest(NULL, Object(Config\Cache), false)
#6 C:\Users\ASUS\Documents\tugas\tugas web framework\UAS2\public\index.php(37): CodeIgniter\CodeIgniter->run()
#7 C:\Users\ASUS\Documents\tugas\tugas web framework\UAS2\system\Commands\Server\rewrite.php(43): require_once('C:\\Users\\ASUS\\D...')
#8 {main}
CRITICAL - 2022-06-09 00:44:44 --> Undefined variable: nama
#0 C:\Users\ASUS\Documents\tugas\tugas web framework\UAS2\app\Views\user\index.php(10): CodeIgniter\Debug\Exceptions->errorHandler(8, 'Undefined varia...', 'C:\\Users\\ASUS\\D...', 10, Array)
#1 C:\Users\ASUS\Documents\tugas\tugas web framework\UAS2\system\View\View.php(210): include('C:\\Users\\ASUS\\D...')
#2 C:\Users\ASUS\Documents\tugas\tugas web framework\UAS2\system\View\View.php(213): CodeIgniter\View\View->CodeIgniter\View\{closure}()
#3 C:\Users\ASUS\Documents\tugas\tugas web framework\UAS2\system\Common.php(1089): CodeIgniter\View\View->render('user/index', Array, true)
#4 C:\Users\ASUS\Documents\tugas\tugas web framework\UAS2\app\Controllers\User.php(9): view('user/index')
#5 C:\Users\ASUS\Documents\tugas\tugas web framework\UAS2\system\CodeIgniter.php(832): App\Controllers\User->index()
#6 C:\Users\ASUS\Documents\tugas\tugas web framework\UAS2\system\CodeIgniter.php(419): CodeIgniter\CodeIgniter->runController(Object(App\Controllers\User))
#7 C:\Users\ASUS\Documents\tugas\tugas web framework\UAS2\system\CodeIgniter.php(326): CodeIgniter\CodeIgniter->handleRequest(NULL, Object(Config\Cache), false)
#8 C:\Users\ASUS\Documents\tugas\tugas web framework\UAS2\public\index.php(37): CodeIgniter\CodeIgniter->run()
#9 C:\Users\ASUS\Documents\tugas\tugas web framework\UAS2\system\Commands\Server\rewrite.php(43): require_once('C:\\Users\\ASUS\\D...')
#10 {main}
CRITICAL - 2022-06-09 00:57:50 --> You do not have sufficient permissions to access that page.
#0 C:\Users\ASUS\Documents\tugas\tugas web framework\UAS2\system\Filters\Filters.php(173): Myth\Auth\Filters\RoleFilter->before(Object(CodeIgniter\HTTP\IncomingRequest), Array)
#1 C:\Users\ASUS\Documents\tugas\tugas web framework\UAS2\system\CodeIgniter.php(393): CodeIgniter\Filters\Filters->run('admin/index', 'before')
#2 C:\Users\ASUS\Documents\tugas\tugas web framework\UAS2\system\CodeIgniter.php(326): CodeIgniter\CodeIgniter->handleRequest(NULL, Object(Config\Cache), false)
#3 C:\Users\ASUS\Documents\tugas\tugas web framework\UAS2\public\index.php(37): CodeIgniter\CodeIgniter->run()
#4 C:\Users\ASUS\Documents\tugas\tugas web framework\UAS2\system\Commands\Server\rewrite.php(43): require_once('C:\\Users\\ASUS\\D...')
#5 {main}
CRITICAL - 2022-06-09 00:57:59 --> You do not have sufficient permissions to access that page.
#0 C:\Users\ASUS\Documents\tugas\tugas web framework\UAS2\system\Filters\Filters.php(173): Myth\Auth\Filters\RoleFilter->before(Object(CodeIgniter\HTTP\IncomingRequest), Array)
#1 C:\Users\ASUS\Documents\tugas\tugas web framework\UAS2\system\CodeIgniter.php(393): CodeIgniter\Filters\Filters->run('admin/index', 'before')
#2 C:\Users\ASUS\Documents\tugas\tugas web framework\UAS2\system\CodeIgniter.php(326): CodeIgniter\CodeIgniter->handleRequest(NULL, Object(Config\Cache), false)
#3 C:\Users\ASUS\Documents\tugas\tugas web framework\UAS2\public\index.php(37): CodeIgniter\CodeIgniter->run()
#4 C:\Users\ASUS\Documents\tugas\tugas web framework\UAS2\system\Commands\Server\rewrite.php(43): require_once('C:\\Users\\ASUS\\D...')
#5 {main}
CRITICAL - 2022-06-09 02:12:00 --> Call to a member function getName() on null
#0 C:\Users\ASUS\Documents\tugas\tugas web framework\UAS2\system\CodeIgniter.php(832): Myth\Auth\Controllers\AuthController->attemptRegister()
#1 C:\Users\ASUS\Documents\tugas\tugas web framework\UAS2\system\CodeIgniter.php(419): CodeIgniter\CodeIgniter->runController(Object(Myth\Auth\Controllers\AuthController))
#2 C:\Users\ASUS\Documents\tugas\tugas web framework\UAS2\system\CodeIgniter.php(326): CodeIgniter\CodeIgniter->handleRequest(NULL, Object(Config\Cache), false)
#3 C:\Users\ASUS\Documents\tugas\tugas web framework\UAS2\public\index.php(37): CodeIgniter\CodeIgniter->run()
#4 C:\Users\ASUS\Documents\tugas\tugas web framework\UAS2\system\Commands\Server\rewrite.php(43): require_once('C:\\Users\\ASUS\\D...')
#5 {main}
CRITICAL - 2022-06-09 02:13:07 --> Undefined variable: namaavatar
#0 C:\Users\ASUS\Documents\tugas\tugas web framework\UAS2\vendor\myth\auth\src\Controllers\AuthController.php(224): CodeIgniter\Debug\Exceptions->errorHandler(8, 'Undefined varia...', 'C:\\Users\\ASUS\\D...', 224, Array)
#1 C:\Users\ASUS\Documents\tugas\tugas web framework\UAS2\system\CodeIgniter.php(832): Myth\Auth\Controllers\AuthController->attemptRegister()
#2 C:\Users\ASUS\Documents\tugas\tugas web framework\UAS2\system\CodeIgniter.php(419): CodeIgniter\CodeIgniter->runController(Object(Myth\Auth\Controllers\AuthController))
#3 C:\Users\ASUS\Documents\tugas\tugas web framework\UAS2\system\CodeIgniter.php(326): CodeIgniter\CodeIgniter->handleRequest(NULL, Object(Config\Cache), false)
#4 C:\Users\ASUS\Documents\tugas\tugas web framework\UAS2\public\index.php(37): CodeIgniter\CodeIgniter->run()
#5 C:\Users\ASUS\Documents\tugas\tugas web framework\UAS2\system\Commands\Server\rewrite.php(43): require_once('C:\\Users\\ASUS\\D...')
#6 {main}
CRITICAL - 2022-06-09 02:24:01 --> Users must be created before getting permissions.
#0 C:\Users\ASUS\Documents\tugas\tugas web framework\UAS2\system\Entity\Entity.php(490): Myth\Auth\Entities\User->getPermissions()
#1 C:\Users\ASUS\Documents\tugas\tugas web framework\UAS2\vendor\myth\auth\src\Authentication\Passwords\NothingPersonalValidator.php(105): CodeIgniter\Entity\Entity->__get('permissions')
#2 C:\Users\ASUS\Documents\tugas\tugas web framework\UAS2\vendor\myth\auth\src\Authentication\Passwords\NothingPersonalValidator.php(39): Myth\Auth\Authentication\Passwords\NothingPersonalValidator->isNotPersonal('diodio2012', Object(Myth\Auth\Entities\User))
#3 C:\Users\ASUS\Documents\tugas\tugas web framework\UAS2\vendor\myth\auth\src\Authentication\Passwords\PasswordValidator.php(55): Myth\Auth\Authentication\Passwords\NothingPersonalValidator->check('diodio2012', Object(Myth\Auth\Entities\User))
#4 C:\Users\ASUS\Documents\tugas\tugas web framework\UAS2\vendor\myth\auth\src\Authentication\Passwords\ValidationRules.php(45): Myth\Auth\Authentication\Passwords\PasswordValidator->check('diodio2012', Object(Myth\Auth\Entities\User))
#5 C:\Users\ASUS\Documents\tugas\tugas web framework\UAS2\system\Validation\Validation.php(291): Myth\Auth\Authentication\Passwords\ValidationRules->strong_password('diodio2012', NULL)
#6 C:\Users\ASUS\Documents\tugas\tugas web framework\UAS2\system\Validation\Validation.php(157): CodeIgniter\Validation\Validation->processRules('password', 'password', 'diodio2012', Array, Array)
#7 C:\Users\ASUS\Documents\tugas\tugas web framework\UAS2\system\Controller.php(160): CodeIgniter\Validation\Validation->run()
#8 C:\Users\ASUS\Documents\tugas\tugas web framework\UAS2\vendor\myth\auth\src\Controllers\AuthController.php(199): CodeIgniter\Controller->validate(Array)
#9 C:\Users\ASUS\Documents\tugas\tugas web framework\UAS2\system\CodeIgniter.php(832): Myth\Auth\Controllers\AuthController->attemptRegister()
#10 C:\Users\ASUS\Documents\tugas\tugas web framework\UAS2\system\CodeIgniter.php(419): CodeIgniter\CodeIgniter->runController(Object(Myth\Auth\Controllers\AuthController))
#11 C:\Users\ASUS\Documents\tugas\tugas web framework\UAS2\system\CodeIgniter.php(326): CodeIgniter\CodeIgniter->handleRequest(NULL, Object(Config\Cache), false)
#12 C:\Users\ASUS\Documents\tugas\tugas web framework\UAS2\public\index.php(37): CodeIgniter\CodeIgniter->run()
#13 C:\Users\ASUS\Documents\tugas\tugas web framework\UAS2\system\Commands\Server\rewrite.php(43): require_once('C:\\Users\\ASUS\\D...')
#14 {main}
CRITICAL - 2022-06-09 02:25:21 --> Users must be created before getting permissions.
#0 C:\Users\ASUS\Documents\tugas\tugas web framework\UAS2\system\Entity\Entity.php(490): Myth\Auth\Entities\User->getPermissions()
#1 C:\Users\ASUS\Documents\tugas\tugas web framework\UAS2\vendor\myth\auth\src\Authentication\Passwords\NothingPersonalValidator.php(105): CodeIgniter\Entity\Entity->__get('permissions')
#2 C:\Users\ASUS\Documents\tugas\tugas web framework\UAS2\vendor\myth\auth\src\Authentication\Passwords\NothingPersonalValidator.php(39): Myth\Auth\Authentication\Passwords\NothingPersonalValidator->isNotPersonal('diodio2012', Object(Myth\Auth\Entities\User))
#3 C:\Users\ASUS\Documents\tugas\tugas web framework\UAS2\vendor\myth\auth\src\Authentication\Passwords\PasswordValidator.php(55): Myth\Auth\Authentication\Passwords\NothingPersonalValidator->check('diodio2012', Object(Myth\Auth\Entities\User))
#4 C:\Users\ASUS\Documents\tugas\tugas web framework\UAS2\vendor\myth\auth\src\Authentication\Passwords\ValidationRules.php(45): Myth\Auth\Authentication\Passwords\PasswordValidator->check('diodio2012', Object(Myth\Auth\Entities\User))
#5 C:\Users\ASUS\Documents\tugas\tugas web framework\UAS2\system\Validation\Validation.php(291): Myth\Auth\Authentication\Passwords\ValidationRules->strong_password('diodio2012', NULL)
#6 C:\Users\ASUS\Documents\tugas\tugas web framework\UAS2\system\Validation\Validation.php(157): CodeIgniter\Validation\Validation->processRules('password', 'password', 'diodio2012', Array, Array)
#7 C:\Users\ASUS\Documents\tugas\tugas web framework\UAS2\system\Controller.php(160): CodeIgniter\Validation\Validation->run()
#8 C:\Users\ASUS\Documents\tugas\tugas web framework\UAS2\vendor\myth\auth\src\Controllers\AuthController.php(199): CodeIgniter\Controller->validate(Array)
#9 C:\Users\ASUS\Documents\tugas\tugas web framework\UAS2\system\CodeIgniter.php(832): Myth\Auth\Controllers\AuthController->attemptRegister()
#10 C:\Users\ASUS\Documents\tugas\tugas web framework\UAS2\system\CodeIgniter.php(419): CodeIgniter\CodeIgniter->runController(Object(Myth\Auth\Controllers\AuthController))
#11 C:\Users\ASUS\Documents\tugas\tugas web framework\UAS2\system\CodeIgniter.php(326): CodeIgniter\CodeIgniter->handleRequest(NULL, Object(Config\Cache), false)
#12 C:\Users\ASUS\Documents\tugas\tugas web framework\UAS2\public\index.php(37): CodeIgniter\CodeIgniter->run()
#13 C:\Users\ASUS\Documents\tugas\tugas web framework\UAS2\system\Commands\Server\rewrite.php(43): require_once('C:\\Users\\ASUS\\D...')
#14 {main}
CRITICAL - 2022-06-09 02:25:44 --> Users must be created before getting permissions.
#0 C:\Users\ASUS\Documents\tugas\tugas web framework\UAS2\system\Entity\Entity.php(490): Myth\Auth\Entities\User->getPermissions()
#1 C:\Users\ASUS\Documents\tugas\tugas web framework\UAS2\vendor\myth\auth\src\Authentication\Passwords\NothingPersonalValidator.php(105): CodeIgniter\Entity\Entity->__get('permissions')
#2 C:\Users\ASUS\Documents\tugas\tugas web framework\UAS2\vendor\myth\auth\src\Authentication\Passwords\NothingPersonalValidator.php(39): Myth\Auth\Authentication\Passwords\NothingPersonalValidator->isNotPersonal('rastafara', Object(Myth\Auth\Entities\User))
#3 C:\Users\ASUS\Documents\tugas\tugas web framework\UAS2\vendor\myth\auth\src\Authentication\Passwords\PasswordValidator.php(55): Myth\Auth\Authentication\Passwords\NothingPersonalValidator->check('rastafara', Object(Myth\Auth\Entities\User))
#4 C:\Users\ASUS\Documents\tugas\tugas web framework\UAS2\vendor\myth\auth\src\Authentication\Passwords\ValidationRules.php(45): Myth\Auth\Authentication\Passwords\PasswordValidator->check('rastafara', Object(Myth\Auth\Entities\User))
#5 C:\Users\ASUS\Documents\tugas\tugas web framework\UAS2\system\Validation\Validation.php(291): Myth\Auth\Authentication\Passwords\ValidationRules->strong_password('rastafara', NULL)
#6 C:\Users\ASUS\Documents\tugas\tugas web framework\UAS2\system\Validation\Validation.php(157): CodeIgniter\Validation\Validation->processRules('password', 'password', 'rastafara', Array, Array)
#7 C:\Users\ASUS\Documents\tugas\tugas web framework\UAS2\system\Controller.php(160): CodeIgniter\Validation\Validation->run()
#8 C:\Users\ASUS\Documents\tugas\tugas web framework\UAS2\vendor\myth\auth\src\Controllers\AuthController.php(199): CodeIgniter\Controller->validate(Array)
#9 C:\Users\ASUS\Documents\tugas\tugas web framework\UAS2\system\CodeIgniter.php(832): Myth\Auth\Controllers\AuthController->attemptRegister()
#10 C:\Users\ASUS\Documents\tugas\tugas web framework\UAS2\system\CodeIgniter.php(419): CodeIgniter\CodeIgniter->runController(Object(Myth\Auth\Controllers\AuthController))
#11 C:\Users\ASUS\Documents\tugas\tugas web framework\UAS2\system\CodeIgniter.php(326): CodeIgniter\CodeIgniter->handleRequest(NULL, Object(Config\Cache), false)
#12 C:\Users\ASUS\Documents\tugas\tugas web framework\UAS2\public\index.php(37): CodeIgniter\CodeIgniter->run()
#13 C:\Users\ASUS\Documents\tugas\tugas web framework\UAS2\system\Commands\Server\rewrite.php(43): require_once('C:\\Users\\ASUS\\D...')
#14 {main}
